#
# There is insufficient memory for the Java Runtime Environment to continue.
# Native memory allocation (malloc) failed to allocate 1045216 bytes for Chunk::new
# Possible reasons:
#   The system is out of physical RAM or swap space
#   The process is running with CompressedOops enabled, and the Java Heap may be blocking the growth of the native heap
# Possible solutions:
#   Reduce memory load on the system
#   Increase physical memory or swap space
#   Check if swap backing store is full
#   Decrease Java heap size (-Xmx/-Xms)
#   Decrease number of Java threads
#   Decrease Java thread stack sizes (-Xss)
#   Set larger code cache with -XX:ReservedCodeCacheSize=
#   JVM is running with Unscaled Compressed Oops mode in which the Java heap is
#     placed in the first 4GB address space. The Java Heap base address is the
#     maximum limit for the native heap growth. Please use -XX:HeapBaseMinAddress
#     to set the Java Heap base and to place the Java Heap above 4GB virtual address.
# This output file may be truncated or incomplete.
#
#  Out of Memory Error (./open/src/hotspot/share/memory/arena.cpp:197), pid=60288, tid=63124
#
# JRE version: Java(TM) SE Runtime Environment 18.9 (11.0.7+8) (build 11.0.7+8-LTS)
# Java VM: Java HotSpot(TM) 64-Bit Server VM 18.9 (11.0.7+8-LTS, mixed mode, tiered, compressed oops, g1 gc, windows-amd64)
# No core dump will be written. Minidumps are not enabled by default on client versions of Windows
#

---------------  S U M M A R Y ------------

Command Line: -ea -Didea.test.cyclic.buffer.size=1048576 -javaagent:C:\Program Files\JetBrains\IntelliJ IDEA Community Edition 2020.2.3\lib\idea_rt.jar=54367:C:\Program Files\JetBrains\IntelliJ IDEA Community Edition 2020.2.3\bin -Dfile.encoding=UTF-8 com.intellij.rt.junit.JUnitStarter -ideVersion5 -junit5 com.direa.zuul.ZuulApplicationTests

Host: Intel(R) Core(TM) i7-6500U CPU @ 2.50GHz, 4 cores, 7G,  Windows 10 , 64 bit Build 19041 (10.0.19041.546)
Time: Wed Nov 18 10:00:01 2020 대한민국 표준시 elapsed time: 47 seconds (0d 0h 0m 47s)

---------------  T H R E A D  ---------------

Current thread (0x00000240581c9000):  JavaThread "C2 CompilerThread0" daemon [_thread_in_native, id=63124, stack(0x000000e700200000,0x000000e700300000)]


Current CompileTask:
C2:  47989 8366   !   4       com.sun.beans.introspect.ClassInfo::getMethods (47 bytes)

Stack: [0x000000e700200000,0x000000e700300000]
Native frames: (J=compiled Java code, j=interpreted, Vv=VM code, C=native code)
V  [jvm.dll+0x661a7a]
V  [jvm.dll+0x7a1b2f]
V  [jvm.dll+0x7a31d5]
V  [jvm.dll+0x7a3843]
V  [jvm.dll+0x25f1a8]
V  [jvm.dll+0xc2441]
V  [jvm.dll+0xc29cc]
V  [jvm.dll+0x2d0f84]
V  [jvm.dll+0x57d74f]
V  [jvm.dll+0x21a83f]
V  [jvm.dll+0x217766]
V  [jvm.dll+0x19407c]
V  [jvm.dll+0x226c74]
V  [jvm.dll+0x224e98]
V  [jvm.dll+0x765e25]
V  [jvm.dll+0x75e875]
V  [jvm.dll+0x660b26]
C  [ucrtbase.dll+0x214c2]
C  [KERNEL32.DLL+0x17034]
C  [ntdll.dll+0x4cec1]


---------------  P R O C E S S  ---------------

Threads class SMR info:
_java_thread_list=0x000002405b45f0f0, length=17, elements={
0x0000024039532800, 0x000002405794c800, 0x000002405794d800, 0x00000240581c5800,
0x00000240581c7000, 0x00000240581c9000, 0x0000024058226000, 0x0000024058233000,
0x0000024058461800, 0x00000240584f9800, 0x000002405853a000, 0x0000024059c52800,
0x000002405a92e800, 0x000002405b14b000, 0x000002405b14a800, 0x000002405b14c000,
0x000002405b14c800
}

Java Threads: ( => current thread )
  0x0000024039532800 JavaThread "main" [_thread_in_Java, id=59748, stack(0x000000e77f700000,0x000000e77f800000)]
  0x000002405794c800 JavaThread "Reference Handler" daemon [_thread_blocked, id=384, stack(0x000000e77fe00000,0x000000e77ff00000)]
  0x000002405794d800 JavaThread "Finalizer" daemon [_thread_blocked, id=56076, stack(0x000000e77ff00000,0x000000e780000000)]
  0x00000240581c5800 JavaThread "Signal Dispatcher" daemon [_thread_blocked, id=62824, stack(0x000000e700000000,0x000000e700100000)]
  0x00000240581c7000 JavaThread "Attach Listener" daemon [_thread_blocked, id=60904, stack(0x000000e700100000,0x000000e700200000)]
=>0x00000240581c9000 JavaThread "C2 CompilerThread0" daemon [_thread_in_native, id=63124, stack(0x000000e700200000,0x000000e700300000)]
  0x0000024058226000 JavaThread "C1 CompilerThread0" daemon [_thread_blocked, id=33072, stack(0x000000e700300000,0x000000e700400000)]
  0x0000024058233000 JavaThread "Sweeper thread" daemon [_thread_blocked, id=17380, stack(0x000000e700400000,0x000000e700500000)]
  0x0000024058461800 JavaThread "Common-Cleaner" daemon [_thread_blocked, id=62988, stack(0x000000e700500000,0x000000e700600000)]
  0x00000240584f9800 JavaThread "Monitor Ctrl-Break" daemon [_thread_in_native, id=49628, stack(0x000000e700600000,0x000000e700700000)]
  0x000002405853a000 JavaThread "Service Thread" daemon [_thread_blocked, id=26920, stack(0x000000e700700000,0x000000e700800000)]
  0x0000024059c52800 JavaThread "Keep-Alive-Timer" daemon [_thread_blocked, id=15968, stack(0x000000e700d00000,0x000000e700e00000)]
  0x000002405a92e800 JavaThread "RxIoScheduler-1 (Evictor)" daemon [_thread_blocked, id=60712, stack(0x000000e700f00000,0x000000e701000000)]
  0x000002405b14b000 JavaThread "spring.cloud.inetutils" daemon [_thread_blocked, id=60844, stack(0x000000e701100000,0x000000e701200000)]
  0x000002405b14a800 JavaThread "Catalina-utility-1" [_thread_blocked, id=63192, stack(0x000000e701200000,0x000000e701300000)]
  0x000002405b14c000 JavaThread "Catalina-utility-2" [_thread_blocked, id=54160, stack(0x000000e701300000,0x000000e701400000)]
  0x000002405b14c800 JavaThread "container-3" [_thread_blocked, id=35916, stack(0x000000e701400000,0x000000e701500000)]

Other Threads:
  0x0000024057926800 VMThread "VM Thread" [stack: 0x000000e77fd00000,0x000000e77fe00000] [id=47332]
  0x000002405853e000 WatcherThread [stack: 0x000000e700800000,0x000000e700900000] [id=43564]
  0x000002403954a800 GCTaskThread "GC Thread#0" [stack: 0x000000e77f800000,0x000000e77f900000] [id=63804]
  0x000002405885e800 GCTaskThread "GC Thread#1" [stack: 0x000000e700900000,0x000000e700a00000] [id=64096]
  0x0000024058bdf800 GCTaskThread "GC Thread#2" [stack: 0x000000e700a00000,0x000000e700b00000] [id=64384]
  0x000002405a934800 GCTaskThread "GC Thread#3" [stack: 0x000000e700c00000,0x000000e700d00000] [id=65528]
  0x000002403957a800 ConcurrentGCThread "G1 Main Marker" [stack: 0x000000e77f900000,0x000000e77fa00000] [id=58732]
  0x000002403957d000 ConcurrentGCThread "G1 Conc#0" [stack: 0x000000e77fa00000,0x000000e77fb00000] [id=63356]
  0x000002405778e800 ConcurrentGCThread "G1 Refine#0" [stack: 0x000000e77fb00000,0x000000e77fc00000] [id=48340]
  0x000002405778f000 ConcurrentGCThread "G1 Young RemSet Sampling" [stack: 0x000000e77fc00000,0x000000e77fd00000] [id=15264]

Threads with active compile tasks:
C2 CompilerThread08366   !   4       com.sun.beans.introspect.ClassInfo::getMethods (47 bytes)

VM state:not at safepoint (normal execution)

VM Mutex/Monitor currently owned by a thread: None

Heap address: 0x0000000081c00000, size: 2020 MB, Compressed Oops mode: 32-bit
Narrow klass base: 0x0000000000000000, Narrow klass shift: 3
Compressed class space size: 1073741824 Address: 0x0000000100000000

Heap:
 garbage-first heap   total 131072K, used 85283K [0x0000000081c00000, 0x0000000100000000)
  region size 1024K, 38 young (38912K), 5 survivors (5120K)
 Metaspace       used 67779K, capacity 69656K, committed 69836K, reserved 1110016K
  class space    used 8392K, capacity 9163K, committed 9164K, reserved 1048576K
Heap Regions: E=young(eden), S=young(survivor), O=old, HS=humongous(starts), HC=humongous(continues), CS=collection set, F=free, A=archive, TAMS=top-at-mark-start (previous, next)
|   0|0x0000000081c00000, 0x0000000081d00000, 0x0000000081d00000|100%| O|  |TAMS 0x0000000081d00000, 0x0000000081c00000| Untracked 
|   1|0x0000000081d00000, 0x0000000081e00000, 0x0000000081e00000|100%| O|  |TAMS 0x0000000081e00000, 0x0000000081d00000| Untracked 
|   2|0x0000000081e00000, 0x0000000081f00000, 0x0000000081f00000|100%| O|  |TAMS 0x0000000081f00000, 0x0000000081e00000| Untracked 
|   3|0x0000000081f00000, 0x0000000082000000, 0x0000000082000000|100%| O|  |TAMS 0x0000000082000000, 0x0000000081f00000| Untracked 
|   4|0x0000000082000000, 0x0000000082100000, 0x0000000082100000|100%| O|  |TAMS 0x0000000082100000, 0x0000000082000000| Untracked 
|   5|0x0000000082100000, 0x0000000082200000, 0x0000000082200000|100%| O|  |TAMS 0x0000000082200000, 0x0000000082100000| Untracked 
|   6|0x0000000082200000, 0x0000000082300000, 0x0000000082300000|100%| O|  |TAMS 0x0000000082300000, 0x0000000082200000| Untracked 
|   7|0x0000000082300000, 0x0000000082400000, 0x0000000082400000|100%| O|  |TAMS 0x0000000082400000, 0x0000000082300000| Untracked 
|   8|0x0000000082400000, 0x0000000082500000, 0x0000000082500000|100%| O|  |TAMS 0x0000000082500000, 0x0000000082400000| Untracked 
|   9|0x0000000082500000, 0x0000000082600000, 0x0000000082600000|100%| O|  |TAMS 0x0000000082600000, 0x0000000082500000| Untracked 
|  10|0x0000000082600000, 0x0000000082700000, 0x0000000082700000|100%| O|  |TAMS 0x0000000082700000, 0x0000000082600000| Untracked 
|  11|0x0000000082700000, 0x0000000082800000, 0x0000000082800000|100%| O|  |TAMS 0x0000000082800000, 0x0000000082700000| Untracked 
|  12|0x0000000082800000, 0x0000000082900000, 0x0000000082900000|100%| O|  |TAMS 0x0000000082900000, 0x0000000082800000| Untracked 
|  13|0x0000000082900000, 0x0000000082a00000, 0x0000000082a00000|100%| O|  |TAMS 0x0000000082a00000, 0x0000000082900000| Untracked 
|  14|0x0000000082a00000, 0x0000000082b00000, 0x0000000082b00000|100%| O|  |TAMS 0x0000000082b00000, 0x0000000082a00000| Untracked 
|  15|0x0000000082b00000, 0x0000000082c00000, 0x0000000082c00000|100%| O|  |TAMS 0x0000000082c00000, 0x0000000082b00000| Untracked 
|  16|0x0000000082c00000, 0x0000000082d00000, 0x0000000082d00000|100%| O|  |TAMS 0x0000000082d00000, 0x0000000082c00000| Untracked 
|  17|0x0000000082d00000, 0x0000000082e00000, 0x0000000082e00000|100%| O|  |TAMS 0x0000000082e00000, 0x0000000082d00000| Untracked 
|  18|0x0000000082e00000, 0x0000000082f00000, 0x0000000082f00000|100%| O|  |TAMS 0x0000000082f00000, 0x0000000082e00000| Untracked 
|  19|0x0000000082f00000, 0x0000000083000000, 0x0000000083000000|100%| O|  |TAMS 0x0000000083000000, 0x0000000082f00000| Untracked 
|  20|0x0000000083000000, 0x0000000083100000, 0x0000000083100000|100%| O|  |TAMS 0x0000000083100000, 0x0000000083000000| Untracked 
|  21|0x0000000083100000, 0x0000000083200000, 0x0000000083200000|100%| O|  |TAMS 0x0000000083200000, 0x0000000083100000| Untracked 
|  22|0x0000000083200000, 0x0000000083300000, 0x0000000083300000|100%| O|  |TAMS 0x0000000083300000, 0x0000000083200000| Untracked 
|  23|0x0000000083300000, 0x0000000083400000, 0x0000000083400000|100%| O|  |TAMS 0x0000000083400000, 0x0000000083300000| Untracked 
|  24|0x0000000083400000, 0x0000000083500000, 0x0000000083500000|100%| O|  |TAMS 0x0000000083500000, 0x0000000083400000| Untracked 
|  25|0x0000000083500000, 0x0000000083600000, 0x0000000083600000|100%| O|  |TAMS 0x0000000083600000, 0x0000000083500000| Untracked 
|  26|0x0000000083600000, 0x0000000083600000, 0x0000000083700000|  0%| F|  |TAMS 0x0000000083600000, 0x0000000083600000| Untracked 
|  27|0x0000000083700000, 0x0000000083800000, 0x0000000083800000|100%| O|  |TAMS 0x0000000083800000, 0x0000000083700000| Untracked 
|  28|0x0000000083800000, 0x0000000083900000, 0x0000000083900000|100%| O|  |TAMS 0x0000000083900000, 0x0000000083800000| Untracked 
|  29|0x0000000083900000, 0x0000000083a00000, 0x0000000083a00000|100%| O|  |TAMS 0x0000000083a00000, 0x0000000083900000| Untracked 
|  30|0x0000000083a00000, 0x0000000083b00000, 0x0000000083b00000|100%| O|  |TAMS 0x0000000083a00000, 0x0000000083a00000| Untracked 
|  31|0x0000000083b00000, 0x0000000083c00000, 0x0000000083c00000|100%| O|  |TAMS 0x0000000083c00000, 0x0000000083b00000| Untracked 
|  32|0x0000000083c00000, 0x0000000083c00000, 0x0000000083d00000|  0%| F|  |TAMS 0x0000000083c00000, 0x0000000083c00000| Untracked 
|  33|0x0000000083d00000, 0x0000000083d8de00, 0x0000000083e00000| 55%| O|  |TAMS 0x0000000083d00000, 0x0000000083d00000| Untracked 
|  34|0x0000000083e00000, 0x0000000083f00000, 0x0000000083f00000|100%| O|  |TAMS 0x0000000083f00000, 0x0000000083e00000| Untracked 
|  35|0x0000000083f00000, 0x0000000084000000, 0x0000000084000000|100%| O|  |TAMS 0x0000000084000000, 0x0000000083f00000| Untracked 
|  36|0x0000000084000000, 0x0000000084100000, 0x0000000084100000|100%| O|  |TAMS 0x0000000084100000, 0x0000000084000000| Untracked 
|  37|0x0000000084100000, 0x0000000084200000, 0x0000000084200000|100%| O|  |TAMS 0x0000000084200000, 0x0000000084100000| Untracked 
|  38|0x0000000084200000, 0x0000000084300000, 0x0000000084300000|100%| O|  |TAMS 0x0000000084300000, 0x0000000084200000| Untracked 
|  39|0x0000000084300000, 0x0000000084300000, 0x0000000084400000|  0%| F|  |TAMS 0x0000000084300000, 0x0000000084300000| Untracked 
|  40|0x0000000084400000, 0x0000000084400000, 0x0000000084500000|  0%| F|  |TAMS 0x0000000084400000, 0x0000000084400000| Untracked 
|  41|0x0000000084500000, 0x0000000084500000, 0x0000000084600000|  0%| F|  |TAMS 0x0000000084500000, 0x0000000084500000| Untracked 
|  42|0x0000000084600000, 0x0000000084600000, 0x0000000084700000|  0%| F|  |TAMS 0x0000000084600000, 0x0000000084600000| Untracked 
|  43|0x0000000084700000, 0x0000000084700000, 0x0000000084800000|  0%| F|  |TAMS 0x0000000084700000, 0x0000000084700000| Untracked 
|  44|0x0000000084800000, 0x0000000084800000, 0x0000000084900000|  0%| F|  |TAMS 0x0000000084800000, 0x0000000084800000| Untracked 
|  45|0x0000000084900000, 0x0000000084900000, 0x0000000084a00000|  0%| F|  |TAMS 0x0000000084900000, 0x0000000084900000| Untracked 
|  46|0x0000000084a00000, 0x0000000084b00000, 0x0000000084b00000|100%| O|  |TAMS 0x0000000084a00000, 0x0000000084a00000| Untracked 
|  47|0x0000000084b00000, 0x0000000084b00000, 0x0000000084c00000|  0%| F|  |TAMS 0x0000000084b00000, 0x0000000084b00000| Untracked 
|  48|0x0000000084c00000, 0x0000000084c00000, 0x0000000084d00000|  0%| F|  |TAMS 0x0000000084c00000, 0x0000000084c00000| Untracked 
|  49|0x0000000084d00000, 0x0000000084e00000, 0x0000000084e00000|100%| O|  |TAMS 0x0000000084e00000, 0x0000000084d00000| Untracked 
|  50|0x0000000084e00000, 0x0000000084f00000, 0x0000000084f00000|100%| O|  |TAMS 0x0000000084f00000, 0x0000000084e00000| Untracked 
|  51|0x0000000084f00000, 0x0000000085000000, 0x0000000085000000|100%| O|  |TAMS 0x0000000085000000, 0x0000000084f00000| Untracked 
|  52|0x0000000085000000, 0x0000000085000000, 0x0000000085100000|  0%| F|  |TAMS 0x0000000085000000, 0x0000000085000000| Untracked 
|  53|0x0000000085100000, 0x0000000085100000, 0x0000000085200000|  0%| F|  |TAMS 0x0000000085100000, 0x0000000085100000| Untracked 
|  54|0x0000000085200000, 0x0000000085200000, 0x0000000085300000|  0%| F|  |TAMS 0x0000000085200000, 0x0000000085200000| Untracked 
|  55|0x0000000085300000, 0x0000000085300000, 0x0000000085400000|  0%| F|  |TAMS 0x0000000085300000, 0x0000000085300000| Untracked 
|  56|0x0000000085400000, 0x0000000085400000, 0x0000000085500000|  0%| F|  |TAMS 0x0000000085400000, 0x0000000085400000| Untracked 
|  57|0x0000000085500000, 0x0000000085500000, 0x0000000085600000|  0%| F|  |TAMS 0x0000000085500000, 0x0000000085500000| Untracked 
|  58|0x0000000085600000, 0x0000000085700000, 0x0000000085700000|100%| O|  |TAMS 0x00000000856ab000, 0x0000000085600000| Untracked 
|  59|0x0000000085700000, 0x0000000085800000, 0x0000000085800000|100%| O|  |TAMS 0x0000000085700000, 0x0000000085700000| Untracked 
|  60|0x0000000085800000, 0x0000000085900000, 0x0000000085900000|100%| O|  |TAMS 0x0000000085800000, 0x0000000085800000| Untracked 
|  61|0x0000000085900000, 0x0000000085a00000, 0x0000000085a00000|100%| O|  |TAMS 0x0000000085900000, 0x0000000085900000| Untracked 
|  62|0x0000000085a00000, 0x0000000085b00000, 0x0000000085b00000|100%| O|  |TAMS 0x0000000085a00000, 0x0000000085a00000| Untracked 
|  63|0x0000000085b00000, 0x0000000085c00000, 0x0000000085c00000|100%| O|  |TAMS 0x0000000085b00000, 0x0000000085b00000| Untracked 
|  64|0x0000000085c00000, 0x0000000085cbb140, 0x0000000085d00000| 73%| S|CS|TAMS 0x0000000085c00000, 0x0000000085c00000| Complete 
|  65|0x0000000085d00000, 0x0000000085e00000, 0x0000000085e00000|100%| S|CS|TAMS 0x0000000085d00000, 0x0000000085d00000| Complete 
|  66|0x0000000085e00000, 0x0000000085f00000, 0x0000000085f00000|100%| S|CS|TAMS 0x0000000085e00000, 0x0000000085e00000| Complete 
|  67|0x0000000085f00000, 0x0000000085f00000, 0x0000000086000000|  0%| F|  |TAMS 0x0000000085f00000, 0x0000000085f00000| Untracked 
|  68|0x0000000086000000, 0x0000000086000000, 0x0000000086100000|  0%| F|  |TAMS 0x0000000086000000, 0x0000000086000000| Untracked 
|  69|0x0000000086100000, 0x0000000086100000, 0x0000000086200000|  0%| F|  |TAMS 0x0000000086100000, 0x0000000086100000| Untracked 
|  70|0x0000000086200000, 0x0000000086300000, 0x0000000086300000|100%| S|CS|TAMS 0x0000000086200000, 0x0000000086200000| Complete 
|  71|0x0000000086300000, 0x0000000086400000, 0x0000000086400000|100%| S|CS|TAMS 0x0000000086300000, 0x0000000086300000| Complete 
|  72|0x0000000086400000, 0x0000000086400000, 0x0000000086500000|  0%| F|  |TAMS 0x0000000086400000, 0x0000000086400000| Untracked 
|  73|0x0000000086500000, 0x0000000086500000, 0x0000000086600000|  0%| F|  |TAMS 0x0000000086500000, 0x0000000086500000| Untracked 
|  74|0x0000000086600000, 0x0000000086600000, 0x0000000086700000|  0%| F|  |TAMS 0x0000000086600000, 0x0000000086600000| Untracked 
|  75|0x0000000086700000, 0x0000000086700000, 0x0000000086800000|  0%| F|  |TAMS 0x0000000086700000, 0x0000000086700000| Untracked 
|  76|0x0000000086800000, 0x0000000086800000, 0x0000000086900000|  0%| F|  |TAMS 0x0000000086800000, 0x0000000086800000| Untracked 
|  77|0x0000000086900000, 0x0000000086900000, 0x0000000086a00000|  0%| F|  |TAMS 0x0000000086900000, 0x0000000086900000| Untracked 
|  78|0x0000000086a00000, 0x0000000086a00000, 0x0000000086b00000|  0%| F|  |TAMS 0x0000000086a00000, 0x0000000086a00000| Untracked 
|  79|0x0000000086b00000, 0x0000000086b00000, 0x0000000086c00000|  0%| F|  |TAMS 0x0000000086b00000, 0x0000000086b00000| Untracked 
|  80|0x0000000086c00000, 0x0000000086c00000, 0x0000000086d00000|  0%| F|  |TAMS 0x0000000086c00000, 0x0000000086c00000| Untracked 
|  81|0x0000000086d00000, 0x0000000086d00000, 0x0000000086e00000|  0%| F|  |TAMS 0x0000000086d00000, 0x0000000086d00000| Untracked 
|  82|0x0000000086e00000, 0x0000000086e00000, 0x0000000086f00000|  0%| F|  |TAMS 0x0000000086e00000, 0x0000000086e00000| Untracked 
|  83|0x0000000086f00000, 0x0000000086f00000, 0x0000000087000000|  0%| F|  |TAMS 0x0000000086f00000, 0x0000000086f00000| Untracked 
|  84|0x0000000087000000, 0x0000000087000000, 0x0000000087100000|  0%| F|  |TAMS 0x0000000087000000, 0x0000000087000000| Untracked 
|  85|0x0000000087100000, 0x0000000087100000, 0x0000000087200000|  0%| F|  |TAMS 0x0000000087100000, 0x0000000087100000| Untracked 
|  86|0x0000000087200000, 0x0000000087200000, 0x0000000087300000|  0%| F|  |TAMS 0x0000000087200000, 0x0000000087200000| Untracked 
|  87|0x0000000087300000, 0x0000000087300000, 0x0000000087400000|  0%| F|  |TAMS 0x0000000087300000, 0x0000000087300000| Untracked 
|  88|0x0000000087400000, 0x0000000087400000, 0x0000000087500000|  0%| F|  |TAMS 0x0000000087400000, 0x0000000087400000| Untracked 
|  89|0x0000000087500000, 0x0000000087500000, 0x0000000087600000|  0%| F|  |TAMS 0x0000000087500000, 0x0000000087500000| Untracked 
|  90|0x0000000087600000, 0x0000000087600000, 0x0000000087700000|  0%| F|  |TAMS 0x0000000087600000, 0x0000000087600000| Untracked 
|  91|0x0000000087700000, 0x0000000087700000, 0x0000000087800000|  0%| F|  |TAMS 0x0000000087700000, 0x0000000087700000| Untracked 
|  92|0x0000000087800000, 0x0000000087800000, 0x0000000087900000|  0%| F|  |TAMS 0x0000000087800000, 0x0000000087800000| Untracked 
|  93|0x0000000087900000, 0x0000000087900000, 0x0000000087a00000|  0%| F|  |TAMS 0x0000000087900000, 0x0000000087900000| Untracked 
|  94|0x0000000087a00000, 0x0000000087a00000, 0x0000000087b00000|  0%| F|  |TAMS 0x0000000087a00000, 0x0000000087a00000| Untracked 
|  95|0x0000000087b00000, 0x0000000087c00000, 0x0000000087c00000|100%| E|  |TAMS 0x0000000087b00000, 0x0000000087b00000| Complete 
|  96|0x0000000087c00000, 0x0000000087d00000, 0x0000000087d00000|100%| E|CS|TAMS 0x0000000087c00000, 0x0000000087c00000| Complete 
|  97|0x0000000087d00000, 0x0000000087e00000, 0x0000000087e00000|100%| E|CS|TAMS 0x0000000087d00000, 0x0000000087d00000| Complete 
|  98|0x0000000087e00000, 0x0000000087f00000, 0x0000000087f00000|100%| E|CS|TAMS 0x0000000087e00000, 0x0000000087e00000| Complete 
|  99|0x0000000087f00000, 0x0000000088000000, 0x0000000088000000|100%| E|CS|TAMS 0x0000000087f00000, 0x0000000087f00000| Complete 
| 100|0x0000000088000000, 0x0000000088100000, 0x0000000088100000|100%| E|CS|TAMS 0x0000000088000000, 0x0000000088000000| Complete 
| 101|0x0000000088100000, 0x0000000088200000, 0x0000000088200000|100%| E|CS|TAMS 0x0000000088100000, 0x0000000088100000| Complete 
| 102|0x0000000088200000, 0x0000000088300000, 0x0000000088300000|100%| E|CS|TAMS 0x0000000088200000, 0x0000000088200000| Complete 
| 103|0x0000000088300000, 0x0000000088400000, 0x0000000088400000|100%| E|CS|TAMS 0x0000000088300000, 0x0000000088300000| Complete 
| 104|0x0000000088400000, 0x0000000088500000, 0x0000000088500000|100%| E|CS|TAMS 0x0000000088400000, 0x0000000088400000| Complete 
| 105|0x0000000088500000, 0x0000000088600000, 0x0000000088600000|100%| E|CS|TAMS 0x0000000088500000, 0x0000000088500000| Complete 
| 106|0x0000000088600000, 0x0000000088700000, 0x0000000088700000|100%| E|CS|TAMS 0x0000000088600000, 0x0000000088600000| Complete 
| 107|0x0000000088700000, 0x0000000088800000, 0x0000000088800000|100%| E|CS|TAMS 0x0000000088700000, 0x0000000088700000| Complete 
| 108|0x0000000088800000, 0x0000000088900000, 0x0000000088900000|100%| E|CS|TAMS 0x0000000088800000, 0x0000000088800000| Complete 
| 109|0x0000000088900000, 0x0000000088a00000, 0x0000000088a00000|100%| E|CS|TAMS 0x0000000088900000, 0x0000000088900000| Complete 
| 110|0x0000000088a00000, 0x0000000088b00000, 0x0000000088b00000|100%| E|CS|TAMS 0x0000000088a00000, 0x0000000088a00000| Complete 
| 111|0x0000000088b00000, 0x0000000088c00000, 0x0000000088c00000|100%| E|CS|TAMS 0x0000000088b00000, 0x0000000088b00000| Complete 
| 112|0x0000000088c00000, 0x0000000088d00000, 0x0000000088d00000|100%| E|CS|TAMS 0x0000000088c00000, 0x0000000088c00000| Complete 
| 113|0x0000000088d00000, 0x0000000088e00000, 0x0000000088e00000|100%| E|CS|TAMS 0x0000000088d00000, 0x0000000088d00000| Complete 
| 114|0x0000000088e00000, 0x0000000088f00000, 0x0000000088f00000|100%| E|CS|TAMS 0x0000000088e00000, 0x0000000088e00000| Complete 
| 115|0x0000000088f00000, 0x0000000089000000, 0x0000000089000000|100%| E|CS|TAMS 0x0000000088f00000, 0x0000000088f00000| Complete 
| 116|0x0000000089000000, 0x0000000089100000, 0x0000000089100000|100%| E|CS|TAMS 0x0000000089000000, 0x0000000089000000| Complete 
| 117|0x0000000089100000, 0x0000000089200000, 0x0000000089200000|100%| E|CS|TAMS 0x0000000089100000, 0x0000000089100000| Complete 
| 118|0x0000000089200000, 0x0000000089300000, 0x0000000089300000|100%| E|CS|TAMS 0x0000000089200000, 0x0000000089200000| Complete 
| 119|0x0000000089300000, 0x0000000089400000, 0x0000000089400000|100%| E|CS|TAMS 0x0000000089300000, 0x0000000089300000| Complete 
| 120|0x0000000089400000, 0x0000000089500000, 0x0000000089500000|100%| E|CS|TAMS 0x0000000089400000, 0x0000000089400000| Complete 
| 121|0x0000000089500000, 0x0000000089600000, 0x0000000089600000|100%| E|CS|TAMS 0x0000000089500000, 0x0000000089500000| Complete 
| 122|0x0000000089600000, 0x0000000089700000, 0x0000000089700000|100%| E|CS|TAMS 0x0000000089600000, 0x0000000089600000| Complete 
| 123|0x0000000089700000, 0x0000000089800000, 0x0000000089800000|100%| E|CS|TAMS 0x0000000089700000, 0x0000000089700000| Complete 
| 124|0x0000000089800000, 0x0000000089900000, 0x0000000089900000|100%| E|CS|TAMS 0x0000000089800000, 0x0000000089800000| Complete 
| 125|0x0000000089900000, 0x0000000089a00000, 0x0000000089a00000|100%| E|CS|TAMS 0x0000000089900000, 0x0000000089900000| Complete 
| 126|0x0000000089a00000, 0x0000000089b00000, 0x0000000089b00000|100%| E|CS|TAMS 0x0000000089a00000, 0x0000000089a00000| Complete 
| 127|0x0000000089b00000, 0x0000000089c00000, 0x0000000089c00000|100%| E|CS|TAMS 0x0000000089b00000, 0x0000000089b00000| Complete 

Card table byte_map: [0x0000024050d10000,0x0000024051110000] _byte_map_base: 0x0000024050902000

Marking Bits (Prev, Next): (CMBitMap*) 0x0000024039571df8, (CMBitMap*) 0x0000024039571e30
 Prev Bits: [0x0000024051510000, 0x00000240534a0000)
 Next Bits: [0x00000240534a0000, 0x0000024055430000)

Polling page: 0x0000024037680000

Metaspace:

Usage:
  Non-class:     59.08 MB capacity,    58.00 MB ( 98%) used,   864.06 KB (  1%) free+waste,   241.19 KB ( <1%) overhead. 
      Class:      8.95 MB capacity,     8.20 MB ( 92%) used,   658.83 KB (  7%) free+waste,   111.94 KB (  1%) overhead. 
       Both:     68.02 MB capacity,    66.19 MB ( 97%) used,     1.49 MB (  2%) free+waste,   353.13 KB ( <1%) overhead. 

Virtual space:
  Non-class space:       60.00 MB reserved,      59.25 MB ( 99%) committed 
      Class space:        1.00 GB reserved,       8.95 MB ( <1%) committed 
             Both:        1.06 GB reserved,      68.20 MB (  6%) committed 

Chunk freelists:
   Non-Class:  0 bytes
       Class:  0 bytes
        Both:  0 bytes

CodeHeap 'non-profiled nmethods': size=120064Kb used=5385Kb max_used=5385Kb free=114679Kb
 bounds [0x00000240493d0000, 0x0000024049920000, 0x0000024050910000]
CodeHeap 'profiled nmethods': size=120000Kb used=16997Kb max_used=16997Kb free=103002Kb
 bounds [0x0000024041ea0000, 0x0000024042f40000, 0x00000240493d0000]
CodeHeap 'non-nmethods': size=5696Kb used=1222Kb max_used=1274Kb free=4473Kb
 bounds [0x0000024041910000, 0x0000024041b80000, 0x0000024041ea0000]
 total_blobs=10356 nmethods=7620 adapters=505
 compilation: enabled
              stopped_count=0, restarted_count=0
 full_count=0

Compilation events (10 events):
Event: 47.836 Thread 0x0000024058226000 8423       2       org.springframework.boot.context.properties.bind.BindResult::of (17 bytes)
Event: 47.836 Thread 0x0000024058226000 nmethod 8423 0x0000024042f3de90 code [0x0000024042f3e040, 0x0000024042f3e238]
Event: 47.885 Thread 0x0000024058226000 8424   !   2       com.sun.proxy.$Proxy137::annotationType (29 bytes)
Event: 47.886 Thread 0x0000024058226000 nmethod 8424 0x0000024042f3e310 code [0x0000024042f3e4e0, 0x0000024042f3e7a0]
Event: 47.908 Thread 0x0000024058226000 8427       1       org.springframework.beans.factory.config.ConstructorArgumentValues$ValueHolder::getType (5 bytes)
Event: 47.908 Thread 0x0000024058226000 nmethod 8427 0x0000024049911e10 code [0x0000024049911fa0, 0x00000240499120b8]
Event: 47.926 Thread 0x0000024058226000 8428       1       org.springframework.boot.actuate.endpoint.web.EndpointMediaTypes::getProduced (5 bytes)
Event: 47.926 Thread 0x0000024058226000 nmethod 8428 0x0000024049912110 code [0x00000240499122a0, 0x00000240499123b8]
Event: 47.927 Thread 0x0000024058226000 8429       2       org.springframework.boot.actuate.endpoint.annotation.EndpointDiscoverer::getLast (26 bytes)
Event: 47.927 Thread 0x0000024058226000 nmethod 8429 0x0000024042f3e910 code [0x0000024042f3eae0, 0x0000024042f3ed10]

GC Heap History (10 events):
Event: 42.816 GC heap before
{Heap before GC invocations=30 (full 0):
 garbage-first heap   total 131072K, used 109494K [0x0000000081c00000, 0x0000000100000000)
  region size 1024K, 50 young (51200K), 4 survivors (4096K)
 Metaspace       used 67678K, capacity 69594K, committed 69836K, reserved 1110016K
  class space    used 8386K, capacity 9153K, committed 9164K, reserved 1048576K
}
Event: 42.824 GC heap after
{Heap after GC invocations=31 (full 0):
 garbage-first heap   total 131072K, used 63573K [0x0000000081c00000, 0x0000000100000000)
  region size 1024K, 5 young (5120K), 5 survivors (5120K)
 Metaspace       used 67678K, capacity 69594K, committed 69836K, reserved 1110016K
  class space    used 8386K, capacity 9153K, committed 9164K, reserved 1048576K
}
Event: 42.835 GC heap before
{Heap before GC invocations=31 (full 0):
 garbage-first heap   total 131072K, used 64597K [0x0000000081c00000, 0x0000000100000000)
  region size 1024K, 6 young (6144K), 5 survivors (5120K)
 Metaspace       used 67682K, capacity 69600K, committed 69836K, reserved 1110016K
  class space    used 8387K, capacity 9154K, committed 9164K, reserved 1048576K
}
Event: 42.844 GC heap after
{Heap after GC invocations=32 (full 0):
 garbage-first heap   total 131072K, used 52215K [0x0000000081c00000, 0x0000000100000000)
  region size 1024K, 1 young (1024K), 1 survivors (1024K)
 Metaspace       used 67682K, capacity 69600K, committed 69836K, reserved 1110016K
  class space    used 8387K, capacity 9154K, committed 9164K, reserved 1048576K
}
Event: 42.947 GC heap before
{Heap before GC invocations=32 (full 0):
 garbage-first heap   total 131072K, used 56311K [0x0000000081c00000, 0x0000000100000000)
  region size 1024K, 6 young (6144K), 1 survivors (1024K)
 Metaspace       used 67682K, capacity 69600K, committed 69836K, reserved 1110016K
  class space    used 8387K, capacity 9154K, committed 9164K, reserved 1048576K
}
Event: 42.955 GC heap after
{Heap after GC invocations=33 (full 0):
 garbage-first heap   total 131072K, used 48569K [0x0000000081c00000, 0x0000000100000000)
  region size 1024K, 1 young (1024K), 1 survivors (1024K)
 Metaspace       used 67682K, capacity 69600K, committed 69836K, reserved 1110016K
  class space    used 8387K, capacity 9154K, committed 9164K, reserved 1048576K
}
Event: 44.465 GC heap before
{Heap before GC invocations=33 (full 0):
 garbage-first heap   total 131072K, used 105913K [0x0000000081c00000, 0x0000000100000000)
  region size 1024K, 58 young (59392K), 1 survivors (1024K)
 Metaspace       used 67715K, capacity 69601K, committed 69836K, reserved 1110016K
  class space    used 8387K, capacity 9154K, committed 9164K, reserved 1048576K
}
Event: 44.469 GC heap after
{Heap after GC invocations=34 (full 0):
 garbage-first heap   total 131072K, used 50127K [0x0000000081c00000, 0x0000000100000000)
  region size 1024K, 3 young (3072K), 3 survivors (3072K)
 Metaspace       used 67715K, capacity 69601K, committed 69836K, reserved 1110016K
  class space    used 8387K, capacity 9154K, committed 9164K, reserved 1048576K
}
Event: 47.310 GC heap before
{Heap before GC invocations=34 (full 0):
 garbage-first heap   total 131072K, used 107471K [0x0000000081c00000, 0x0000000100000000)
  region size 1024K, 59 young (60416K), 3 survivors (3072K)
 Metaspace       used 67757K, capacity 69639K, committed 69836K, reserved 1110016K
  class space    used 8390K, capacity 9160K, committed 9164K, reserved 1048576K
}
Event: 47.316 GC heap after
{Heap after GC invocations=35 (full 0):
 garbage-first heap   total 131072K, used 52515K [0x0000000081c00000, 0x0000000100000000)
  region size 1024K, 5 young (5120K), 5 survivors (5120K)
 Metaspace       used 67757K, capacity 69639K, committed 69836K, reserved 1110016K
  class space    used 8390K, capacity 9160K, committed 9164K, reserved 1048576K
}

Deoptimization events (10 events):
Event: 35.689 Thread 0x0000024039532800 Uncommon trap: reason=array_check action=maybe_recompile pc=0x000002404945d19c method=org.aspectj.weaver.ResolvedMemberImpl.resolve(Lorg/aspectj/weaver/World;)Lorg/aspectj/weaver/ResolvedMember; @ 139 c2
Event: 37.178 Thread 0x0000024039532800 Uncommon trap: reason=unstable_if action=reinterpret pc=0x0000024049756844 method=java.util.concurrent.ConcurrentHashMap.get(Ljava/lang/Object;)Ljava/lang/Object; @ 99 c2
Event: 40.182 Thread 0x0000024039532800 Uncommon trap: reason=profile_predicate action=maybe_recompile pc=0x000002404986e968 method=java.net.URI$Parser.scan(IILjava/lang/String;)I @ 6 c2
Event: 40.182 Thread 0x0000024039532800 Uncommon trap: reason=profile_predicate action=maybe_recompile pc=0x000002404986e968 method=java.net.URI$Parser.scan(IILjava/lang/String;)I @ 6 c2
Event: 40.182 Thread 0x0000024039532800 Uncommon trap: reason=profile_predicate action=maybe_recompile pc=0x000002404986e968 method=java.net.URI$Parser.scan(IILjava/lang/String;)I @ 6 c2
Event: 40.182 Thread 0x0000024039532800 Uncommon trap: reason=profile_predicate action=maybe_recompile pc=0x000002404986e968 method=java.net.URI$Parser.scan(IILjava/lang/String;)I @ 6 c2
Event: 40.183 Thread 0x0000024039532800 Uncommon trap: reason=profile_predicate action=maybe_recompile pc=0x00000240497b30bc method=java.net.URI$Parser.scan(IILjava/lang/String;)I @ 3 c2
Event: 41.008 Thread 0x0000024039532800 Uncommon trap: reason=loop_limit_check action=maybe_recompile pc=0x0000024049875bb4 method=org.springframework.boot.context.properties.source.ConfigurationPropertyName.fastElementEquals(Lorg/springframework/boot/context/properties/source/ConfigurationProp
Event: 41.063 Thread 0x0000024039532800 Uncommon trap: reason=bimorphic_or_optimized_type_check action=maybe_recompile pc=0x00000240494b3218 method=java.util.HashMap.putVal(ILjava/lang/Object;Ljava/lang/Object;ZZ)Ljava/lang/Object; @ 253 c2
Event: 44.435 Thread 0x0000024039532800 Uncommon trap: reason=null_check action=make_not_entrant pc=0x00000240498de324 method=org.springframework.beans.ExtendedBeanInfo.isCandidateWriteMethod(Ljava/lang/reflect/Method;)Z @ 44 c2

Classes redefined (0 events):
No events

Internal exceptions (10 events):
Event: 47.960 Thread 0x0000024039532800 Exception <a 'java/lang/ClassNotFoundException'{0x0000000087f76dd0}: org/springframework/cloud/configuration/TlsPropertiesCustomizer> (0x0000000087f76dd0) thrown at [./open/src/hotspot/share/classfile/systemDictionary.cpp, line 228]
Event: 47.962 Thread 0x0000024039532800 Exception <a 'java/lang/ClassNotFoundException'{0x0000000087fea320}: java/lang/ObjectCustomizer> (0x0000000087fea320) thrown at [./open/src/hotspot/share/classfile/systemDictionary.cpp, line 228]
Event: 47.964 Thread 0x0000024039532800 Exception <a 'java/lang/ClassNotFoundException'{0x0000000087e0cb20}: com/netflix/discovery/AbstractDiscoveryClientOptionalArgsCustomizer> (0x0000000087e0cb20) thrown at [./open/src/hotspot/share/classfile/systemDictionary.cpp, line 228]
Event: 47.965 Thread 0x0000024039532800 Exception <a 'java/lang/ClassNotFoundException'{0x0000000087e3c018}: com/netflix/discovery/shared/transport/jersey/Jersey1DiscoveryClientOptionalArgsCustomizer> (0x0000000087e3c018) thrown at [./open/src/hotspot/share/classfile/systemDictionary.cpp, line 
Event: 47.969 Thread 0x0000024039532800 Exception <a 'java/lang/ClassNotFoundException'{0x0000000087e61ac8}: com/netflix/discovery/DiscoveryClient$DiscoveryClientOptionalArgsCustomizer> (0x0000000087e61ac8) thrown at [./open/src/hotspot/share/classfile/systemDictionary.cpp, line 228]
Event: 47.971 Thread 0x0000024039532800 Exception <a 'java/lang/ClassNotFoundException'{0x0000000087e895f0}: org/springframework/cloud/netflix/eureka/MutableDiscoveryClientOptionalArgsCustomizer> (0x0000000087e895f0) thrown at [./open/src/hotspot/share/classfile/systemDictionary.cpp, line 228]
Event: 47.976 Thread 0x0000024039532800 Exception <a 'java/lang/ClassNotFoundException'{0x0000000087ec5000}: java/lang/ObjectCustomizer> (0x0000000087ec5000) thrown at [./open/src/hotspot/share/classfile/systemDictionary.cpp, line 228]
Event: 47.978 Thread 0x0000024039532800 Exception <a 'java/lang/ClassNotFoundException'{0x0000000087eea858}: org/springframework/cloud/netflix/eureka/serviceregistry/EurekaRegistrationCustomizer> (0x0000000087eea858) thrown at [./open/src/hotspot/share/classfile/systemDictionary.cpp, line 228]
Event: 47.979 Thread 0x0000024039532800 Exception <a 'java/lang/ClassNotFoundException'{0x0000000087d20590}: org/springframework/cloud/client/serviceregistry/RegistrationCustomizer> (0x0000000087d20590) thrown at [./open/src/hotspot/share/classfile/systemDictionary.cpp, line 228]
Event: 47.981 Thread 0x0000024039532800 Exception <a 'java/lang/ClassNotFoundException'{0x0000000087d3c988}: org/springframework/cloud/client/ServiceInstanceCustomizer> (0x0000000087d3c988) thrown at [./open/src/hotspot/share/classfile/systemDictionary.cpp, line 228]

Events (10 events):
Event: 47.979 loading class org/springframework/cloud/client/serviceregistry/RegistrationCustomizer
Event: 47.979 loading class org/springframework/cloud/client/serviceregistry/RegistrationCustomizer done
Event: 47.979 loading class org/springframework/cloud/client/serviceregistry/RegistrationCustomizer
Event: 47.979 loading class org/springframework/cloud/client/serviceregistry/RegistrationCustomizer done
Event: 47.979 loading class org/springframework/cloud/client/ServiceInstanceCustomizer
Event: 47.979 loading class org/springframework/cloud/client/ServiceInstanceCustomizer done
Event: 47.980 loading class org/springframework/cloud/client/ServiceInstanceCustomizer
Event: 47.980 loading class org/springframework/cloud/client/ServiceInstanceCustomizer done
Event: 47.981 loading class org/springframework/cloud/client/ServiceInstanceCustomizer
Event: 47.981 loading class org/springframework/cloud/client/ServiceInstanceCustomizer done


Dynamic libraries:
0x00007ff6a79e0000 - 0x00007ff6a7a27000 	C:\Program Files\Java\jdk-11.0.7\bin\java.exe
0x00007ff98ba90000 - 0x00007ff98bc86000 	C:\WINDOWS\SYSTEM32\ntdll.dll
0x00007ff98ad40000 - 0x00007ff98adfd000 	C:\WINDOWS\System32\KERNEL32.DLL
0x00007ff9895c0000 - 0x00007ff989888000 	C:\WINDOWS\System32\KERNELBASE.dll
0x00007ff98b8f0000 - 0x00007ff98b99a000 	C:\WINDOWS\System32\ADVAPI32.dll
0x00007ff98b0a0000 - 0x00007ff98b13e000 	C:\WINDOWS\System32\msvcrt.dll
0x00007ff989e70000 - 0x00007ff989f0b000 	C:\WINDOWS\System32\sechost.dll
0x00007ff989fc0000 - 0x00007ff98a0e4000 	C:\WINDOWS\System32\RPCRT4.dll
0x00007ff98a210000 - 0x00007ff98a3b0000 	C:\WINDOWS\System32\USER32.dll
0x00007ff9899a0000 - 0x00007ff9899c2000 	C:\WINDOWS\System32\win32u.dll
0x00007ff98a3d0000 - 0x00007ff98a3fa000 	C:\WINDOWS\System32\GDI32.dll
0x00007ff989890000 - 0x00007ff989999000 	C:\WINDOWS\System32\gdi32full.dll
0x00007ff989210000 - 0x00007ff9892ad000 	C:\WINDOWS\System32\msvcp_win.dll
0x00007ff989460000 - 0x00007ff989560000 	C:\WINDOWS\System32\ucrtbase.dll
0x00007ff95d6e0000 - 0x00007ff95d97b000 	C:\WINDOWS\WinSxS\amd64_microsoft.windows.common-controls_6595b64144ccf1df_6.0.19041.488_none_ca04af081b815d21\COMCTL32.dll
0x00007ff97ef30000 - 0x00007ff97ef3a000 	C:\WINDOWS\SYSTEM32\VERSION.dll
0x00007ff98a0f0000 - 0x00007ff98a120000 	C:\WINDOWS\System32\IMM32.DLL
0x00007ff981bc0000 - 0x00007ff981bd6000 	C:\Program Files\Java\jdk-11.0.7\bin\vcruntime140.dll
0x00007ff95d240000 - 0x00007ff95d2ea000 	C:\Program Files\Java\jdk-11.0.7\bin\msvcp140.dll
0x00007ff929ea0000 - 0x00007ff92aa01000 	C:\Program Files\Java\jdk-11.0.7\bin\server\jvm.dll
0x00007ff98a3c0000 - 0x00007ff98a3c8000 	C:\WINDOWS\System32\PSAPI.DLL
0x00007ff9879a0000 - 0x00007ff9879a9000 	C:\WINDOWS\SYSTEM32\WSOCK32.dll
0x00007ff98ae00000 - 0x00007ff98ae6b000 	C:\WINDOWS\System32\WS2_32.dll
0x00007ff977730000 - 0x00007ff977757000 	C:\WINDOWS\SYSTEM32\WINMM.dll
0x00007ff987e00000 - 0x00007ff987e12000 	C:\WINDOWS\SYSTEM32\kernel.appcore.dll
0x00007ff981980000 - 0x00007ff981991000 	C:\Program Files\Java\jdk-11.0.7\bin\verify.dll
0x00007ff987790000 - 0x00007ff987974000 	C:\WINDOWS\SYSTEM32\DBGHELP.DLL
0x00007ff973200000 - 0x00007ff97322c000 	C:\WINDOWS\SYSTEM32\dbgcore.DLL
0x00007ff989a80000 - 0x00007ff989aff000 	C:\WINDOWS\System32\bcryptPrimitives.dll
0x00007ff981870000 - 0x00007ff981899000 	C:\Program Files\Java\jdk-11.0.7\bin\java.dll
0x00007ff982a60000 - 0x00007ff982a6a000 	C:\Program Files\Java\jdk-11.0.7\bin\jimage.dll
0x00007ff9816a0000 - 0x00007ff9816d0000 	C:\Program Files\Java\jdk-11.0.7\bin\instrument.dll
0x00007ff981960000 - 0x00007ff981976000 	C:\Program Files\Java\jdk-11.0.7\bin\zip.dll
0x00007ff98a400000 - 0x00007ff98ab40000 	C:\WINDOWS\System32\SHELL32.dll
0x00007ff986f30000 - 0x00007ff9876c4000 	C:\WINDOWS\SYSTEM32\windows.storage.dll
0x00007ff989b10000 - 0x00007ff989e65000 	C:\WINDOWS\System32\combase.dll
0x00007ff988c50000 - 0x00007ff988c7c000 	C:\WINDOWS\SYSTEM32\Wldp.dll
0x00007ff989f10000 - 0x00007ff989fbe000 	C:\WINDOWS\System32\SHCORE.dll
0x00007ff98b5b0000 - 0x00007ff98b605000 	C:\WINDOWS\System32\shlwapi.dll
0x00007ff989110000 - 0x00007ff989136000 	C:\WINDOWS\SYSTEM32\profapi.dll
0x00007ff981670000 - 0x00007ff981689000 	C:\Program Files\Java\jdk-11.0.7\bin\net.dll
0x00007ff97a900000 - 0x00007ff97aa00000 	C:\WINDOWS\SYSTEM32\WINHTTP.dll
0x00007ff9889d0000 - 0x00007ff988a3a000 	C:\WINDOWS\system32\mswsock.dll
0x00007ff981650000 - 0x00007ff981663000 	C:\Program Files\Java\jdk-11.0.7\bin\nio.dll
0x00007ff980cc0000 - 0x00007ff980cda000 	C:\Program Files\JetBrains\IntelliJ IDEA Community Edition 2020.2.3\bin\breakgen64.dll
0x00007ff95da80000 - 0x00007ff95daa6000 	C:\Program Files\Java\jdk-11.0.7\bin\sunec.dll
0x00007ff988ba0000 - 0x00007ff988bb8000 	C:\WINDOWS\SYSTEM32\CRYPTSP.dll
0x00007ff9882f0000 - 0x00007ff988324000 	C:\WINDOWS\system32\rsaenh.dll
0x00007ff9891e0000 - 0x00007ff989207000 	C:\WINDOWS\System32\bcrypt.dll
0x00007ff9890d0000 - 0x00007ff9890fe000 	C:\WINDOWS\SYSTEM32\USERENV.dll
0x00007ff988bc0000 - 0x00007ff988bcc000 	C:\WINDOWS\SYSTEM32\CRYPTBASE.dll
0x00007ff988670000 - 0x00007ff9886ab000 	C:\WINDOWS\SYSTEM32\IPHLPAPI.DLL
0x00007ff989b00000 - 0x00007ff989b09000 	C:\WINDOWS\System32\NSI.dll
0x00007ff97eaf0000 - 0x00007ff97eb07000 	C:\WINDOWS\SYSTEM32\dhcpcsvc6.DLL
0x00007ff97f180000 - 0x00007ff97f19d000 	C:\WINDOWS\SYSTEM32\dhcpcsvc.DLL
0x00007ff9886c0000 - 0x00007ff98878b000 	C:\WINDOWS\SYSTEM32\DNSAPI.dll
0x00007ff979740000 - 0x00007ff97974a000 	C:\Windows\System32\rasadhlp.dll
0x00007ff979980000 - 0x00007ff9799ff000 	C:\WINDOWS\System32\fwpuclnt.dll
0x00007ff982670000 - 0x00007ff982679000 	C:\Program Files\Java\jdk-11.0.7\bin\management.dll
0x00007ff981c10000 - 0x00007ff981c1c000 	C:\Program Files\Java\jdk-11.0.7\bin\management_ext.dll
0x00007ff96e660000 - 0x00007ff96e677000 	C:\WINDOWS\system32\napinsp.dll
0x00007ff96e640000 - 0x00007ff96e65b000 	C:\WINDOWS\system32\pnrpnsp.dll
0x00007ff983d30000 - 0x00007ff983d45000 	C:\WINDOWS\system32\wshbth.dll
0x00007ff9843f0000 - 0x00007ff98440d000 	C:\WINDOWS\system32\NLAapi.dll
0x00007ff96e620000 - 0x00007ff96e632000 	C:\WINDOWS\System32\winrnr.dll

dbghelp: loaded successfully - version: 4.0.5 - missing functions: none
symbol engine: initialized successfully - sym options: 0x614 - pdb path: .;C:\Program Files\Java\jdk-11.0.7\bin;C:\WINDOWS\SYSTEM32;C:\WINDOWS\WinSxS\amd64_microsoft.windows.common-controls_6595b64144ccf1df_6.0.19041.488_none_ca04af081b815d21;C:\Program Files\Java\jdk-11.0.7\bin\server;C:\Program Files\JetBrains\IntelliJ IDEA Community Edition 2020.2.3\bin

VM Arguments:
jvm_args: -ea -Didea.test.cyclic.buffer.size=1048576 -javaagent:C:\Program Files\JetBrains\IntelliJ IDEA Community Edition 2020.2.3\lib\idea_rt.jar=54367:C:\Program Files\JetBrains\IntelliJ IDEA Community Edition 2020.2.3\bin -Dfile.encoding=UTF-8 
java_command: com.intellij.rt.junit.JUnitStarter -ideVersion5 -junit5 com.direa.zuul.ZuulApplicationTests
java_class_path (initial): C:\Program Files\JetBrains\IntelliJ IDEA Community Edition 2020.2.3\lib\idea_rt.jar;C:\Users\user\.m2\repository\org\junit\platform\junit-platform-launcher\1.6.3\junit-platform-launcher-1.6.3.jar;C:\Users\user\.m2\repository\org\apiguardian\apiguardian-api\1.1.0\apiguardian-api-1.1.0.jar;C:\Users\user\.m2\repository\org\junit\platform\junit-platform-engine\1.6.3\junit-platform-engine-1.6.3.jar;C:\Users\user\.m2\repository\org\opentest4j\opentest4j\1.2.0\opentest4j-1.2.0.jar;C:\Users\user\.m2\repository\org\junit\platform\junit-platform-commons\1.6.3\junit-platform-commons-1.6.3.jar;C:\Program Files\JetBrains\IntelliJ IDEA Community Edition 2020.2.3\plugins\junit\lib\junit5-rt.jar;C:\Program Files\JetBrains\IntelliJ IDEA Community Edition 2020.2.3\plugins\junit\lib\junit-rt.jar;C:\Users\user\Desktop\인턴\demo\gateway-demo\zuul (1)\zuul\out\test\classes;C:\Users\user\Desktop\인턴\demo\gateway-demo\zuul (1)\zuul\out\production\classes;C:\Users\user\Desktop\인턴\demo\gateway-demo\zuul (1)\zuul\out\production\resources;C:\Users\user\.gradle\caches\modules-2\files-2.1\org.springframework.cloud\spring-cloud-starter-netflix-eureka-client\2.2.5.RELEASE\35dcbeddd1b800b6044b1173b0894f5535f9898d\spring-cloud-starter-netflix-eureka-client-2.2.5.RELEASE.jar;C:\Users\user\.gradle\caches\modules-2\files-2.1\org.springframework.cloud\spring-cloud-config-client\2.2.5.RELEASE\70febe49a9bc84bf2d139cb67aec7d50c4171567\spring-cloud-config-client-2.2.5.RELEASE.jar;C:\Users\user\.gradle\caches\modules-2\files-2.1\org.springframework.cloud\spring-cloud-starter-netflix-zuul\2.2.5.RELEASE\65b583693228782f1f3ee0f41b76eeb96315021c\spring-cloud-starter-netflix-zuul-2.2.5.RELEASE.jar;C:\Users\user\.gradle\caches\modules-2\files-2.1\org.springframework.boot\spring-boot-starter-actuator\2.3.5.RELEASE\24a9facb9ee0c13f4499b35a9ed70bc8e6c10f5b\spring-boot-starter-actuator-2.3.5.RELEASE.jar;C:\Users\user\.gradle\caches\modules-2\files-2.1\org.springframework.cloud\spring-cl
Launcher Type: SUN_STANDARD

[Global flags]
     intx CICompilerCount                          = 3                                         {product} {ergonomic}
     uint ConcGCThreads                            = 1                                         {product} {ergonomic}
     uint G1ConcRefinementThreads                  = 4                                         {product} {ergonomic}
   size_t G1HeapRegionSize                         = 1048576                                   {product} {ergonomic}
    uintx GCDrainStackTargetSize                   = 64                                        {product} {ergonomic}
   size_t InitialHeapSize                          = 134217728                                 {product} {ergonomic}
   size_t MarkStackSize                            = 4194304                                   {product} {ergonomic}
   size_t MaxHeapSize                              = 2118123520                                {product} {ergonomic}
   size_t MaxNewSize                               = 1270874112                                {product} {ergonomic}
   size_t MinHeapDeltaBytes                        = 1048576                                   {product} {ergonomic}
    uintx NonNMethodCodeHeapSize                   = 5830732                                {pd product} {ergonomic}
    uintx NonProfiledCodeHeapSize                  = 122913754                              {pd product} {ergonomic}
    uintx ProfiledCodeHeapSize                     = 122913754                              {pd product} {ergonomic}
    uintx ReservedCodeCacheSize                    = 251658240                              {pd product} {ergonomic}
     bool SegmentedCodeCache                       = true                                      {product} {ergonomic}
     bool UseCompressedClassPointers               = true                                 {lp64_product} {ergonomic}
     bool UseCompressedOops                        = true                                 {lp64_product} {ergonomic}
     bool UseG1GC                                  = true                                      {product} {ergonomic}
     bool UseLargePagesIndividualAllocation        = false                                  {pd product} {ergonomic}

Logging:
Log output configuration:
 #0: stdout all=warning uptime,level,tags
 #1: stderr all=off uptime,level,tags

Environment Variables:
JAVA_HOME=C:\Program Files\Java\jdk-11.0.7
PATH=C:\Program Files (x86)\Common Files\Oracle\Java\javapath;C:\Program Files\Java\jdk-11.0.7;C:\app\user\product\18.0.0\dbhomeXE\bin;C:\Program Files (x86)\NAT Service;C:\ProgramData\Oracle\Java\javapath;C:\Program Files\Microsoft MPI\Bin\;C:\Program Files (x86)\Intel\iCLS Client\;C:\Program Files\Intel\iCLS Client\;C:\WINDOWS\system32;C:\WINDOWS;C:\WINDOWS\System32\Wbem;C:\WINDOWS\System32\WindowsPowerShell\v1.0\;C:\Program Files (x86)\Intel\Intel(R) Management Engine Components\DAL;C:\Program Files\Intel\Intel(R) Management Engine Components\DAL;C:\Program Files (x86)\Intel\Intel(R) Management Engine Components\IPT;C:\Program Files\Intel\Intel(R) Management Engine Components\IPT;C:\Program Files\dotnet\;C:\Program Files (x86)\GtkSharp\2.12\bin;C:\WINDOWS\System32\OpenSSH\;C:\Program Files\Intel\WiFi\bin\;C:\Program Files\Common Files\Intel\WirelessCommon\;C:\apache-maven-3.6.3-bin\apache-maven-3.6.3\bin;C:\Program Files\Java\jdk-11.0.7\bin;C:\Program Files\Git\cmd;C:\Users\user\Miniconda3;C:\Users\user\Miniconda3\Library\mingw-w64\bin;C:\Users\user\Miniconda3\Library\usr\bin;C:\Users\user\Miniconda3\Library\bin;C:\Users\user\Miniconda3\Scripts;C:\Users\user\AppData\Local\Microsoft\WindowsApps;C:\Users\user\AppData\Local\atom\bin;C:\Users\user\Documents\python-3.6.1-embed-amd64;C:\Users\user\AppData\Local\Microsoft\WindowsApps;C:\Users\user\AppData\Local\GitHubDesktop\bin;C:\Users\user\AppData\Local\Programs\Microsoft VS Code\bin;;C:\Program Files\JetBrains\IntelliJ IDEA Community Edition 2020.2.3\bin;
USERNAME=user
OS=Windows_NT
PROCESSOR_IDENTIFIER=Intel64 Family 6 Model 78 Stepping 3, GenuineIntel



---------------  S Y S T E M  ---------------

OS: Windows 10 , 64 bit Build 19041 (10.0.19041.546)

CPU:total 4 (initial active 4) (2 cores per cpu, 2 threads per core) family 6 model 78 stepping 3, cmov, cx8, fxsr, mmx, sse, sse2, sse3, ssse3, sse4.1, sse4.2, popcnt, avx, avx2, aes, clmul, erms, 3dnowpref, lzcnt, ht, tsc, tscinvbit, bmi1, bmi2, adx, fma

Memory: 4k page, system-wide physical 8076M (118M free)
TotalPageFile size 32652M (AvailPageFile size 3M)
current process WorkingSet (physical memory assigned to process): 304M, peak: 319M
current process commit charge ("private bytes"): 337M, peak: 352M

vm_info: Java HotSpot(TM) 64-Bit Server VM (11.0.7+8-LTS) for windows-amd64 JRE (11.0.7+8-LTS), built on Mar 12 2020 02:04:32 by "mach5one" with MS VC++ 15.5 (VS2017)

END.
