#
# There is insufficient memory for the Java Runtime Environment to continue.
# Native memory allocation (malloc) failed to allocate 983136 bytes for Chunk::new
# Possible reasons:
#   The system is out of physical RAM or swap space
#   The process is running with CompressedOops enabled, and the Java Heap may be blocking the growth of the native heap
# Possible solutions:
#   Reduce memory load on the system
#   Increase physical memory or swap space
#   Check if swap backing store is full
#   Decrease Java heap size (-Xmx/-Xms)
#   Decrease number of Java threads
#   Decrease Java thread stack sizes (-Xss)
#   Set larger code cache with -XX:ReservedCodeCacheSize=
#   JVM is running with Unscaled Compressed Oops mode in which the Java heap is
#     placed in the first 4GB address space. The Java Heap base address is the
#     maximum limit for the native heap growth. Please use -XX:HeapBaseMinAddress
#     to set the Java Heap base and to place the Java Heap above 4GB virtual address.
# This output file may be truncated or incomplete.
#
#  Out of Memory Error (./open/src/hotspot/share/memory/arena.cpp:197), pid=75788, tid=54840
#
# JRE version: Java(TM) SE Runtime Environment 18.9 (11.0.7+8) (build 11.0.7+8-LTS)
# Java VM: Java HotSpot(TM) 64-Bit Server VM 18.9 (11.0.7+8-LTS, mixed mode, tiered, compressed oops, g1 gc, windows-amd64)
# No core dump will be written. Minidumps are not enabled by default on client versions of Windows
#

---------------  S U M M A R Y ------------

Command Line: -javaagent:C:\Program Files\JetBrains\IntelliJ IDEA Community Edition 2020.2.3\lib\idea_rt.jar=52422:C:\Program Files\JetBrains\IntelliJ IDEA Community Edition 2020.2.3\bin -Dfile.encoding=UTF-8 com.direa.zuul.ZuulApplication

Host: Intel(R) Core(TM) i7-6500U CPU @ 2.50GHz, 4 cores, 7G,  Windows 10 , 64 bit Build 19041 (10.0.19041.546)
Time: Mon Nov 23 13:28:38 2020 대한민국 표준시 elapsed time: 45 seconds (0d 0h 0m 45s)

---------------  T H R E A D  ---------------

Current thread (0x00000230deaa0000):  JavaThread "C2 CompilerThread1" daemon [_thread_in_native, id=54840, stack(0x0000007aa1500000,0x0000007aa1600000)]


Current CompileTask:
C2:  45463 7218       4       org.springframework.util.ReflectionUtils::findMethod (109 bytes)

Stack: [0x0000007aa1500000,0x0000007aa1600000]
Native frames: (J=compiled Java code, j=interpreted, Vv=VM code, C=native code)
V  [jvm.dll+0x661a7a]
V  [jvm.dll+0x7a1b2f]
V  [jvm.dll+0x7a31d5]
V  [jvm.dll+0x7a3843]
V  [jvm.dll+0x25f1a8]
V  [jvm.dll+0xc2441]
V  [jvm.dll+0xc29cc]
V  [jvm.dll+0x2d0f84]
V  [jvm.dll+0x57d74f]
V  [jvm.dll+0x219e55]
V  [jvm.dll+0x217766]
V  [jvm.dll+0x19407c]
V  [jvm.dll+0x226c74]
V  [jvm.dll+0x224e98]
V  [jvm.dll+0x765e25]
V  [jvm.dll+0x75e875]
V  [jvm.dll+0x660b26]
C  [ucrtbase.dll+0x214c2]
C  [KERNEL32.DLL+0x17034]
C  [ntdll.dll+0x4cec1]


---------------  P R O C E S S  ---------------

Threads class SMR info:
_java_thread_list=0x00000230e18e7700, length=73, elements={
0x00000230d8a44000, 0x00000230d8a45000, 0x00000230d92b6800, 0x00000230d92b8000,
0x00000230d92ba000, 0x00000230d931b800, 0x00000230d9326000, 0x00000230d955b800,
0x00000230d9cfa800, 0x00000230d9a29800, 0x00000230d9670800, 0x00000230df202800,
0x00000230da313000, 0x00000230df0e5800, 0x00000230deec8000, 0x00000230dd2b7800,
0x00000230dd68c000, 0x00000230dd689000, 0x00000230dd689800, 0x00000230dd68d000,
0x00000230dd68e000, 0x00000230dd68a800, 0x00000230dd688000, 0x00000230dd68e800,
0x00000230dd68b800, 0x00000230ddb58000, 0x00000230ddb59000, 0x00000230ddb56800,
0x00000230ddb55800, 0x00000230ddb57800, 0x00000230ddb55000, 0x00000230ddb53800,
0x00000230ddb5a000, 0x00000230ddb54000, 0x00000230ddb5f800, 0x00000230ddb5b800,
0x00000230ddb5e800, 0x00000230ddb5e000, 0x00000230ddb5c800, 0x00000230ddb60800,
0x00000230ddb5d000, 0x00000230ddb5a800, 0x00000230ddb61000, 0x00000230ddb62000,
0x00000230d93e8800, 0x00000230d93ec000, 0x00000230d93e9800, 0x00000230d93eb000,
0x00000230d93ec800, 0x00000230d93ea000, 0x00000230d93e7000, 0x00000230d93ed800,
0x00000230d93e8000, 0x00000230d93f1800, 0x00000230d93f4000, 0x00000230d93ee800,
0x00000230d93ef000, 0x00000230d93f2800, 0x00000230d93f5800, 0x00000230d93f5000,
0x00000230d93f0000, 0x00000230d93f1000, 0x00000230d93f3000, 0x00000230e11c2800,
0x00000230e11c3000, 0x00000230e11bf000, 0x00000230e11c1000, 0x00000230e11c0000,
0x00000230e11c4000, 0x00000230e11c5000, 0x00000230e11c6800, 0x00000230deaa0000,
0x00000230e11c5800
}

Java Threads: ( => current thread )
  0x00000230d8a44000 JavaThread "Reference Handler" daemon [_thread_blocked, id=74188, stack(0x0000007a9c800000,0x0000007a9c900000)]
  0x00000230d8a45000 JavaThread "Finalizer" daemon [_thread_blocked, id=73928, stack(0x0000007a9c900000,0x0000007a9ca00000)]
  0x00000230d92b6800 JavaThread "Signal Dispatcher" daemon [_thread_blocked, id=51360, stack(0x0000007a9ca00000,0x0000007a9cb00000)]
  0x00000230d92b8000 JavaThread "Attach Listener" daemon [_thread_blocked, id=74896, stack(0x0000007a9cb00000,0x0000007a9cc00000)]
  0x00000230d92ba000 JavaThread "C2 CompilerThread0" daemon [_thread_in_native, id=62524, stack(0x0000007a9cc00000,0x0000007a9cd00000)]
  0x00000230d931b800 JavaThread "C1 CompilerThread0" daemon [_thread_in_native, id=68540, stack(0x0000007a9cd00000,0x0000007a9ce00000)]
  0x00000230d9326000 JavaThread "Sweeper thread" daemon [_thread_blocked, id=67208, stack(0x0000007a9ce00000,0x0000007a9cf00000)]
  0x00000230d955b800 JavaThread "Common-Cleaner" daemon [_thread_blocked, id=61260, stack(0x0000007a9cf00000,0x0000007a9d000000)]
  0x00000230d9cfa800 JavaThread "Monitor Ctrl-Break" daemon [_thread_in_native, id=44380, stack(0x0000007a9d300000,0x0000007a9d400000)]
  0x00000230d9a29800 JavaThread "Service Thread" daemon [_thread_blocked, id=73892, stack(0x0000007a9d400000,0x0000007a9d500000)]
  0x00000230d9670800 JavaThread "Keep-Alive-Timer" daemon [_thread_blocked, id=68092, stack(0x0000007a9d600000,0x0000007a9d700000)]
  0x00000230df202800 JavaThread "spring.cloud.inetutils" daemon [_thread_blocked, id=1424, stack(0x0000007a9d900000,0x0000007a9da00000)]
  0x00000230da313000 JavaThread "RxIoScheduler-1 (Evictor)" daemon [_thread_blocked, id=10576, stack(0x0000007a9da00000,0x0000007a9db00000)]
  0x00000230df0e5800 JavaThread "Catalina-utility-1" [_thread_blocked, id=65464, stack(0x0000007a9db00000,0x0000007a9dc00000)]
  0x00000230deec8000 JavaThread "Catalina-utility-2" [_thread_blocked, id=59512, stack(0x0000007a9dc00000,0x0000007a9dd00000)]
  0x00000230dd2b7800 JavaThread "container-0" [_thread_blocked, id=75504, stack(0x0000007a9dd00000,0x0000007a9de00000)]
  0x00000230dd68c000 JavaThread "hz._hzinstance_jcache_shared.scheduled.thread-" [_thread_blocked, id=15628, stack(0x0000007a9de00000,0x0000007a9df00000)]
  0x00000230dd689000 JavaThread "hz._hzinstance_jcache_shared.event-1" [_thread_blocked, id=76072, stack(0x0000007a9d800000,0x0000007a9d900000)]
  0x00000230dd689800 JavaThread "hz._hzinstance_jcache_shared.event-2" [_thread_blocked, id=74688, stack(0x0000007a9df00000,0x0000007a9e000000)]
  0x00000230dd68d000 JavaThread "hz._hzinstance_jcache_shared.event-3" [_thread_blocked, id=74652, stack(0x0000007a9e000000,0x0000007a9e100000)]
  0x00000230dd68e000 JavaThread "hz._hzinstance_jcache_shared.event-4" [_thread_blocked, id=67132, stack(0x0000007a9e100000,0x0000007a9e200000)]
  0x00000230dd68a800 JavaThread "hz._hzinstance_jcache_shared.event-5" [_thread_blocked, id=65368, stack(0x0000007a9e200000,0x0000007a9e300000)]
  0x00000230dd688000 JavaThread "hz._hzinstance_jcache_shared.operation-parker" [_thread_blocked, id=56700, stack(0x0000007a9e300000,0x0000007a9e400000)]
  0x00000230dd68e800 JavaThread "hz._hzinstance_jcache_shared.cached.thread-1" [_thread_blocked, id=59704, stack(0x0000007a9e400000,0x0000007a9e500000)]
  0x00000230dd68b800 JavaThread "hz._hzinstance_jcache_shared.cached.thread-2" [_thread_blocked, id=75124, stack(0x0000007a9e500000,0x0000007a9e600000)]
  0x00000230ddb58000 JavaThread "hz._hzinstance_jcache_shared.cached.thread-3" [_thread_blocked, id=66716, stack(0x0000007a9e600000,0x0000007a9e700000)]
  0x00000230ddb59000 JavaThread "hz._hzinstance_jcache_shared.migration" [_thread_blocked, id=42384, stack(0x0000007a9e700000,0x0000007a9e800000)]
  0x00000230ddb56800 JavaThread "hz._hzinstance_jcache_shared.InvocationMonitorThread" [_thread_blocked, id=55580, stack(0x0000007a9e800000,0x0000007a9e900000)]
  0x00000230ddb55800 JavaThread "hz._hzinstance_jcache_shared.partition-operation.thread-0" [_thread_blocked, id=70424, stack(0x0000007a9e900000,0x0000007a9ea00000)]
  0x00000230ddb57800 JavaThread "hz._hzinstance_jcache_shared.partition-operation.thread-1" [_thread_blocked, id=4040, stack(0x0000007a9ea00000,0x0000007a9eb00000)]
  0x00000230ddb55000 JavaThread "hz._hzinstance_jcache_shared.partition-operation.thread-2" [_thread_blocked, id=69652, stack(0x0000007a9eb00000,0x0000007a9ec00000)]
  0x00000230ddb53800 JavaThread "hz._hzinstance_jcache_shared.partition-operation.thread-3" [_thread_blocked, id=47228, stack(0x0000007a9ec00000,0x0000007a9ed00000)]
  0x00000230ddb5a000 JavaThread "hz._hzinstance_jcache_shared.priority-generic-operation.thread-0" [_thread_blocked, id=33008, stack(0x0000007a9ed00000,0x0000007a9ee00000)]
  0x00000230ddb54000 JavaThread "hz._hzinstance_jcache_shared.generic-operation.thread-0" [_thread_blocked, id=35212, stack(0x0000007a9ee00000,0x0000007a9ef00000)]
  0x00000230ddb5f800 JavaThread "hz._hzinstance_jcache_shared.generic-operation.thread-1" [_thread_blocked, id=73968, stack(0x0000007a9ef00000,0x0000007a9f000000)]
  0x00000230ddb5b800 JavaThread "hz._hzinstance_jcache_shared.response-0" [_thread_blocked, id=75732, stack(0x0000007a9f000000,0x0000007a9f100000)]
  0x00000230ddb5e800 JavaThread "hz._hzinstance_jcache_shared.response-1" [_thread_blocked, id=72756, stack(0x0000007a9f100000,0x0000007a9f200000)]
  0x00000230ddb5e000 JavaThread "hz._hzinstance_jcache_shared.SlowOperationDetectorThread" [_thread_blocked, id=53116, stack(0x0000007a9f200000,0x0000007a9f300000)]
  0x00000230ddb5c800 JavaThread "hz._hzinstance_jcache_shared.IO.thread-in-0" [_thread_in_native, id=54772, stack(0x0000007a9f300000,0x0000007a9f400000)]
  0x00000230ddb60800 JavaThread "hz._hzinstance_jcache_shared.IO.thread-in-1" [_thread_in_native, id=33384, stack(0x0000007a9f400000,0x0000007a9f500000)]
  0x00000230ddb5d000 JavaThread "hz._hzinstance_jcache_shared.IO.thread-in-2" [_thread_in_native, id=70180, stack(0x0000007a9f500000,0x0000007a9f600000)]
  0x00000230ddb5a800 JavaThread "hz._hzinstance_jcache_shared.IO.thread-out-0" [_thread_in_native, id=76108, stack(0x0000007a9f600000,0x0000007a9f700000)]
  0x00000230ddb61000 JavaThread "hz._hzinstance_jcache_shared.IO.thread-out-1" [_thread_in_native, id=16972, stack(0x0000007a9f700000,0x0000007a9f800000)]
  0x00000230ddb62000 JavaThread "hz._hzinstance_jcache_shared.IO.thread-out-2" [_thread_in_native, id=19708, stack(0x0000007a9f800000,0x0000007a9f900000)]
  0x00000230d93e8800 JavaThread "hz._hzinstance_jcache_shared.IO.BalancerThread" [_thread_blocked, id=73880, stack(0x0000007a9f900000,0x0000007a9fa00000)]
  0x00000230d93ec000 JavaThread "hz._hzinstance_jcache_shared.IO.thread-Acceptor" [_thread_in_native, id=76520, stack(0x0000007a9fa00000,0x0000007a9fb00000)]
  0x00000230d93e9800 JavaThread "hz._hzinstance_jcache_shared.MulticastThread" [_thread_in_native, id=75060, stack(0x0000007a9fb00000,0x0000007a9fc00000)]
  0x00000230d93eb000 JavaThread "hz._hzinstance_jcache_shared.HealthMonitor" daemon [_thread_blocked, id=73104, stack(0x0000007a9fc00000,0x0000007a9fd00000)]
  0x00000230d93ec800 JavaThread "hz._hzinstance_jcache_shared.async.thread-1" [_thread_blocked, id=64016, stack(0x0000007a9fd00000,0x0000007a9fe00000)]
  0x00000230d93ea000 JavaThread "SimpleHostRoutingFilter.connectionManagerTimer" daemon [_thread_blocked, id=71520, stack(0x0000007a9ff00000,0x0000007aa0000000)]
  0x00000230d93e7000 JavaThread "Apache-HttpClient-Conn-Cleaner2" daemon [_thread_blocked, id=75664, stack(0x0000007aa0000000,0x0000007aa0100000)]
  0x00000230d93ed800 JavaThread "AsyncResolver-bootstrap-0" daemon [_thread_blocked, id=27112, stack(0x0000007a9fe00000,0x0000007a9ff00000)]
  0x00000230d93e8000 JavaThread "DiscoveryClient-0" daemon [_thread_blocked, id=75972, stack(0x0000007aa0100000,0x0000007aa0200000)]
  0x00000230d93f1800 JavaThread "DiscoveryClient-1" daemon [_thread_blocked, id=2672, stack(0x0000007aa0200000,0x0000007aa0300000)]
  0x00000230d93f4000 JavaThread "DiscoveryClient-InstanceInfoReplicator-0" daemon [_thread_blocked, id=74800, stack(0x0000007aa0300000,0x0000007aa0400000)]
  0x00000230d93ee800 JavaThread "http-nio-8765-BlockPoller" daemon [_thread_in_native, id=57464, stack(0x0000007aa0500000,0x0000007aa0600000)]
  0x00000230d93ef000 JavaThread "http-nio-8765-exec-1" daemon [_thread_blocked, id=51332, stack(0x0000007aa0600000,0x0000007aa0700000)]
  0x00000230d93f2800 JavaThread "http-nio-8765-exec-2" daemon [_thread_blocked, id=30020, stack(0x0000007aa0700000,0x0000007aa0800000)]
  0x00000230d93f5800 JavaThread "http-nio-8765-exec-3" daemon [_thread_blocked, id=70096, stack(0x0000007aa0800000,0x0000007aa0900000)]
  0x00000230d93f5000 JavaThread "http-nio-8765-exec-4" daemon [_thread_blocked, id=69024, stack(0x0000007aa0900000,0x0000007aa0a00000)]
  0x00000230d93f0000 JavaThread "http-nio-8765-exec-5" daemon [_thread_blocked, id=51212, stack(0x0000007aa0a00000,0x0000007aa0b00000)]
  0x00000230d93f1000 JavaThread "http-nio-8765-exec-6" daemon [_thread_blocked, id=76336, stack(0x0000007aa0b00000,0x0000007aa0c00000)]
  0x00000230d93f3000 JavaThread "http-nio-8765-exec-7" daemon [_thread_blocked, id=76684, stack(0x0000007aa0c00000,0x0000007aa0d00000)]
  0x00000230e11c2800 JavaThread "http-nio-8765-exec-8" daemon [_thread_blocked, id=61064, stack(0x0000007aa0d00000,0x0000007aa0e00000)]
  0x00000230e11c3000 JavaThread "http-nio-8765-exec-9" daemon [_thread_blocked, id=54604, stack(0x0000007aa0e00000,0x0000007aa0f00000)]
  0x00000230e11bf000 JavaThread "http-nio-8765-exec-10" daemon [_thread_in_vm, id=61884, stack(0x0000007aa0f00000,0x0000007aa1000000)]
  0x00000230e11c1000 JavaThread "http-nio-8765-ClientPoller" daemon [_thread_in_native, id=33916, stack(0x0000007aa1000000,0x0000007aa1100000)]
  0x00000230e11c0000 JavaThread "http-nio-8765-Acceptor" daemon [_thread_in_native, id=52904, stack(0x0000007aa1100000,0x0000007aa1200000)]
  0x00000230e11c4000 JavaThread "DestroyJavaVM" [_thread_blocked, id=64600, stack(0x0000007a9c100000,0x0000007a9c200000)]
  0x00000230e11c5000 JavaThread "hz._hzinstance_jcache_shared.cached.thread-4" [_thread_blocked, id=38112, stack(0x0000007aa0400000,0x0000007aa0500000)]
  0x00000230e11c6800 JavaThread "hz._hzinstance_jcache_shared.cached.thread-5" [_thread_blocked, id=75484, stack(0x0000007aa1400000,0x0000007aa1500000)]
=>0x00000230deaa0000 JavaThread "C2 CompilerThread1" daemon [_thread_in_native, id=54840, stack(0x0000007aa1500000,0x0000007aa1600000)]
  0x00000230e11c5800 JavaThread "expiringMap-0" daemon [_thread_blocked, id=39028, stack(0x0000007aa1600000,0x0000007aa1700000)]

Other Threads:
  0x00000230d8a1a800 VMThread "VM Thread" [stack: 0x0000007a9c700000,0x0000007a9c800000] [id=36960]
  0x00000230d9c80000 WatcherThread [stack: 0x0000007a9d500000,0x0000007a9d600000] [id=51104]
  0x00000230ba640800 GCTaskThread "GC Thread#0" [stack: 0x0000007a9c200000,0x0000007a9c300000] [id=70464]
  0x00000230d96d4000 GCTaskThread "GC Thread#1" [stack: 0x0000007a9d100000,0x0000007a9d200000] [id=67760]
  0x00000230d9c0e000 GCTaskThread "GC Thread#2" [stack: 0x0000007a9d200000,0x0000007a9d300000] [id=47604]
  0x00000230dbad5000 GCTaskThread "GC Thread#3" [stack: 0x0000007a9d700000,0x0000007a9d800000] [id=70412]
  0x00000230ba671000 ConcurrentGCThread "G1 Main Marker" [stack: 0x0000007a9c300000,0x0000007a9c400000] [id=71880]
  0x00000230ba672800 ConcurrentGCThread "G1 Conc#0" [stack: 0x0000007a9c400000,0x0000007a9c500000] [id=44016]
  0x00000230ba6dd800 ConcurrentGCThread "G1 Refine#0" [stack: 0x0000007a9c500000,0x0000007a9c600000] [id=75344]
  0x00000230ba6de000 ConcurrentGCThread "G1 Young RemSet Sampling" [stack: 0x0000007a9c600000,0x0000007a9c700000] [id=73624]

Threads with active compile tasks:
C2 CompilerThread07222   !   4       org.springframework.util.ClassUtils::getMostSpecificMethod (72 bytes)
C1 CompilerThread07227       1       org.hibernate.validator.internal.util.annotation.AnnotationDescriptor::getType (5 bytes)
C2 CompilerThread17218       4       org.springframework.util.ReflectionUtils::findMethod (109 bytes)

VM state:not at safepoint (normal execution)

VM Mutex/Monitor currently owned by a thread: None

Heap address: 0x0000000081c00000, size: 2020 MB, Compressed Oops mode: 32-bit
Narrow klass base: 0x0000000000000000, Narrow klass shift: 3
Compressed class space size: 1073741824 Address: 0x0000000100000000

Heap:
 garbage-first heap   total 131072K, used 82729K [0x0000000081c00000, 0x0000000100000000)
  region size 1024K, 55 young (56320K), 9 survivors (9216K)
 Metaspace       used 87016K, capacity 88658K, committed 88832K, reserved 1126400K
  class space    used 11233K, capacity 11920K, committed 12032K, reserved 1048576K
Heap Regions: E=young(eden), S=young(survivor), O=old, HS=humongous(starts), HC=humongous(continues), CS=collection set, F=free, A=archive, TAMS=top-at-mark-start (previous, next)
|   0|0x0000000081c00000, 0x0000000081d00000, 0x0000000081d00000|100%|HS|  |TAMS 0x0000000081d00000, 0x0000000081c00000| Complete 
|   1|0x0000000081d00000, 0x0000000081e00000, 0x0000000081e00000|100%| O|  |TAMS 0x0000000081e00000, 0x0000000081d00000| Untracked 
|   2|0x0000000081e00000, 0x0000000081f00000, 0x0000000081f00000|100%| O|  |TAMS 0x0000000081f00000, 0x0000000081e00000| Untracked 
|   3|0x0000000081f00000, 0x0000000082000000, 0x0000000082000000|100%| O|  |TAMS 0x0000000082000000, 0x0000000081f00000| Untracked 
|   4|0x0000000082000000, 0x0000000082100000, 0x0000000082100000|100%| O|  |TAMS 0x0000000082100000, 0x0000000082000000| Untracked 
|   5|0x0000000082100000, 0x0000000082200000, 0x0000000082200000|100%| O|  |TAMS 0x0000000082200000, 0x0000000082100000| Untracked 
|   6|0x0000000082200000, 0x0000000082300000, 0x0000000082300000|100%| O|  |TAMS 0x0000000082300000, 0x0000000082200000| Untracked 
|   7|0x0000000082300000, 0x0000000082400000, 0x0000000082400000|100%| O|  |TAMS 0x0000000082400000, 0x0000000082300000| Untracked 
|   8|0x0000000082400000, 0x0000000082500000, 0x0000000082500000|100%| O|  |TAMS 0x0000000082500000, 0x0000000082400000| Untracked 
|   9|0x0000000082500000, 0x0000000082600000, 0x0000000082600000|100%| O|  |TAMS 0x0000000082600000, 0x0000000082500000| Untracked 
|  10|0x0000000082600000, 0x0000000082700000, 0x0000000082700000|100%| O|  |TAMS 0x0000000082700000, 0x0000000082600000| Untracked 
|  11|0x0000000082700000, 0x0000000082800000, 0x0000000082800000|100%| O|  |TAMS 0x0000000082800000, 0x0000000082700000| Untracked 
|  12|0x0000000082800000, 0x0000000082900000, 0x0000000082900000|100%| O|  |TAMS 0x0000000082900000, 0x0000000082800000| Untracked 
|  13|0x0000000082900000, 0x0000000082a00000, 0x0000000082a00000|100%| O|  |TAMS 0x0000000082a00000, 0x0000000082900000| Untracked 
|  14|0x0000000082a00000, 0x0000000082b00000, 0x0000000082b00000|100%| O|  |TAMS 0x0000000082b00000, 0x0000000082a00000| Untracked 
|  15|0x0000000082b00000, 0x0000000082c00000, 0x0000000082c00000|100%| O|  |TAMS 0x0000000082c00000, 0x0000000082b00000| Untracked 
|  16|0x0000000082c00000, 0x0000000082d00000, 0x0000000082d00000|100%| O|  |TAMS 0x0000000082d00000, 0x0000000082c00000| Untracked 
|  17|0x0000000082d00000, 0x0000000082e00000, 0x0000000082e00000|100%| O|  |TAMS 0x0000000082e00000, 0x0000000082d00000| Untracked 
|  18|0x0000000082e00000, 0x0000000082f00000, 0x0000000082f00000|100%| O|  |TAMS 0x0000000082f00000, 0x0000000082e00000| Untracked 
|  19|0x0000000082f00000, 0x0000000083000000, 0x0000000083000000|100%| O|  |TAMS 0x0000000082fbd800, 0x0000000082f00000| Untracked 
|  20|0x0000000083000000, 0x0000000083100000, 0x0000000083100000|100%| O|  |TAMS 0x0000000083000000, 0x0000000083000000| Untracked 
|  21|0x0000000083100000, 0x0000000083200000, 0x0000000083200000|100%| O|  |TAMS 0x0000000083100000, 0x0000000083100000| Untracked 
|  22|0x0000000083200000, 0x0000000083300000, 0x0000000083300000|100%| O|  |TAMS 0x0000000083200000, 0x0000000083200000| Untracked 
|  23|0x0000000083300000, 0x0000000083400000, 0x0000000083400000|100%| O|  |TAMS 0x0000000083300000, 0x0000000083300000| Untracked 
|  24|0x0000000083400000, 0x0000000083500000, 0x0000000083500000|100%| O|  |TAMS 0x0000000083400000, 0x0000000083400000| Untracked 
|  25|0x0000000083500000, 0x0000000083600000, 0x0000000083600000|100%| O|  |TAMS 0x0000000083500000, 0x0000000083500000| Untracked 
|  26|0x0000000083600000, 0x0000000083700000, 0x0000000083700000|100%| O|  |TAMS 0x0000000083600000, 0x0000000083600000| Untracked 
|  27|0x0000000083700000, 0x000000008377e200, 0x0000000083800000| 49%| O|  |TAMS 0x0000000083700000, 0x0000000083700000| Untracked 
|  28|0x0000000083800000, 0x0000000083800000, 0x0000000083900000|  0%| F|  |TAMS 0x0000000083800000, 0x0000000083800000| Untracked 
|  29|0x0000000083900000, 0x0000000083900000, 0x0000000083a00000|  0%| F|  |TAMS 0x0000000083900000, 0x0000000083900000| Untracked 
|  30|0x0000000083a00000, 0x0000000083a00000, 0x0000000083b00000|  0%| F|  |TAMS 0x0000000083a00000, 0x0000000083a00000| Untracked 
|  31|0x0000000083b00000, 0x0000000083b00000, 0x0000000083c00000|  0%| F|  |TAMS 0x0000000083b00000, 0x0000000083b00000| Untracked 
|  32|0x0000000083c00000, 0x0000000083c00000, 0x0000000083d00000|  0%| F|  |TAMS 0x0000000083c00000, 0x0000000083c00000| Untracked 
|  33|0x0000000083d00000, 0x0000000083d00000, 0x0000000083e00000|  0%| F|  |TAMS 0x0000000083d00000, 0x0000000083d00000| Untracked 
|  34|0x0000000083e00000, 0x0000000083e00000, 0x0000000083f00000|  0%| F|  |TAMS 0x0000000083e00000, 0x0000000083e00000| Untracked 
|  35|0x0000000083f00000, 0x0000000083f00000, 0x0000000084000000|  0%| F|  |TAMS 0x0000000083f00000, 0x0000000083f00000| Untracked 
|  36|0x0000000084000000, 0x0000000084000000, 0x0000000084100000|  0%| F|  |TAMS 0x0000000084000000, 0x0000000084000000| Untracked 
|  37|0x0000000084100000, 0x0000000084100000, 0x0000000084200000|  0%| F|  |TAMS 0x0000000084100000, 0x0000000084100000| Untracked 
|  38|0x0000000084200000, 0x0000000084200000, 0x0000000084300000|  0%| F|  |TAMS 0x0000000084200000, 0x0000000084200000| Untracked 
|  39|0x0000000084300000, 0x0000000084300000, 0x0000000084400000|  0%| F|  |TAMS 0x0000000084300000, 0x0000000084300000| Untracked 
|  40|0x0000000084400000, 0x0000000084400000, 0x0000000084500000|  0%| F|  |TAMS 0x0000000084400000, 0x0000000084400000| Untracked 
|  41|0x0000000084500000, 0x0000000084500000, 0x0000000084600000|  0%| F|  |TAMS 0x0000000084500000, 0x0000000084500000| Untracked 
|  42|0x0000000084600000, 0x0000000084600000, 0x0000000084700000|  0%| F|  |TAMS 0x0000000084600000, 0x0000000084600000| Untracked 
|  43|0x0000000084700000, 0x0000000084700000, 0x0000000084800000|  0%| F|  |TAMS 0x0000000084700000, 0x0000000084700000| Untracked 
|  44|0x0000000084800000, 0x0000000084800000, 0x0000000084900000|  0%| F|  |TAMS 0x0000000084800000, 0x0000000084800000| Untracked 
|  45|0x0000000084900000, 0x0000000084900000, 0x0000000084a00000|  0%| F|  |TAMS 0x0000000084900000, 0x0000000084900000| Untracked 
|  46|0x0000000084a00000, 0x0000000084a00000, 0x0000000084b00000|  0%| F|  |TAMS 0x0000000084a00000, 0x0000000084a00000| Untracked 
|  47|0x0000000084b00000, 0x0000000084b00000, 0x0000000084c00000|  0%| F|  |TAMS 0x0000000084b00000, 0x0000000084b00000| Untracked 
|  48|0x0000000084c00000, 0x0000000084c00000, 0x0000000084d00000|  0%| F|  |TAMS 0x0000000084c00000, 0x0000000084c00000| Untracked 
|  49|0x0000000084d00000, 0x0000000084d00000, 0x0000000084e00000|  0%| F|  |TAMS 0x0000000084d00000, 0x0000000084d00000| Untracked 
|  50|0x0000000084e00000, 0x0000000084e00000, 0x0000000084f00000|  0%| F|  |TAMS 0x0000000084e00000, 0x0000000084e00000| Untracked 
|  51|0x0000000084f00000, 0x0000000084f00000, 0x0000000085000000|  0%| F|  |TAMS 0x0000000084f00000, 0x0000000084f00000| Untracked 
|  52|0x0000000085000000, 0x0000000085000000, 0x0000000085100000|  0%| F|  |TAMS 0x0000000085000000, 0x0000000085000000| Untracked 
|  53|0x0000000085100000, 0x000000008514c2a0, 0x0000000085200000| 29%| S|CS|TAMS 0x0000000085100000, 0x0000000085100000| Complete 
|  54|0x0000000085200000, 0x0000000085300000, 0x0000000085300000|100%| S|CS|TAMS 0x0000000085200000, 0x0000000085200000| Complete 
|  55|0x0000000085300000, 0x0000000085400000, 0x0000000085400000|100%| S|CS|TAMS 0x0000000085300000, 0x0000000085300000| Complete 
|  56|0x0000000085400000, 0x0000000085500000, 0x0000000085500000|100%| S|CS|TAMS 0x0000000085400000, 0x0000000085400000| Complete 
|  57|0x0000000085500000, 0x0000000085500000, 0x0000000085600000|  0%| F|  |TAMS 0x0000000085500000, 0x0000000085500000| Untracked 
|  58|0x0000000085600000, 0x0000000085600000, 0x0000000085700000|  0%| F|  |TAMS 0x0000000085600000, 0x0000000085600000| Untracked 
|  59|0x0000000085700000, 0x0000000085700000, 0x0000000085800000|  0%| F|  |TAMS 0x0000000085700000, 0x0000000085700000| Untracked 
|  60|0x0000000085800000, 0x0000000085800000, 0x0000000085900000|  0%| F|  |TAMS 0x0000000085800000, 0x0000000085800000| Untracked 
|  61|0x0000000085900000, 0x0000000085a00000, 0x0000000085a00000|100%| S|CS|TAMS 0x0000000085900000, 0x0000000085900000| Complete 
|  62|0x0000000085a00000, 0x0000000085b00000, 0x0000000085b00000|100%| S|CS|TAMS 0x0000000085a00000, 0x0000000085a00000| Complete 
|  63|0x0000000085b00000, 0x0000000085c00000, 0x0000000085c00000|100%| S|CS|TAMS 0x0000000085b00000, 0x0000000085b00000| Complete 
|  64|0x0000000085c00000, 0x0000000085d00000, 0x0000000085d00000|100%| S|CS|TAMS 0x0000000085c00000, 0x0000000085c00000| Complete 
|  65|0x0000000085d00000, 0x0000000085e00000, 0x0000000085e00000|100%| S|CS|TAMS 0x0000000085d00000, 0x0000000085d00000| Complete 
|  66|0x0000000085e00000, 0x0000000085e00000, 0x0000000085f00000|  0%| F|  |TAMS 0x0000000085e00000, 0x0000000085e00000| Untracked 
|  67|0x0000000085f00000, 0x0000000085f00000, 0x0000000086000000|  0%| F|  |TAMS 0x0000000085f00000, 0x0000000085f00000| Untracked 
|  68|0x0000000086000000, 0x0000000086000000, 0x0000000086100000|  0%| F|  |TAMS 0x0000000086000000, 0x0000000086000000| Untracked 
|  69|0x0000000086100000, 0x0000000086100000, 0x0000000086200000|  0%| F|  |TAMS 0x0000000086100000, 0x0000000086100000| Untracked 
|  70|0x0000000086200000, 0x0000000086200000, 0x0000000086300000|  0%| F|  |TAMS 0x0000000086200000, 0x0000000086200000| Untracked 
|  71|0x0000000086300000, 0x0000000086300000, 0x0000000086400000|  0%| F|  |TAMS 0x0000000086300000, 0x0000000086300000| Untracked 
|  72|0x0000000086400000, 0x0000000086400000, 0x0000000086500000|  0%| F|  |TAMS 0x0000000086400000, 0x0000000086400000| Untracked 
|  73|0x0000000086500000, 0x0000000086500000, 0x0000000086600000|  0%| F|  |TAMS 0x0000000086500000, 0x0000000086500000| Untracked 
|  74|0x0000000086600000, 0x0000000086600000, 0x0000000086700000|  0%| F|  |TAMS 0x0000000086600000, 0x0000000086600000| Untracked 
|  75|0x0000000086700000, 0x0000000086700000, 0x0000000086800000|  0%| F|  |TAMS 0x0000000086700000, 0x0000000086700000| Untracked 
|  76|0x0000000086800000, 0x0000000086800000, 0x0000000086900000|  0%| F|  |TAMS 0x0000000086800000, 0x0000000086800000| Untracked 
|  77|0x0000000086900000, 0x0000000086900000, 0x0000000086a00000|  0%| F|  |TAMS 0x0000000086900000, 0x0000000086900000| Untracked 
|  78|0x0000000086a00000, 0x0000000086a00000, 0x0000000086b00000|  0%| F|  |TAMS 0x0000000086a00000, 0x0000000086a00000| Untracked 
|  79|0x0000000086b00000, 0x0000000086b00000, 0x0000000086c00000|  0%| F|  |TAMS 0x0000000086b00000, 0x0000000086b00000| Untracked 
|  80|0x0000000086c00000, 0x0000000086c00000, 0x0000000086d00000|  0%| F|  |TAMS 0x0000000086c00000, 0x0000000086c00000| Untracked 
|  81|0x0000000086d00000, 0x0000000086d00000, 0x0000000086e00000|  0%| F|  |TAMS 0x0000000086d00000, 0x0000000086d00000| Untracked 
|  82|0x0000000086e00000, 0x0000000086e4cb58, 0x0000000086f00000| 29%| E|  |TAMS 0x0000000086e00000, 0x0000000086e00000| Complete 
|  83|0x0000000086f00000, 0x0000000087000000, 0x0000000087000000|100%| E|CS|TAMS 0x0000000086f00000, 0x0000000086f00000| Complete 
|  84|0x0000000087000000, 0x0000000087100000, 0x0000000087100000|100%| E|CS|TAMS 0x0000000087000000, 0x0000000087000000| Complete 
|  85|0x0000000087100000, 0x0000000087200000, 0x0000000087200000|100%| E|CS|TAMS 0x0000000087100000, 0x0000000087100000| Complete 
|  86|0x0000000087200000, 0x0000000087300000, 0x0000000087300000|100%| E|CS|TAMS 0x0000000087200000, 0x0000000087200000| Complete 
|  87|0x0000000087300000, 0x0000000087400000, 0x0000000087400000|100%| E|CS|TAMS 0x0000000087300000, 0x0000000087300000| Complete 
|  88|0x0000000087400000, 0x0000000087500000, 0x0000000087500000|100%| E|CS|TAMS 0x0000000087400000, 0x0000000087400000| Complete 
|  89|0x0000000087500000, 0x0000000087600000, 0x0000000087600000|100%| E|CS|TAMS 0x0000000087500000, 0x0000000087500000| Complete 
|  90|0x0000000087600000, 0x0000000087700000, 0x0000000087700000|100%| E|CS|TAMS 0x0000000087600000, 0x0000000087600000| Complete 
|  91|0x0000000087700000, 0x0000000087800000, 0x0000000087800000|100%| E|CS|TAMS 0x0000000087700000, 0x0000000087700000| Complete 
|  92|0x0000000087800000, 0x0000000087900000, 0x0000000087900000|100%| E|CS|TAMS 0x0000000087800000, 0x0000000087800000| Complete 
|  93|0x0000000087900000, 0x0000000087a00000, 0x0000000087a00000|100%| E|CS|TAMS 0x0000000087900000, 0x0000000087900000| Complete 
|  94|0x0000000087a00000, 0x0000000087b00000, 0x0000000087b00000|100%| E|CS|TAMS 0x0000000087a00000, 0x0000000087a00000| Complete 
|  95|0x0000000087b00000, 0x0000000087c00000, 0x0000000087c00000|100%| E|CS|TAMS 0x0000000087b00000, 0x0000000087b00000| Complete 
|  96|0x0000000087c00000, 0x0000000087d00000, 0x0000000087d00000|100%| E|CS|TAMS 0x0000000087c00000, 0x0000000087c00000| Complete 
|  97|0x0000000087d00000, 0x0000000087e00000, 0x0000000087e00000|100%| E|CS|TAMS 0x0000000087d00000, 0x0000000087d00000| Complete 
|  98|0x0000000087e00000, 0x0000000087f00000, 0x0000000087f00000|100%| E|CS|TAMS 0x0000000087e00000, 0x0000000087e00000| Complete 
|  99|0x0000000087f00000, 0x0000000088000000, 0x0000000088000000|100%| E|CS|TAMS 0x0000000087f00000, 0x0000000087f00000| Complete 
| 100|0x0000000088000000, 0x0000000088100000, 0x0000000088100000|100%| E|CS|TAMS 0x0000000088000000, 0x0000000088000000| Complete 
| 101|0x0000000088100000, 0x0000000088200000, 0x0000000088200000|100%| E|CS|TAMS 0x0000000088100000, 0x0000000088100000| Complete 
| 102|0x0000000088200000, 0x0000000088300000, 0x0000000088300000|100%| E|CS|TAMS 0x0000000088200000, 0x0000000088200000| Complete 
| 103|0x0000000088300000, 0x0000000088400000, 0x0000000088400000|100%| E|CS|TAMS 0x0000000088300000, 0x0000000088300000| Complete 
| 104|0x0000000088400000, 0x0000000088500000, 0x0000000088500000|100%| E|CS|TAMS 0x0000000088400000, 0x0000000088400000| Complete 
| 105|0x0000000088500000, 0x0000000088600000, 0x0000000088600000|100%| E|CS|TAMS 0x0000000088500000, 0x0000000088500000| Complete 
| 106|0x0000000088600000, 0x0000000088700000, 0x0000000088700000|100%| E|CS|TAMS 0x0000000088600000, 0x0000000088600000| Complete 
| 107|0x0000000088700000, 0x0000000088800000, 0x0000000088800000|100%| E|CS|TAMS 0x0000000088700000, 0x0000000088700000| Complete 
| 108|0x0000000088800000, 0x0000000088900000, 0x0000000088900000|100%| E|CS|TAMS 0x0000000088800000, 0x0000000088800000| Complete 
| 109|0x0000000088900000, 0x0000000088a00000, 0x0000000088a00000|100%| E|CS|TAMS 0x0000000088900000, 0x0000000088900000| Complete 
| 110|0x0000000088a00000, 0x0000000088b00000, 0x0000000088b00000|100%| E|CS|TAMS 0x0000000088a00000, 0x0000000088a00000| Complete 
| 111|0x0000000088b00000, 0x0000000088c00000, 0x0000000088c00000|100%| E|CS|TAMS 0x0000000088b00000, 0x0000000088b00000| Complete 
| 112|0x0000000088c00000, 0x0000000088d00000, 0x0000000088d00000|100%| E|CS|TAMS 0x0000000088c00000, 0x0000000088c00000| Complete 
| 113|0x0000000088d00000, 0x0000000088e00000, 0x0000000088e00000|100%| E|CS|TAMS 0x0000000088d00000, 0x0000000088d00000| Complete 
| 114|0x0000000088e00000, 0x0000000088f00000, 0x0000000088f00000|100%| E|CS|TAMS 0x0000000088e00000, 0x0000000088e00000| Complete 
| 115|0x0000000088f00000, 0x0000000089000000, 0x0000000089000000|100%| E|CS|TAMS 0x0000000088f00000, 0x0000000088f00000| Complete 
| 116|0x0000000089000000, 0x0000000089100000, 0x0000000089100000|100%| E|CS|TAMS 0x0000000089000000, 0x0000000089000000| Complete 
| 117|0x0000000089100000, 0x0000000089200000, 0x0000000089200000|100%| E|CS|TAMS 0x0000000089100000, 0x0000000089100000| Complete 
| 118|0x0000000089200000, 0x0000000089300000, 0x0000000089300000|100%| E|CS|TAMS 0x0000000089200000, 0x0000000089200000| Complete 
| 119|0x0000000089300000, 0x0000000089400000, 0x0000000089400000|100%| E|CS|TAMS 0x0000000089300000, 0x0000000089300000| Complete 
| 120|0x0000000089400000, 0x0000000089500000, 0x0000000089500000|100%| E|CS|TAMS 0x0000000089400000, 0x0000000089400000| Complete 
| 121|0x0000000089500000, 0x0000000089600000, 0x0000000089600000|100%| E|CS|TAMS 0x0000000089500000, 0x0000000089500000| Complete 
| 122|0x0000000089600000, 0x0000000089700000, 0x0000000089700000|100%| E|CS|TAMS 0x0000000089600000, 0x0000000089600000| Complete 
| 123|0x0000000089700000, 0x0000000089800000, 0x0000000089800000|100%| E|CS|TAMS 0x0000000089700000, 0x0000000089700000| Complete 
| 124|0x0000000089800000, 0x0000000089900000, 0x0000000089900000|100%| E|CS|TAMS 0x0000000089800000, 0x0000000089800000| Complete 
| 125|0x0000000089900000, 0x0000000089a00000, 0x0000000089a00000|100%| E|CS|TAMS 0x0000000089900000, 0x0000000089900000| Complete 
| 126|0x0000000089a00000, 0x0000000089b00000, 0x0000000089b00000|100%| E|CS|TAMS 0x0000000089a00000, 0x0000000089a00000| Complete 
| 127|0x0000000089b00000, 0x0000000089c00000, 0x0000000089c00000|100%| E|CS|TAMS 0x0000000089b00000, 0x0000000089b00000| Complete 

Card table byte_map: [0x00000230d1e10000,0x00000230d2210000] _byte_map_base: 0x00000230d1a02000

Marking Bits (Prev, Next): (CMBitMap*) 0x00000230ba668720, (CMBitMap*) 0x00000230ba6686e8
 Prev Bits: [0x00000230d45a0000, 0x00000230d6530000)
 Next Bits: [0x00000230d2610000, 0x00000230d45a0000)

Polling page: 0x00000230b83d0000

Metaspace:

Usage:
  Non-class:     75.00 MB capacity,    74.06 MB ( 99%) used,   739.26 KB ( <1%) free+waste,   228.69 KB ( <1%) overhead. 
      Class:     11.64 MB capacity,    10.98 MB ( 94%) used,   571.82 KB (  5%) free+waste,   104.19 KB ( <1%) overhead. 
       Both:     86.64 MB capacity,    85.04 MB ( 98%) used,     1.28 MB (  1%) free+waste,   332.88 KB ( <1%) overhead. 

Virtual space:
  Non-class space:       80.00 MB reserved,      75.25 MB ( 94%) committed 
      Class space:        1.00 GB reserved,      11.75 MB (  1%) committed 
             Both:        1.08 GB reserved,      87.00 MB (  8%) committed 

Chunk freelists:
   Non-Class:  7.75 KB
       Class:  2.00 KB
        Both:  9.75 KB

CodeHeap 'non-profiled nmethods': size=120064Kb used=5384Kb max_used=5384Kb free=114679Kb
 bounds [0x00000230ca4d0000, 0x00000230caa20000, 0x00000230d1a10000]
CodeHeap 'profiled nmethods': size=120000Kb used=17819Kb max_used=17819Kb free=102180Kb
 bounds [0x00000230c2fa0000, 0x00000230c4110000, 0x00000230ca4d0000]
CodeHeap 'non-nmethods': size=5696Kb used=1279Kb max_used=1332Kb free=4416Kb
 bounds [0x00000230c2a10000, 0x00000230c2c80000, 0x00000230c2fa0000]
 total_blobs=9677 nmethods=7079 adapters=592
 compilation: enabled
              stopped_count=0, restarted_count=0
 full_count=0

Compilation events (10 events):
Event: 45.403 Thread 0x00000230d931b800 nmethod 7220 0x00000230c4101b10 code [0x00000230c41020e0, 0x00000230c4106660]
Event: 45.406 Thread 0x00000230deaa0000 7218       4       org.springframework.util.ReflectionUtils::findMethod (109 bytes)
Event: 45.438 Thread 0x00000230d931b800 7223       1       org.apache.tomcat.util.http.MimeHeaderField::getName (5 bytes)
Event: 45.438 Thread 0x00000230d931b800 nmethod 7223 0x00000230caa0f090 code [0x00000230caa0f220, 0x00000230caa0f338]
Event: 45.446 Thread 0x00000230d92ba000 nmethod 7213% 0x00000230caa0f390 code [0x00000230caa0f5c0, 0x00000230caa10930]
Event: 45.446 Thread 0x00000230d92ba000 7222   !   4       org.springframework.util.ClassUtils::getMostSpecificMethod (72 bytes)
Event: 45.449 Thread 0x00000230d931b800 7224       3       java.util.regex.Pattern$TreeInfo::reset (21 bytes)
Event: 45.449 Thread 0x00000230d931b800 nmethod 7224 0x00000230c4107610 code [0x00000230c41077a0, 0x00000230c4107918]
Event: 45.456 Thread 0x00000230d931b800 7226       3       java.util.ResourceBundle$CacheKey::hashCode (23 bytes)
Event: 45.457 Thread 0x00000230d931b800 nmethod 7226 0x00000230c4107990 code [0x00000230c4107b40, 0x00000230c4107d40]

GC Heap History (10 events):
Event: 18.205 GC heap before
{Heap before GC invocations=12 (full 0):
 garbage-first heap   total 131072K, used 93211K [0x0000000081c00000, 0x0000000100000000)
  region size 1024K, 76 young (77824K), 6 survivors (6144K)
 Metaspace       used 54077K, capacity 55189K, committed 55296K, reserved 1097728K
  class space    used 6456K, capacity 6901K, committed 6912K, reserved 1048576K
}
Event: 18.220 GC heap after
{Heap after GC invocations=13 (full 0):
 garbage-first heap   total 131072K, used 25169K [0x0000000081c00000, 0x0000000100000000)
  region size 1024K, 9 young (9216K), 9 survivors (9216K)
 Metaspace       used 54077K, capacity 55189K, committed 55296K, reserved 1097728K
  class space    used 6456K, capacity 6901K, committed 6912K, reserved 1048576K
}
Event: 19.547 GC heap before
{Heap before GC invocations=13 (full 0):
 garbage-first heap   total 131072K, used 53841K [0x0000000081c00000, 0x0000000100000000)
  region size 1024K, 38 young (38912K), 9 survivors (9216K)
 Metaspace       used 58839K, capacity 60049K, committed 60160K, reserved 1101824K
  class space    used 7230K, capacity 7712K, committed 7808K, reserved 1048576K
}
Event: 19.558 GC heap after
{Heap after GC invocations=14 (full 0):
 garbage-first heap   total 131072K, used 25738K [0x0000000081c00000, 0x0000000100000000)
  region size 1024K, 6 young (6144K), 6 survivors (6144K)
 Metaspace       used 58839K, capacity 60049K, committed 60160K, reserved 1101824K
  class space    used 7230K, capacity 7712K, committed 7808K, reserved 1048576K
}
Event: 21.771 GC heap before
{Heap before GC invocations=15 (full 0):
 garbage-first heap   total 131072K, used 83082K [0x0000000081c00000, 0x0000000100000000)
  region size 1024K, 62 young (63488K), 6 survivors (6144K)
 Metaspace       used 68665K, capacity 69894K, committed 70016K, reserved 1110016K
  class space    used 8782K, capacity 9285K, committed 9344K, reserved 1048576K
}
Event: 21.782 GC heap after
{Heap after GC invocations=16 (full 0):
 garbage-first heap   total 131072K, used 28748K [0x0000000081c00000, 0x0000000100000000)
  region size 1024K, 5 young (5120K), 5 survivors (5120K)
 Metaspace       used 68665K, capacity 69894K, committed 70016K, reserved 1110016K
  class space    used 8782K, capacity 9285K, committed 9344K, reserved 1048576K
}
Event: 25.947 GC heap before
{Heap before GC invocations=16 (full 0):
 garbage-first heap   total 131072K, used 88140K [0x0000000081c00000, 0x0000000100000000)
  region size 1024K, 63 young (64512K), 5 survivors (5120K)
 Metaspace       used 74254K, capacity 75660K, committed 75776K, reserved 1114112K
  class space    used 9615K, capacity 10163K, committed 10240K, reserved 1048576K
}
Event: 25.956 GC heap after
{Heap after GC invocations=17 (full 0):
 garbage-first heap   total 131072K, used 31733K [0x0000000081c00000, 0x0000000100000000)
  region size 1024K, 8 young (8192K), 8 survivors (8192K)
 Metaspace       used 74254K, capacity 75660K, committed 75776K, reserved 1114112K
  class space    used 9615K, capacity 10163K, committed 10240K, reserved 1048576K
}
Event: 28.150 GC heap before
{Heap before GC invocations=17 (full 0):
 garbage-first heap   total 131072K, used 91125K [0x0000000081c00000, 0x0000000100000000)
  region size 1024K, 66 young (67584K), 8 survivors (8192K)
 Metaspace       used 80539K, capacity 82170K, committed 82304K, reserved 1120256K
  class space    used 10409K, capacity 11038K, committed 11136K, reserved 1048576K
}
Event: 28.168 GC heap after
{Heap after GC invocations=18 (full 0):
 garbage-first heap   total 131072K, used 36649K [0x0000000081c00000, 0x0000000100000000)
  region size 1024K, 9 young (9216K), 9 survivors (9216K)
 Metaspace       used 80539K, capacity 82170K, committed 82304K, reserved 1120256K
  class space    used 10409K, capacity 11038K, committed 11136K, reserved 1048576K
}

Deoptimization events (10 events):
Event: 29.667 Thread 0x00000230ba629000 Uncommon trap: reason=class_check action=maybe_recompile pc=0x00000230ca922b2c method=java.util.TreeMap.getEntry(Ljava/lang/Object;)Ljava/util/TreeMap$Entry; @ 26 c2
Event: 30.504 Thread 0x00000230ba629000 Uncommon trap: reason=unstable_if action=reinterpret pc=0x00000230ca9f7c88 method=org.springframework.boot.autoconfigure.condition.ConditionEvaluationReport.lambda$addNoMatchOutcomeToAncestors$1(Ljava/lang/String;Ljava/lang/String;Ljava/lang/String;Lorg/s
Event: 45.427 Thread 0x00000230e11bf000 Uncommon trap: reason=class_check action=maybe_recompile pc=0x00000230ca922b2c method=java.util.TreeMap.getEntry(Ljava/lang/Object;)Ljava/util/TreeMap$Entry; @ 26 c2
Event: 45.427 Thread 0x00000230e11bf000 Uncommon trap: reason=class_check action=maybe_recompile pc=0x00000230ca922b2c method=java.util.TreeMap.getEntry(Ljava/lang/Object;)Ljava/util/TreeMap$Entry; @ 26 c2
Event: 45.427 Thread 0x00000230e11bf000 Uncommon trap: reason=class_check action=maybe_recompile pc=0x00000230ca922b2c method=java.util.TreeMap.getEntry(Ljava/lang/Object;)Ljava/util/TreeMap$Entry; @ 26 c2
Event: 45.440 Thread 0x00000230e11bf000 Uncommon trap: reason=unstable_if action=reinterpret pc=0x00000230ca7b128c method=java.lang.StringCoding.decodeUTF8([BIIZ)Ljava/lang/StringCoding$Result; @ 12 c2
Event: 45.440 Thread 0x00000230e11bf000 Uncommon trap: reason=unstable_if action=reinterpret pc=0x00000230ca563734 method=java.lang.String.indexOf(Ljava/lang/String;)I @ 15 c2
Event: 45.442 Thread 0x00000230e11bf000 Uncommon trap: reason=class_check action=maybe_recompile pc=0x00000230ca812460 method=java.util.regex.Matcher.search(I)Z @ 121 c2
Event: 45.442 Thread 0x00000230e11bf000 Uncommon trap: reason=class_check action=maybe_recompile pc=0x00000230ca812460 method=java.util.regex.Matcher.search(I)Z @ 121 c2
Event: 45.443 Thread 0x00000230e11bf000 Uncommon trap: reason=class_check action=maybe_recompile pc=0x00000230ca812460 method=java.util.regex.Matcher.search(I)Z @ 121 c2

Classes redefined (0 events):
No events

Internal exceptions (10 events):
Event: 35.991 Thread 0x00000230d93e9800 Exception <a 'java/net/SocketTimeoutException'{0x0000000087970f40}: Receive timed out> (0x0000000087970f40) thrown at [./open/src/hotspot/share/prims/jni.cpp, line 632]
Event: 37.005 Thread 0x00000230d93e9800 Exception <a 'java/net/SocketTimeoutException'{0x0000000087971250}: Receive timed out> (0x0000000087971250) thrown at [./open/src/hotspot/share/prims/jni.cpp, line 632]
Event: 38.013 Thread 0x00000230d93e9800 Exception <a 'java/net/SocketTimeoutException'{0x0000000087971560}: Receive timed out> (0x0000000087971560) thrown at [./open/src/hotspot/share/prims/jni.cpp, line 632]
Event: 39.017 Thread 0x00000230d93e9800 Exception <a 'java/net/SocketTimeoutException'{0x0000000087971870}: Receive timed out> (0x0000000087971870) thrown at [./open/src/hotspot/share/prims/jni.cpp, line 632]
Event: 40.025 Thread 0x00000230d93e9800 Exception <a 'java/net/SocketTimeoutException'{0x0000000087971b80}: Receive timed out> (0x0000000087971b80) thrown at [./open/src/hotspot/share/prims/jni.cpp, line 632]
Event: 41.032 Thread 0x00000230d93e9800 Exception <a 'java/net/SocketTimeoutException'{0x0000000087971e90}: Receive timed out> (0x0000000087971e90) thrown at [./open/src/hotspot/share/prims/jni.cpp, line 632]
Event: 42.035 Thread 0x00000230d93e9800 Exception <a 'java/net/SocketTimeoutException'{0x00000000879721a0}: Receive timed out> (0x00000000879721a0) thrown at [./open/src/hotspot/share/prims/jni.cpp, line 632]
Event: 43.047 Thread 0x00000230d93e9800 Exception <a 'java/net/SocketTimeoutException'{0x00000000879724b0}: Receive timed out> (0x00000000879724b0) thrown at [./open/src/hotspot/share/prims/jni.cpp, line 632]
Event: 44.061 Thread 0x00000230d93e9800 Exception <a 'java/net/SocketTimeoutException'{0x00000000879727c0}: Receive timed out> (0x00000000879727c0) thrown at [./open/src/hotspot/share/prims/jni.cpp, line 632]
Event: 45.073 Thread 0x00000230d93e9800 Exception <a 'java/net/SocketTimeoutException'{0x0000000087972ad0}: Receive timed out> (0x0000000087972ad0) thrown at [./open/src/hotspot/share/prims/jni.cpp, line 632]

Events (10 events):
Event: 45.450 Executing VM operation: RevokeBias
Event: 45.450 Executing VM operation: RevokeBias done
Event: 45.450 loading class javax/servlet/http/HttpServletResponseWrapper
Event: 45.450 loading class javax/servlet/http/HttpServletResponseWrapper done
Event: 45.453 loading class javax/servlet/ServletResponseWrapper
Event: 45.453 loading class javax/servlet/ServletResponseWrapper done
Event: 45.455 loading class javax/servlet/LocalStrings
Event: 45.455 loading class javax/servlet/LocalStrings done
Event: 45.456 loading class javax/servlet/LocalStrings_ko
Event: 45.456 loading class javax/servlet/LocalStrings_ko done


Dynamic libraries:
0x00007ff6a79e0000 - 0x00007ff6a7a27000 	C:\Program Files\Java\jdk-11.0.7\bin\java.exe
0x00007ff98ba90000 - 0x00007ff98bc86000 	C:\WINDOWS\SYSTEM32\ntdll.dll
0x00007ff98ad40000 - 0x00007ff98adfd000 	C:\WINDOWS\System32\KERNEL32.DLL
0x00007ff9895c0000 - 0x00007ff989888000 	C:\WINDOWS\System32\KERNELBASE.dll
0x00007ff98b8f0000 - 0x00007ff98b99a000 	C:\WINDOWS\System32\ADVAPI32.dll
0x00007ff98b0a0000 - 0x00007ff98b13e000 	C:\WINDOWS\System32\msvcrt.dll
0x00007ff989e70000 - 0x00007ff989f0b000 	C:\WINDOWS\System32\sechost.dll
0x00007ff989fc0000 - 0x00007ff98a0e4000 	C:\WINDOWS\System32\RPCRT4.dll
0x00007ff98a210000 - 0x00007ff98a3b0000 	C:\WINDOWS\System32\USER32.dll
0x00007ff9899a0000 - 0x00007ff9899c2000 	C:\WINDOWS\System32\win32u.dll
0x00007ff98a3d0000 - 0x00007ff98a3fa000 	C:\WINDOWS\System32\GDI32.dll
0x00007ff989890000 - 0x00007ff989999000 	C:\WINDOWS\System32\gdi32full.dll
0x00007ff989210000 - 0x00007ff9892ad000 	C:\WINDOWS\System32\msvcp_win.dll
0x00007ff989460000 - 0x00007ff989560000 	C:\WINDOWS\System32\ucrtbase.dll
0x00007ff95d6e0000 - 0x00007ff95d97b000 	C:\WINDOWS\WinSxS\amd64_microsoft.windows.common-controls_6595b64144ccf1df_6.0.19041.488_none_ca04af081b815d21\COMCTL32.dll
0x00007ff97ef30000 - 0x00007ff97ef3a000 	C:\WINDOWS\SYSTEM32\VERSION.dll
0x00007ff98a0f0000 - 0x00007ff98a120000 	C:\WINDOWS\System32\IMM32.DLL
0x00007ff981b30000 - 0x00007ff981b46000 	C:\Program Files\Java\jdk-11.0.7\bin\vcruntime140.dll
0x00007ff94b940000 - 0x00007ff94b9ea000 	C:\Program Files\Java\jdk-11.0.7\bin\msvcp140.dll
0x00007ff93c840000 - 0x00007ff93d3a1000 	C:\Program Files\Java\jdk-11.0.7\bin\server\jvm.dll
0x00007ff98a3c0000 - 0x00007ff98a3c8000 	C:\WINDOWS\System32\PSAPI.DLL
0x00007ff9879a0000 - 0x00007ff9879a9000 	C:\WINDOWS\SYSTEM32\WSOCK32.dll
0x00007ff98ae00000 - 0x00007ff98ae6b000 	C:\WINDOWS\System32\WS2_32.dll
0x00007ff977730000 - 0x00007ff977757000 	C:\WINDOWS\SYSTEM32\WINMM.dll
0x00007ff987e00000 - 0x00007ff987e12000 	C:\WINDOWS\SYSTEM32\kernel.appcore.dll
0x00007ff9818b0000 - 0x00007ff9818c1000 	C:\Program Files\Java\jdk-11.0.7\bin\verify.dll
0x00007ff987790000 - 0x00007ff987974000 	C:\WINDOWS\SYSTEM32\DBGHELP.DLL
0x00007ff973200000 - 0x00007ff97322c000 	C:\WINDOWS\SYSTEM32\dbgcore.DLL
0x00007ff989a80000 - 0x00007ff989aff000 	C:\WINDOWS\System32\bcryptPrimitives.dll
0x00007ff981590000 - 0x00007ff9815b9000 	C:\Program Files\Java\jdk-11.0.7\bin\java.dll
0x00007ff982670000 - 0x00007ff98267a000 	C:\Program Files\Java\jdk-11.0.7\bin\jimage.dll
0x00007ff95d390000 - 0x00007ff95d3c0000 	C:\Program Files\Java\jdk-11.0.7\bin\instrument.dll
0x00007ff9816b0000 - 0x00007ff9816c6000 	C:\Program Files\Java\jdk-11.0.7\bin\zip.dll
0x00007ff98a400000 - 0x00007ff98ab40000 	C:\WINDOWS\System32\SHELL32.dll
0x00007ff986f30000 - 0x00007ff9876c4000 	C:\WINDOWS\SYSTEM32\windows.storage.dll
0x00007ff989b10000 - 0x00007ff989e65000 	C:\WINDOWS\System32\combase.dll
0x00007ff988c50000 - 0x00007ff988c7c000 	C:\WINDOWS\SYSTEM32\Wldp.dll
0x00007ff989f10000 - 0x00007ff989fbe000 	C:\WINDOWS\System32\SHCORE.dll
0x00007ff98b5b0000 - 0x00007ff98b605000 	C:\WINDOWS\System32\shlwapi.dll
0x00007ff989110000 - 0x00007ff989136000 	C:\WINDOWS\SYSTEM32\profapi.dll
0x00007ff980cc0000 - 0x00007ff980cd9000 	C:\Program Files\Java\jdk-11.0.7\bin\net.dll
0x00007ff97a900000 - 0x00007ff97aa00000 	C:\WINDOWS\SYSTEM32\WINHTTP.dll
0x00007ff9889d0000 - 0x00007ff988a3a000 	C:\WINDOWS\system32\mswsock.dll
0x00007ff96db00000 - 0x00007ff96db13000 	C:\Program Files\Java\jdk-11.0.7\bin\nio.dll
0x00007ff96dac0000 - 0x00007ff96dada000 	C:\Program Files\JetBrains\IntelliJ IDEA Community Edition 2020.2.3\bin\breakgen64.dll
0x00007ff988670000 - 0x00007ff9886ab000 	C:\WINDOWS\SYSTEM32\IPHLPAPI.DLL
0x00007ff989b00000 - 0x00007ff989b09000 	C:\WINDOWS\System32\NSI.dll
0x00007ff97eaf0000 - 0x00007ff97eb07000 	C:\WINDOWS\SYSTEM32\dhcpcsvc6.DLL
0x00007ff97f180000 - 0x00007ff97f19d000 	C:\WINDOWS\SYSTEM32\dhcpcsvc.DLL
0x00007ff9886c0000 - 0x00007ff98878b000 	C:\WINDOWS\SYSTEM32\DNSAPI.dll
0x00007ff979740000 - 0x00007ff97974a000 	C:\Windows\System32\rasadhlp.dll
0x00007ff979980000 - 0x00007ff9799ff000 	C:\WINDOWS\System32\fwpuclnt.dll
0x00007ff9891e0000 - 0x00007ff989207000 	C:\WINDOWS\System32\bcrypt.dll
0x00007ff9819c0000 - 0x00007ff9819c9000 	C:\Program Files\Java\jdk-11.0.7\bin\management.dll
0x00007ff981580000 - 0x00007ff98158c000 	C:\Program Files\Java\jdk-11.0.7\bin\management_ext.dll
0x00007ff96e660000 - 0x00007ff96e677000 	C:\WINDOWS\system32\napinsp.dll
0x00007ff96e640000 - 0x00007ff96e65b000 	C:\WINDOWS\system32\pnrpnsp.dll
0x00007ff983d30000 - 0x00007ff983d45000 	C:\WINDOWS\system32\wshbth.dll
0x00007ff9843f0000 - 0x00007ff98440d000 	C:\WINDOWS\system32\NLAapi.dll
0x00007ff96e620000 - 0x00007ff96e632000 	C:\WINDOWS\System32\winrnr.dll
0x00007ff988ba0000 - 0x00007ff988bb8000 	C:\WINDOWS\SYSTEM32\CRYPTSP.dll
0x00007ff9882f0000 - 0x00007ff988324000 	C:\WINDOWS\system32\rsaenh.dll
0x00007ff9890d0000 - 0x00007ff9890fe000 	C:\WINDOWS\SYSTEM32\USERENV.dll
0x00007ff988bc0000 - 0x00007ff988bcc000 	C:\WINDOWS\SYSTEM32\CRYPTBASE.dll
0x00007ff96d250000 - 0x00007ff96d25e000 	C:\Program Files\Java\jdk-11.0.7\bin\sunmscapi.dll
0x00007ff9892b0000 - 0x00007ff98940d000 	C:\WINDOWS\System32\CRYPT32.dll
0x00007ff988cc0000 - 0x00007ff988ce7000 	C:\WINDOWS\SYSTEM32\ncrypt.dll
0x00007ff988c80000 - 0x00007ff988cbb000 	C:\WINDOWS\SYSTEM32\NTASN1.dll
0x00007ff95d360000 - 0x00007ff95d386000 	C:\Program Files\Java\jdk-11.0.7\bin\sunec.dll

dbghelp: loaded successfully - version: 4.0.5 - missing functions: none
symbol engine: initialized successfully - sym options: 0x614 - pdb path: .;C:\Program Files\Java\jdk-11.0.7\bin;C:\WINDOWS\SYSTEM32;C:\WINDOWS\WinSxS\amd64_microsoft.windows.common-controls_6595b64144ccf1df_6.0.19041.488_none_ca04af081b815d21;C:\Program Files\Java\jdk-11.0.7\bin\server;C:\Program Files\JetBrains\IntelliJ IDEA Community Edition 2020.2.3\bin

VM Arguments:
jvm_args: -javaagent:C:\Program Files\JetBrains\IntelliJ IDEA Community Edition 2020.2.3\lib\idea_rt.jar=52422:C:\Program Files\JetBrains\IntelliJ IDEA Community Edition 2020.2.3\bin -Dfile.encoding=UTF-8 
java_command: com.direa.zuul.ZuulApplication
java_class_path (initial): C:\Users\user\Desktop\인턴\demo\gateway-demo\zuul (1)\zuul\out\production\classes;C:\Users\user\Desktop\인턴\demo\gateway-demo\zuul (1)\zuul\out\production\resources;C:\Users\user\.gradle\caches\modules-2\files-2.1\org.springframework.cloud\spring-cloud-starter-netflix-eureka-client\2.2.5.RELEASE\35dcbeddd1b800b6044b1173b0894f5535f9898d\spring-cloud-starter-netflix-eureka-client-2.2.5.RELEASE.jar;C:\Users\user\.gradle\caches\modules-2\files-2.1\org.springframework.cloud\spring-cloud-config-client\2.2.5.RELEASE\70febe49a9bc84bf2d139cb67aec7d50c4171567\spring-cloud-config-client-2.2.5.RELEASE.jar;C:\Users\user\.gradle\caches\modules-2\files-2.1\org.springframework.cloud\spring-cloud-starter-netflix-zuul\2.2.5.RELEASE\65b583693228782f1f3ee0f41b76eeb96315021c\spring-cloud-starter-netflix-zuul-2.2.5.RELEASE.jar;C:\Users\user\.gradle\caches\modules-2\files-2.1\org.springframework.boot\spring-boot-starter-actuator\2.3.5.RELEASE\24a9facb9ee0c13f4499b35a9ed70bc8e6c10f5b\spring-boot-starter-actuator-2.3.5.RELEASE.jar;C:\Users\user\.gradle\caches\modules-2\files-2.1\org.springframework.cloud\spring-cloud-starter-netflix-ribbon\2.2.5.RELEASE\f3dadab26eef053f930cbd231eba94222e19cdba\spring-cloud-starter-netflix-ribbon-2.2.5.RELEASE.jar;C:\Users\user\.gradle\caches\modules-2\files-2.1\org.springframework.cloud\spring-cloud-starter-netflix-hystrix-dashboard\2.2.6.RELEASE\31714e8ceba76da2eafd172c396410d09e432b5b\spring-cloud-starter-netflix-hystrix-dashboard-2.2.6.RELEASE.jar;C:\Users\user\.gradle\caches\modules-2\files-2.1\org.springframework.boot\spring-boot-starter-web\2.1.3.RELEASE\e65a0538c3075a0910e7273a9dbedb189761b1ae\spring-boot-starter-web-2.1.3.RELEASE.jar;C:\Users\user\.gradle\caches\modules-2\files-2.1\com.marcosbarbero.cloud\spring-cloud-zuul-ratelimit\1.5.0.RELEASE\836875d46ae31246229d5f11b2026bce58696a44\spring-cloud-zuul-ratelimit-1.5.0.RELEASE.jar;C:\Users\user\.gradle\caches\modules-2\files-2.1\org.springframework.boot\spring-boot-sta
Launcher Type: SUN_STANDARD

[Global flags]
     intx CICompilerCount                          = 3                                         {product} {ergonomic}
     uint ConcGCThreads                            = 1                                         {product} {ergonomic}
     uint G1ConcRefinementThreads                  = 4                                         {product} {ergonomic}
   size_t G1HeapRegionSize                         = 1048576                                   {product} {ergonomic}
    uintx GCDrainStackTargetSize                   = 64                                        {product} {ergonomic}
   size_t InitialHeapSize                          = 134217728                                 {product} {ergonomic}
   size_t MarkStackSize                            = 4194304                                   {product} {ergonomic}
   size_t MaxHeapSize                              = 2118123520                                {product} {ergonomic}
   size_t MaxNewSize                               = 1270874112                                {product} {ergonomic}
   size_t MinHeapDeltaBytes                        = 1048576                                   {product} {ergonomic}
    uintx NonNMethodCodeHeapSize                   = 5830732                                {pd product} {ergonomic}
    uintx NonProfiledCodeHeapSize                  = 122913754                              {pd product} {ergonomic}
    uintx ProfiledCodeHeapSize                     = 122913754                              {pd product} {ergonomic}
    uintx ReservedCodeCacheSize                    = 251658240                              {pd product} {ergonomic}
     bool SegmentedCodeCache                       = true                                      {product} {ergonomic}
     bool UseCompressedClassPointers               = true                                 {lp64_product} {ergonomic}
     bool UseCompressedOops                        = true                                 {lp64_product} {ergonomic}
     bool UseG1GC                                  = true                                      {product} {ergonomic}
     bool UseLargePagesIndividualAllocation        = false                                  {pd product} {ergonomic}

Logging:
Log output configuration:
 #0: stdout all=warning uptime,level,tags
 #1: stderr all=off uptime,level,tags

Environment Variables:
JAVA_HOME=C:\Program Files\Java\jdk-11.0.7
PATH=C:\Program Files (x86)\Common Files\Oracle\Java\javapath;C:\Program Files\Java\jdk-11.0.7;C:\app\user\product\18.0.0\dbhomeXE\bin;C:\Program Files (x86)\NAT Service;C:\ProgramData\Oracle\Java\javapath;C:\Program Files\Microsoft MPI\Bin\;C:\Program Files (x86)\Intel\iCLS Client\;C:\Program Files\Intel\iCLS Client\;C:\WINDOWS\system32;C:\WINDOWS;C:\WINDOWS\System32\Wbem;C:\WINDOWS\System32\WindowsPowerShell\v1.0\;C:\Program Files (x86)\Intel\Intel(R) Management Engine Components\DAL;C:\Program Files\Intel\Intel(R) Management Engine Components\DAL;C:\Program Files (x86)\Intel\Intel(R) Management Engine Components\IPT;C:\Program Files\Intel\Intel(R) Management Engine Components\IPT;C:\Program Files\dotnet\;C:\Program Files (x86)\GtkSharp\2.12\bin;C:\WINDOWS\System32\OpenSSH\;C:\Program Files\Intel\WiFi\bin\;C:\Program Files\Common Files\Intel\WirelessCommon\;C:\apache-maven-3.6.3-bin\apache-maven-3.6.3\bin;C:\Program Files\Java\jdk-11.0.7\bin;C:\Program Files\Git\cmd;C:\Users\user\Miniconda3;C:\Users\user\Miniconda3\Library\mingw-w64\bin;C:\Users\user\Miniconda3\Library\usr\bin;C:\Users\user\Miniconda3\Library\bin;C:\Users\user\Miniconda3\Scripts;C:\Users\user\AppData\Local\Microsoft\WindowsApps;C:\Users\user\AppData\Local\atom\bin;C:\Users\user\Documents\python-3.6.1-embed-amd64;C:\Users\user\AppData\Local\Microsoft\WindowsApps;C:\Users\user\AppData\Local\GitHubDesktop\bin;C:\Users\user\AppData\Local\Programs\Microsoft VS Code\bin;;C:\Program Files\JetBrains\IntelliJ IDEA Community Edition 2020.2.3\bin;
USERNAME=user
OS=Windows_NT
PROCESSOR_IDENTIFIER=Intel64 Family 6 Model 78 Stepping 3, GenuineIntel



---------------  S Y S T E M  ---------------

OS: Windows 10 , 64 bit Build 19041 (10.0.19041.546)

CPU:total 4 (initial active 4) (2 cores per cpu, 2 threads per core) family 6 model 78 stepping 3, cmov, cx8, fxsr, mmx, sse, sse2, sse3, ssse3, sse4.1, sse4.2, popcnt, avx, avx2, aes, clmul, erms, 3dnowpref, lzcnt, ht, tsc, tscinvbit, bmi1, bmi2, adx, fma

Memory: 4k page, system-wide physical 8076M (402M free)
TotalPageFile size 32652M (AvailPageFile size 0M)
current process WorkingSet (physical memory assigned to process): 316M, peak: 350M
current process commit charge ("private bytes"): 365M, peak: 398M

vm_info: Java HotSpot(TM) 64-Bit Server VM (11.0.7+8-LTS) for windows-amd64 JRE (11.0.7+8-LTS), built on Mar 12 2020 02:04:32 by "mach5one" with MS VC++ 15.5 (VS2017)

END.
