#
# There is insufficient memory for the Java Runtime Environment to continue.
# Native memory allocation (malloc) failed to allocate 1946576 bytes for Chunk::new
# Possible reasons:
#   The system is out of physical RAM or swap space
#   The process is running with CompressedOops enabled, and the Java Heap may be blocking the growth of the native heap
# Possible solutions:
#   Reduce memory load on the system
#   Increase physical memory or swap space
#   Check if swap backing store is full
#   Decrease Java heap size (-Xmx/-Xms)
#   Decrease number of Java threads
#   Decrease Java thread stack sizes (-Xss)
#   Set larger code cache with -XX:ReservedCodeCacheSize=
#   JVM is running with Unscaled Compressed Oops mode in which the Java heap is
#     placed in the first 4GB address space. The Java Heap base address is the
#     maximum limit for the native heap growth. Please use -XX:HeapBaseMinAddress
#     to set the Java Heap base and to place the Java Heap above 4GB virtual address.
# This output file may be truncated or incomplete.
#
#  Out of Memory Error (./open/src/hotspot/share/memory/arena.cpp:197), pid=68384, tid=73076
#
# JRE version: Java(TM) SE Runtime Environment 18.9 (11.0.7+8) (build 11.0.7+8-LTS)
# Java VM: Java HotSpot(TM) 64-Bit Server VM 18.9 (11.0.7+8-LTS, mixed mode, tiered, compressed oops, g1 gc, windows-amd64)
# No core dump will be written. Minidumps are not enabled by default on client versions of Windows
#

---------------  S U M M A R Y ------------

Command Line: -javaagent:C:\Program Files\JetBrains\IntelliJ IDEA Community Edition 2020.2.3\lib\idea_rt.jar=52357:C:\Program Files\JetBrains\IntelliJ IDEA Community Edition 2020.2.3\bin -Dfile.encoding=UTF-8 com.direa.zuul.ZuulApplication

Host: Intel(R) Core(TM) i7-6500U CPU @ 2.50GHz, 4 cores, 7G,  Windows 10 , 64 bit Build 19041 (10.0.19041.546)
Time: Mon Nov 23 13:27:08 2020 대한민국 표준시 elapsed time: 32 seconds (0d 0h 0m 32s)

---------------  T H R E A D  ---------------

Current thread (0x000001b435db9000):  JavaThread "C2 CompilerThread0" daemon [_thread_in_native, id=73076, stack(0x0000004960900000,0x0000004960a00000)]


Current CompileTask:
C2:  32029 5662       4       org.springframework.core.annotation.TypeMappedAnnotations::get (52 bytes)

Stack: [0x0000004960900000,0x0000004960a00000]
Native frames: (J=compiled Java code, j=interpreted, Vv=VM code, C=native code)
V  [jvm.dll+0x661a7a]
V  [jvm.dll+0x7a1b2f]
V  [jvm.dll+0x7a31d5]
V  [jvm.dll+0x7a3843]
V  [jvm.dll+0x25f1a8]
V  [jvm.dll+0xc2441]
V  [jvm.dll+0xc29cc]
V  [jvm.dll+0x36fd27]
V  [jvm.dll+0x1a9921]
V  [jvm.dll+0x2187f2]
V  [jvm.dll+0x21788a]
V  [jvm.dll+0x19407c]
V  [jvm.dll+0x226c74]
V  [jvm.dll+0x224e98]
V  [jvm.dll+0x765e25]
V  [jvm.dll+0x75e875]
V  [jvm.dll+0x660b26]
C  [ucrtbase.dll+0x214c2]
C  [KERNEL32.DLL+0x17034]
C  [ntdll.dll+0x4cec1]


---------------  P R O C E S S  ---------------

Threads class SMR info:
_java_thread_list=0x000001b4377b46f0, length=50, elements={
0x000001b417119800, 0x000001b435535000, 0x000001b435536000, 0x000001b435db6000,
0x000001b435db7000, 0x000001b435db9000, 0x000001b435dbc000, 0x000001b435e28000,
0x000001b4354c7800, 0x000001b4369b6800, 0x000001b4369b7800, 0x000001b437232000,
0x000001b439df4800, 0x000001b438f07800, 0x000001b438c78000, 0x000001b439173800,
0x000001b43a54b000, 0x000001b43ab72000, 0x000001b43ab76000, 0x000001b43ab77000,
0x000001b43ab71800, 0x000001b43ab78000, 0x000001b43ab73000, 0x000001b43ab75800,
0x000001b43ab73800, 0x000001b43ab74800, 0x000001b43739d000, 0x000001b43739e800,
0x000001b43739f800, 0x000001b4373a2800, 0x000001b4373a0000, 0x000001b4373a1000,
0x000001b4373a3800, 0x000001b4373a1800, 0x000001b43739d800, 0x000001b4373a4000,
0x000001b4373aa800, 0x000001b4373aa000, 0x000001b4373a6000, 0x000001b4373a5000,
0x000001b4373a7800, 0x000001b4373ab800, 0x000001b4373a8000, 0x000001b4373a9000,
0x000001b4373a6800, 0x000001b436abd000, 0x000001b436ac0000, 0x000001b436aba800,
0x000001b436ac1000, 0x000001b436abb000
}

Java Threads: ( => current thread )
  0x000001b417119800 JavaThread "main" [_thread_in_vm, id=68672, stack(0x000000495fe00000,0x000000495ff00000)]
  0x000001b435535000 JavaThread "Reference Handler" daemon [_thread_blocked, id=70160, stack(0x0000004960500000,0x0000004960600000)]
  0x000001b435536000 JavaThread "Finalizer" daemon [_thread_blocked, id=73824, stack(0x0000004960600000,0x0000004960700000)]
  0x000001b435db6000 JavaThread "Signal Dispatcher" daemon [_thread_blocked, id=75712, stack(0x0000004960700000,0x0000004960800000)]
  0x000001b435db7000 JavaThread "Attach Listener" daemon [_thread_blocked, id=43412, stack(0x0000004960800000,0x0000004960900000)]
=>0x000001b435db9000 JavaThread "C2 CompilerThread0" daemon [_thread_in_native, id=73076, stack(0x0000004960900000,0x0000004960a00000)]
  0x000001b435dbc000 JavaThread "C1 CompilerThread0" daemon [_thread_blocked, id=45392, stack(0x0000004960a00000,0x0000004960b00000)]
  0x000001b435e28000 JavaThread "Sweeper thread" daemon [_thread_blocked, id=75328, stack(0x0000004960b00000,0x0000004960c00000)]
  0x000001b4354c7800 JavaThread "Common-Cleaner" daemon [_thread_blocked, id=72148, stack(0x0000004960c00000,0x0000004960d00000)]
  0x000001b4369b6800 JavaThread "Monitor Ctrl-Break" daemon [_thread_in_native, id=67188, stack(0x0000004960f00000,0x0000004961000000)]
  0x000001b4369b7800 JavaThread "Service Thread" daemon [_thread_blocked, id=67012, stack(0x0000004961000000,0x0000004961100000)]
  0x000001b437232000 JavaThread "Keep-Alive-Timer" daemon [_thread_blocked, id=74512, stack(0x0000004961300000,0x0000004961400000)]
  0x000001b439df4800 JavaThread "spring.cloud.inetutils" daemon [_thread_blocked, id=41228, stack(0x0000004961500000,0x0000004961600000)]
  0x000001b438f07800 JavaThread "RxIoScheduler-1 (Evictor)" daemon [_thread_blocked, id=22204, stack(0x0000004961600000,0x0000004961700000)]
  0x000001b438c78000 JavaThread "Catalina-utility-1" [_thread_blocked, id=54488, stack(0x0000004961700000,0x0000004961800000)]
  0x000001b439173800 JavaThread "Catalina-utility-2" [_thread_blocked, id=67368, stack(0x0000004961800000,0x0000004961900000)]
  0x000001b43a54b000 JavaThread "container-0" [_thread_blocked, id=68524, stack(0x0000004961900000,0x0000004961a00000)]
  0x000001b43ab72000 JavaThread "hz._hzinstance_jcache_shared.scheduled.thread-" [_thread_blocked, id=64716, stack(0x0000004961a00000,0x0000004961b00000)]
  0x000001b43ab76000 JavaThread "hz._hzinstance_jcache_shared.event-1" [_thread_blocked, id=72520, stack(0x0000004961b00000,0x0000004961c00000)]
  0x000001b43ab77000 JavaThread "hz._hzinstance_jcache_shared.event-2" [_thread_blocked, id=7784, stack(0x0000004961c00000,0x0000004961d00000)]
  0x000001b43ab71800 JavaThread "hz._hzinstance_jcache_shared.event-3" [_thread_blocked, id=60024, stack(0x0000004961d00000,0x0000004961e00000)]
  0x000001b43ab78000 JavaThread "hz._hzinstance_jcache_shared.event-4" [_thread_blocked, id=32612, stack(0x0000004961e00000,0x0000004961f00000)]
  0x000001b43ab73000 JavaThread "hz._hzinstance_jcache_shared.event-5" [_thread_blocked, id=75008, stack(0x0000004961f00000,0x0000004962000000)]
  0x000001b43ab75800 JavaThread "hz._hzinstance_jcache_shared.operation-parker" [_thread_blocked, id=70052, stack(0x0000004962000000,0x0000004962100000)]
  0x000001b43ab73800 JavaThread "hz._hzinstance_jcache_shared.cached.thread-1" [_thread_blocked, id=17400, stack(0x0000004962100000,0x0000004962200000)]
  0x000001b43ab74800 JavaThread "hz._hzinstance_jcache_shared.cached.thread-2" [_thread_blocked, id=54756, stack(0x0000004962200000,0x0000004962300000)]
  0x000001b43739d000 JavaThread "hz._hzinstance_jcache_shared.cached.thread-3" [_thread_blocked, id=22384, stack(0x0000004962300000,0x0000004962400000)]
  0x000001b43739e800 JavaThread "hz._hzinstance_jcache_shared.migration" [_thread_blocked, id=34600, stack(0x0000004962400000,0x0000004962500000)]
  0x000001b43739f800 JavaThread "hz._hzinstance_jcache_shared.InvocationMonitorThread" [_thread_blocked, id=30840, stack(0x0000004962500000,0x0000004962600000)]
  0x000001b4373a2800 JavaThread "hz._hzinstance_jcache_shared.partition-operation.thread-0" [_thread_blocked, id=73932, stack(0x0000004962600000,0x0000004962700000)]
  0x000001b4373a0000 JavaThread "hz._hzinstance_jcache_shared.partition-operation.thread-1" [_thread_blocked, id=63304, stack(0x0000004962700000,0x0000004962800000)]
  0x000001b4373a1000 JavaThread "hz._hzinstance_jcache_shared.partition-operation.thread-2" [_thread_blocked, id=75944, stack(0x0000004962800000,0x0000004962900000)]
  0x000001b4373a3800 JavaThread "hz._hzinstance_jcache_shared.partition-operation.thread-3" [_thread_blocked, id=67332, stack(0x0000004962900000,0x0000004962a00000)]
  0x000001b4373a1800 JavaThread "hz._hzinstance_jcache_shared.priority-generic-operation.thread-0" [_thread_blocked, id=36140, stack(0x0000004962a00000,0x0000004962b00000)]
  0x000001b43739d800 JavaThread "hz._hzinstance_jcache_shared.generic-operation.thread-0" [_thread_blocked, id=14152, stack(0x0000004962b00000,0x0000004962c00000)]
  0x000001b4373a4000 JavaThread "hz._hzinstance_jcache_shared.generic-operation.thread-1" [_thread_blocked, id=49656, stack(0x0000004962c00000,0x0000004962d00000)]
  0x000001b4373aa800 JavaThread "hz._hzinstance_jcache_shared.response-0" [_thread_blocked, id=69008, stack(0x0000004962d00000,0x0000004962e00000)]
  0x000001b4373aa000 JavaThread "hz._hzinstance_jcache_shared.response-1" [_thread_blocked, id=65216, stack(0x0000004962e00000,0x0000004962f00000)]
  0x000001b4373a6000 JavaThread "hz._hzinstance_jcache_shared.SlowOperationDetectorThread" [_thread_blocked, id=75620, stack(0x0000004962f00000,0x0000004963000000)]
  0x000001b4373a5000 JavaThread "hz._hzinstance_jcache_shared.IO.thread-in-0" [_thread_in_native, id=54836, stack(0x0000004963000000,0x0000004963100000)]
  0x000001b4373a7800 JavaThread "hz._hzinstance_jcache_shared.IO.thread-in-1" [_thread_in_native, id=58844, stack(0x0000004963100000,0x0000004963200000)]
  0x000001b4373ab800 JavaThread "hz._hzinstance_jcache_shared.IO.thread-in-2" [_thread_in_native, id=67688, stack(0x0000004963200000,0x0000004963300000)]
  0x000001b4373a8000 JavaThread "hz._hzinstance_jcache_shared.IO.thread-out-0" [_thread_in_native, id=37828, stack(0x0000004963300000,0x0000004963400000)]
  0x000001b4373a9000 JavaThread "hz._hzinstance_jcache_shared.IO.thread-out-1" [_thread_in_native, id=55608, stack(0x0000004963400000,0x0000004963500000)]
  0x000001b4373a6800 JavaThread "hz._hzinstance_jcache_shared.IO.thread-out-2" [_thread_in_native, id=66620, stack(0x0000004963500000,0x0000004963600000)]
  0x000001b436abd000 JavaThread "hz._hzinstance_jcache_shared.IO.BalancerThread" [_thread_blocked, id=75756, stack(0x0000004963600000,0x0000004963700000)]
  0x000001b436ac0000 JavaThread "hz._hzinstance_jcache_shared.IO.thread-Acceptor" [_thread_in_native, id=58632, stack(0x0000004963700000,0x0000004963800000)]
  0x000001b436aba800 JavaThread "hz._hzinstance_jcache_shared.MulticastThread" [_thread_in_native, id=36480, stack(0x0000004963800000,0x0000004963900000)]
  0x000001b436ac1000 JavaThread "hz._hzinstance_jcache_shared.HealthMonitor" daemon [_thread_blocked, id=46688, stack(0x000000495fd00000,0x000000495fe00000)]
  0x000001b436abb000 JavaThread "hz._hzinstance_jcache_shared.async.thread-1" [_thread_blocked, id=17764, stack(0x0000004963900000,0x0000004963a00000)]

Other Threads:
  0x000001b43550f000 VMThread "VM Thread" [stack: 0x0000004960400000,0x0000004960500000] [id=32644]
  0x000001b4361ae800 WatcherThread [stack: 0x0000004961100000,0x0000004961200000] [id=20888]
  0x000001b417131800 GCTaskThread "GC Thread#0" [stack: 0x000000495ff00000,0x0000004960000000] [id=74320]
  0x000001b43662c000 GCTaskThread "GC Thread#1" [stack: 0x0000004960d00000,0x0000004960e00000] [id=66664]
  0x000001b43662c800 GCTaskThread "GC Thread#2" [stack: 0x0000004960e00000,0x0000004960f00000] [id=75596]
  0x000001b43715d800 GCTaskThread "GC Thread#3" [stack: 0x0000004961400000,0x0000004961500000] [id=14472]
  0x000001b417162000 ConcurrentGCThread "G1 Main Marker" [stack: 0x0000004960000000,0x0000004960100000] [id=73872]
  0x000001b417163800 ConcurrentGCThread "G1 Conc#0" [stack: 0x0000004960100000,0x0000004960200000] [id=70588]
  0x000001b4171cd800 ConcurrentGCThread "G1 Refine#0" [stack: 0x0000004960200000,0x0000004960300000] [id=67732]
  0x000001b4171ce800 ConcurrentGCThread "G1 Young RemSet Sampling" [stack: 0x0000004960300000,0x0000004960400000] [id=75576]

Threads with active compile tasks:
C2 CompilerThread05662       4       org.springframework.core.annotation.TypeMappedAnnotations::get (52 bytes)

VM state:not at safepoint (normal execution)

VM Mutex/Monitor currently owned by a thread: None

Heap address: 0x0000000081c00000, size: 2020 MB, Compressed Oops mode: 32-bit
Narrow klass base: 0x0000000000000000, Narrow klass shift: 3
Compressed class space size: 1073741824 Address: 0x0000000100000000

Heap:
 garbage-first heap   total 131072K, used 30162K [0x0000000081c00000, 0x0000000100000000)
  region size 1024K, 11 young (11264K), 9 survivors (9216K)
 Metaspace       used 70177K, capacity 71464K, committed 71808K, reserved 1112064K
  class space    used 8971K, capacity 9487K, committed 9600K, reserved 1048576K
Heap Regions: E=young(eden), S=young(survivor), O=old, HS=humongous(starts), HC=humongous(continues), CS=collection set, F=free, A=archive, TAMS=top-at-mark-start (previous, next)
|   0|0x0000000081c00000, 0x0000000081d00000, 0x0000000081d00000|100%|HS|  |TAMS 0x0000000081d00000, 0x0000000081c00000| Complete 
|   1|0x0000000081d00000, 0x0000000081e00000, 0x0000000081e00000|100%| O|  |TAMS 0x0000000081e00000, 0x0000000081d00000| Untracked 
|   2|0x0000000081e00000, 0x0000000081f00000, 0x0000000081f00000|100%| O|  |TAMS 0x0000000081f00000, 0x0000000081e00000| Untracked 
|   3|0x0000000081f00000, 0x0000000082000000, 0x0000000082000000|100%| O|  |TAMS 0x0000000082000000, 0x0000000081f00000| Untracked 
|   4|0x0000000082000000, 0x0000000082100000, 0x0000000082100000|100%| O|  |TAMS 0x0000000082100000, 0x0000000082000000| Untracked 
|   5|0x0000000082100000, 0x0000000082200000, 0x0000000082200000|100%| O|  |TAMS 0x0000000082200000, 0x0000000082100000| Untracked 
|   6|0x0000000082200000, 0x0000000082300000, 0x0000000082300000|100%| O|  |TAMS 0x0000000082300000, 0x0000000082200000| Untracked 
|   7|0x0000000082300000, 0x0000000082400000, 0x0000000082400000|100%| O|  |TAMS 0x0000000082400000, 0x0000000082300000| Untracked 
|   8|0x0000000082400000, 0x0000000082500000, 0x0000000082500000|100%| O|  |TAMS 0x0000000082500000, 0x0000000082400000| Untracked 
|   9|0x0000000082500000, 0x0000000082600000, 0x0000000082600000|100%| O|  |TAMS 0x0000000082600000, 0x0000000082500000| Untracked 
|  10|0x0000000082600000, 0x0000000082700000, 0x0000000082700000|100%| O|  |TAMS 0x0000000082700000, 0x0000000082600000| Untracked 
|  11|0x0000000082700000, 0x0000000082800000, 0x0000000082800000|100%| O|  |TAMS 0x0000000082800000, 0x0000000082700000| Untracked 
|  12|0x0000000082800000, 0x0000000082900000, 0x0000000082900000|100%| O|  |TAMS 0x0000000082900000, 0x0000000082800000| Untracked 
|  13|0x0000000082900000, 0x0000000082a00000, 0x0000000082a00000|100%| O|  |TAMS 0x0000000082a00000, 0x0000000082900000| Untracked 
|  14|0x0000000082a00000, 0x0000000082b00000, 0x0000000082b00000|100%| O|  |TAMS 0x0000000082b00000, 0x0000000082a00000| Untracked 
|  15|0x0000000082b00000, 0x0000000082c00000, 0x0000000082c00000|100%| O|  |TAMS 0x0000000082c00000, 0x0000000082b00000| Untracked 
|  16|0x0000000082c00000, 0x0000000082d00000, 0x0000000082d00000|100%| O|  |TAMS 0x0000000082d00000, 0x0000000082c00000| Untracked 
|  17|0x0000000082d00000, 0x0000000082e00000, 0x0000000082e00000|100%| O|  |TAMS 0x0000000082e00000, 0x0000000082d00000| Untracked 
|  18|0x0000000082e00000, 0x0000000082f00000, 0x0000000082f00000|100%| O|  |TAMS 0x0000000082f00000, 0x0000000082e00000| Untracked 
|  19|0x0000000082f00000, 0x0000000082f9be00, 0x0000000083000000| 60%| O|  |TAMS 0x0000000082f9be00, 0x0000000082f00000| Untracked 
|  20|0x0000000083000000, 0x0000000083000000, 0x0000000083100000|  0%| F|  |TAMS 0x0000000083000000, 0x0000000083000000| Untracked 
|  21|0x0000000083100000, 0x0000000083100000, 0x0000000083200000|  0%| F|  |TAMS 0x0000000083100000, 0x0000000083100000| Untracked 
|  22|0x0000000083200000, 0x0000000083200000, 0x0000000083300000|  0%| F|  |TAMS 0x0000000083200000, 0x0000000083200000| Untracked 
|  23|0x0000000083300000, 0x0000000083300000, 0x0000000083400000|  0%| F|  |TAMS 0x0000000083300000, 0x0000000083300000| Untracked 
|  24|0x0000000083400000, 0x0000000083400000, 0x0000000083500000|  0%| F|  |TAMS 0x0000000083400000, 0x0000000083400000| Untracked 
|  25|0x0000000083500000, 0x0000000083500000, 0x0000000083600000|  0%| F|  |TAMS 0x0000000083500000, 0x0000000083500000| Untracked 
|  26|0x0000000083600000, 0x0000000083600000, 0x0000000083700000|  0%| F|  |TAMS 0x0000000083600000, 0x0000000083600000| Untracked 
|  27|0x0000000083700000, 0x0000000083700000, 0x0000000083800000|  0%| F|  |TAMS 0x0000000083700000, 0x0000000083700000| Untracked 
|  28|0x0000000083800000, 0x0000000083800000, 0x0000000083900000|  0%| F|  |TAMS 0x0000000083800000, 0x0000000083800000| Untracked 
|  29|0x0000000083900000, 0x0000000083900000, 0x0000000083a00000|  0%| F|  |TAMS 0x0000000083900000, 0x0000000083900000| Untracked 
|  30|0x0000000083a00000, 0x0000000083a00000, 0x0000000083b00000|  0%| F|  |TAMS 0x0000000083a00000, 0x0000000083a00000| Untracked 
|  31|0x0000000083b00000, 0x0000000083b00000, 0x0000000083c00000|  0%| F|  |TAMS 0x0000000083b00000, 0x0000000083b00000| Untracked 
|  32|0x0000000083c00000, 0x0000000083c00000, 0x0000000083d00000|  0%| F|  |TAMS 0x0000000083c00000, 0x0000000083c00000| Untracked 
|  33|0x0000000083d00000, 0x0000000083d00000, 0x0000000083e00000|  0%| F|  |TAMS 0x0000000083d00000, 0x0000000083d00000| Untracked 
|  34|0x0000000083e00000, 0x0000000083e00000, 0x0000000083f00000|  0%| F|  |TAMS 0x0000000083e00000, 0x0000000083e00000| Untracked 
|  35|0x0000000083f00000, 0x0000000083f00000, 0x0000000084000000|  0%| F|  |TAMS 0x0000000083f00000, 0x0000000083f00000| Untracked 
|  36|0x0000000084000000, 0x0000000084000000, 0x0000000084100000|  0%| F|  |TAMS 0x0000000084000000, 0x0000000084000000| Untracked 
|  37|0x0000000084100000, 0x0000000084100000, 0x0000000084200000|  0%| F|  |TAMS 0x0000000084100000, 0x0000000084100000| Untracked 
|  38|0x0000000084200000, 0x0000000084200000, 0x0000000084300000|  0%| F|  |TAMS 0x0000000084200000, 0x0000000084200000| Untracked 
|  39|0x0000000084300000, 0x0000000084300000, 0x0000000084400000|  0%| F|  |TAMS 0x0000000084300000, 0x0000000084300000| Untracked 
|  40|0x0000000084400000, 0x0000000084400000, 0x0000000084500000|  0%| F|  |TAMS 0x0000000084400000, 0x0000000084400000| Untracked 
|  41|0x0000000084500000, 0x0000000084500000, 0x0000000084600000|  0%| F|  |TAMS 0x0000000084500000, 0x0000000084500000| Untracked 
|  42|0x0000000084600000, 0x0000000084600000, 0x0000000084700000|  0%| F|  |TAMS 0x0000000084600000, 0x0000000084600000| Untracked 
|  43|0x0000000084700000, 0x00000000847d8af8, 0x0000000084800000| 84%| S|CS|TAMS 0x0000000084700000, 0x0000000084700000| Complete 
|  44|0x0000000084800000, 0x0000000084900000, 0x0000000084900000|100%| S|CS|TAMS 0x0000000084800000, 0x0000000084800000| Complete 
|  45|0x0000000084900000, 0x0000000084a00000, 0x0000000084a00000|100%| S|CS|TAMS 0x0000000084900000, 0x0000000084900000| Complete 
|  46|0x0000000084a00000, 0x0000000084b00000, 0x0000000084b00000|100%| S|CS|TAMS 0x0000000084a00000, 0x0000000084a00000| Complete 
|  47|0x0000000084b00000, 0x0000000084c00000, 0x0000000084c00000|100%| S|CS|TAMS 0x0000000084b00000, 0x0000000084b00000| Complete 
|  48|0x0000000084c00000, 0x0000000084d00000, 0x0000000084d00000|100%| S|CS|TAMS 0x0000000084c00000, 0x0000000084c00000| Complete 
|  49|0x0000000084d00000, 0x0000000084e00000, 0x0000000084e00000|100%| S|CS|TAMS 0x0000000084d00000, 0x0000000084d00000| Complete 
|  50|0x0000000084e00000, 0x0000000084f00000, 0x0000000084f00000|100%| S|CS|TAMS 0x0000000084e00000, 0x0000000084e00000| Complete 
|  51|0x0000000084f00000, 0x0000000085000000, 0x0000000085000000|100%| S|CS|TAMS 0x0000000084f00000, 0x0000000084f00000| Complete 
|  52|0x0000000085000000, 0x0000000085000000, 0x0000000085100000|  0%| F|  |TAMS 0x0000000085000000, 0x0000000085000000| Untracked 
|  53|0x0000000085100000, 0x0000000085100000, 0x0000000085200000|  0%| F|  |TAMS 0x0000000085100000, 0x0000000085100000| Untracked 
|  54|0x0000000085200000, 0x0000000085200000, 0x0000000085300000|  0%| F|  |TAMS 0x0000000085200000, 0x0000000085200000| Untracked 
|  55|0x0000000085300000, 0x0000000085300000, 0x0000000085400000|  0%| F|  |TAMS 0x0000000085300000, 0x0000000085300000| Untracked 
|  56|0x0000000085400000, 0x0000000085400000, 0x0000000085500000|  0%| F|  |TAMS 0x0000000085400000, 0x0000000085400000| Untracked 
|  57|0x0000000085500000, 0x0000000085500000, 0x0000000085600000|  0%| F|  |TAMS 0x0000000085500000, 0x0000000085500000| Untracked 
|  58|0x0000000085600000, 0x0000000085600000, 0x0000000085700000|  0%| F|  |TAMS 0x0000000085600000, 0x0000000085600000| Untracked 
|  59|0x0000000085700000, 0x0000000085700000, 0x0000000085800000|  0%| F|  |TAMS 0x0000000085700000, 0x0000000085700000| Untracked 
|  60|0x0000000085800000, 0x0000000085800000, 0x0000000085900000|  0%| F|  |TAMS 0x0000000085800000, 0x0000000085800000| Untracked 
|  61|0x0000000085900000, 0x0000000085900000, 0x0000000085a00000|  0%| F|  |TAMS 0x0000000085900000, 0x0000000085900000| Untracked 
|  62|0x0000000085a00000, 0x0000000085a00000, 0x0000000085b00000|  0%| F|  |TAMS 0x0000000085a00000, 0x0000000085a00000| Untracked 
|  63|0x0000000085b00000, 0x0000000085b00000, 0x0000000085c00000|  0%| F|  |TAMS 0x0000000085b00000, 0x0000000085b00000| Untracked 
|  64|0x0000000085c00000, 0x0000000085c00000, 0x0000000085d00000|  0%| F|  |TAMS 0x0000000085c00000, 0x0000000085c00000| Untracked 
|  65|0x0000000085d00000, 0x0000000085d00000, 0x0000000085e00000|  0%| F|  |TAMS 0x0000000085d00000, 0x0000000085d00000| Untracked 
|  66|0x0000000085e00000, 0x0000000085e00000, 0x0000000085f00000|  0%| F|  |TAMS 0x0000000085e00000, 0x0000000085e00000| Untracked 
|  67|0x0000000085f00000, 0x0000000085f00000, 0x0000000086000000|  0%| F|  |TAMS 0x0000000085f00000, 0x0000000085f00000| Untracked 
|  68|0x0000000086000000, 0x0000000086000000, 0x0000000086100000|  0%| F|  |TAMS 0x0000000086000000, 0x0000000086000000| Untracked 
|  69|0x0000000086100000, 0x0000000086100000, 0x0000000086200000|  0%| F|  |TAMS 0x0000000086100000, 0x0000000086100000| Untracked 
|  70|0x0000000086200000, 0x0000000086200000, 0x0000000086300000|  0%| F|  |TAMS 0x0000000086200000, 0x0000000086200000| Untracked 
|  71|0x0000000086300000, 0x0000000086300000, 0x0000000086400000|  0%| F|  |TAMS 0x0000000086300000, 0x0000000086300000| Untracked 
|  72|0x0000000086400000, 0x0000000086400000, 0x0000000086500000|  0%| F|  |TAMS 0x0000000086400000, 0x0000000086400000| Untracked 
|  73|0x0000000086500000, 0x0000000086500000, 0x0000000086600000|  0%| F|  |TAMS 0x0000000086500000, 0x0000000086500000| Untracked 
|  74|0x0000000086600000, 0x0000000086600000, 0x0000000086700000|  0%| F|  |TAMS 0x0000000086600000, 0x0000000086600000| Untracked 
|  75|0x0000000086700000, 0x0000000086700000, 0x0000000086800000|  0%| F|  |TAMS 0x0000000086700000, 0x0000000086700000| Untracked 
|  76|0x0000000086800000, 0x0000000086800000, 0x0000000086900000|  0%| F|  |TAMS 0x0000000086800000, 0x0000000086800000| Untracked 
|  77|0x0000000086900000, 0x0000000086900000, 0x0000000086a00000|  0%| F|  |TAMS 0x0000000086900000, 0x0000000086900000| Untracked 
|  78|0x0000000086a00000, 0x0000000086a00000, 0x0000000086b00000|  0%| F|  |TAMS 0x0000000086a00000, 0x0000000086a00000| Untracked 
|  79|0x0000000086b00000, 0x0000000086b00000, 0x0000000086c00000|  0%| F|  |TAMS 0x0000000086b00000, 0x0000000086b00000| Untracked 
|  80|0x0000000086c00000, 0x0000000086c00000, 0x0000000086d00000|  0%| F|  |TAMS 0x0000000086c00000, 0x0000000086c00000| Untracked 
|  81|0x0000000086d00000, 0x0000000086d00000, 0x0000000086e00000|  0%| F|  |TAMS 0x0000000086d00000, 0x0000000086d00000| Untracked 
|  82|0x0000000086e00000, 0x0000000086e00000, 0x0000000086f00000|  0%| F|  |TAMS 0x0000000086e00000, 0x0000000086e00000| Untracked 
|  83|0x0000000086f00000, 0x0000000086f00000, 0x0000000087000000|  0%| F|  |TAMS 0x0000000086f00000, 0x0000000086f00000| Untracked 
|  84|0x0000000087000000, 0x0000000087000000, 0x0000000087100000|  0%| F|  |TAMS 0x0000000087000000, 0x0000000087000000| Untracked 
|  85|0x0000000087100000, 0x0000000087100000, 0x0000000087200000|  0%| F|  |TAMS 0x0000000087100000, 0x0000000087100000| Untracked 
|  86|0x0000000087200000, 0x0000000087200000, 0x0000000087300000|  0%| F|  |TAMS 0x0000000087200000, 0x0000000087200000| Untracked 
|  87|0x0000000087300000, 0x0000000087300000, 0x0000000087400000|  0%| F|  |TAMS 0x0000000087300000, 0x0000000087300000| Untracked 
|  88|0x0000000087400000, 0x0000000087400000, 0x0000000087500000|  0%| F|  |TAMS 0x0000000087400000, 0x0000000087400000| Untracked 
|  89|0x0000000087500000, 0x0000000087500000, 0x0000000087600000|  0%| F|  |TAMS 0x0000000087500000, 0x0000000087500000| Untracked 
|  90|0x0000000087600000, 0x0000000087600000, 0x0000000087700000|  0%| F|  |TAMS 0x0000000087600000, 0x0000000087600000| Untracked 
|  91|0x0000000087700000, 0x0000000087700000, 0x0000000087800000|  0%| F|  |TAMS 0x0000000087700000, 0x0000000087700000| Untracked 
|  92|0x0000000087800000, 0x0000000087800000, 0x0000000087900000|  0%| F|  |TAMS 0x0000000087800000, 0x0000000087800000| Untracked 
|  93|0x0000000087900000, 0x0000000087900000, 0x0000000087a00000|  0%| F|  |TAMS 0x0000000087900000, 0x0000000087900000| Untracked 
|  94|0x0000000087a00000, 0x0000000087a00000, 0x0000000087b00000|  0%| F|  |TAMS 0x0000000087a00000, 0x0000000087a00000| Untracked 
|  95|0x0000000087b00000, 0x0000000087b00000, 0x0000000087c00000|  0%| F|  |TAMS 0x0000000087b00000, 0x0000000087b00000| Untracked 
|  96|0x0000000087c00000, 0x0000000087c00000, 0x0000000087d00000|  0%| F|  |TAMS 0x0000000087c00000, 0x0000000087c00000| Untracked 
|  97|0x0000000087d00000, 0x0000000087d00000, 0x0000000087e00000|  0%| F|  |TAMS 0x0000000087d00000, 0x0000000087d00000| Untracked 
|  98|0x0000000087e00000, 0x0000000087e00000, 0x0000000087f00000|  0%| F|  |TAMS 0x0000000087e00000, 0x0000000087e00000| Untracked 
|  99|0x0000000087f00000, 0x0000000087f00000, 0x0000000088000000|  0%| F|  |TAMS 0x0000000087f00000, 0x0000000087f00000| Untracked 
| 100|0x0000000088000000, 0x0000000088000000, 0x0000000088100000|  0%| F|  |TAMS 0x0000000088000000, 0x0000000088000000| Untracked 
| 101|0x0000000088100000, 0x0000000088100000, 0x0000000088200000|  0%| F|  |TAMS 0x0000000088100000, 0x0000000088100000| Untracked 
| 102|0x0000000088200000, 0x0000000088200000, 0x0000000088300000|  0%| F|  |TAMS 0x0000000088200000, 0x0000000088200000| Untracked 
| 103|0x0000000088300000, 0x0000000088300000, 0x0000000088400000|  0%| F|  |TAMS 0x0000000088300000, 0x0000000088300000| Untracked 
| 104|0x0000000088400000, 0x0000000088400000, 0x0000000088500000|  0%| F|  |TAMS 0x0000000088400000, 0x0000000088400000| Untracked 
| 105|0x0000000088500000, 0x0000000088500000, 0x0000000088600000|  0%| F|  |TAMS 0x0000000088500000, 0x0000000088500000| Untracked 
| 106|0x0000000088600000, 0x0000000088600000, 0x0000000088700000|  0%| F|  |TAMS 0x0000000088600000, 0x0000000088600000| Untracked 
| 107|0x0000000088700000, 0x0000000088700000, 0x0000000088800000|  0%| F|  |TAMS 0x0000000088700000, 0x0000000088700000| Untracked 
| 108|0x0000000088800000, 0x0000000088800000, 0x0000000088900000|  0%| F|  |TAMS 0x0000000088800000, 0x0000000088800000| Untracked 
| 109|0x0000000088900000, 0x0000000088900000, 0x0000000088a00000|  0%| F|  |TAMS 0x0000000088900000, 0x0000000088900000| Untracked 
| 110|0x0000000088a00000, 0x0000000088a00000, 0x0000000088b00000|  0%| F|  |TAMS 0x0000000088a00000, 0x0000000088a00000| Untracked 
| 111|0x0000000088b00000, 0x0000000088b00000, 0x0000000088c00000|  0%| F|  |TAMS 0x0000000088b00000, 0x0000000088b00000| Untracked 
| 112|0x0000000088c00000, 0x0000000088c00000, 0x0000000088d00000|  0%| F|  |TAMS 0x0000000088c00000, 0x0000000088c00000| Untracked 
| 113|0x0000000088d00000, 0x0000000088d00000, 0x0000000088e00000|  0%| F|  |TAMS 0x0000000088d00000, 0x0000000088d00000| Untracked 
| 114|0x0000000088e00000, 0x0000000088e00000, 0x0000000088f00000|  0%| F|  |TAMS 0x0000000088e00000, 0x0000000088e00000| Untracked 
| 115|0x0000000088f00000, 0x0000000088f00000, 0x0000000089000000|  0%| F|  |TAMS 0x0000000088f00000, 0x0000000088f00000| Untracked 
| 116|0x0000000089000000, 0x0000000089000000, 0x0000000089100000|  0%| F|  |TAMS 0x0000000089000000, 0x0000000089000000| Untracked 
| 117|0x0000000089100000, 0x0000000089100000, 0x0000000089200000|  0%| F|  |TAMS 0x0000000089100000, 0x0000000089100000| Untracked 
| 118|0x0000000089200000, 0x0000000089200000, 0x0000000089300000|  0%| F|  |TAMS 0x0000000089200000, 0x0000000089200000| Untracked 
| 119|0x0000000089300000, 0x0000000089300000, 0x0000000089400000|  0%| F|  |TAMS 0x0000000089300000, 0x0000000089300000| Untracked 
| 120|0x0000000089400000, 0x0000000089400000, 0x0000000089500000|  0%| F|  |TAMS 0x0000000089400000, 0x0000000089400000| Untracked 
| 121|0x0000000089500000, 0x0000000089500000, 0x0000000089600000|  0%| F|  |TAMS 0x0000000089500000, 0x0000000089500000| Untracked 
| 122|0x0000000089600000, 0x0000000089600000, 0x0000000089700000|  0%| F|  |TAMS 0x0000000089600000, 0x0000000089600000| Untracked 
| 123|0x0000000089700000, 0x0000000089700000, 0x0000000089800000|  0%| F|  |TAMS 0x0000000089700000, 0x0000000089700000| Untracked 
| 124|0x0000000089800000, 0x0000000089800000, 0x0000000089900000|  0%| F|  |TAMS 0x0000000089800000, 0x0000000089800000| Untracked 
| 125|0x0000000089900000, 0x0000000089900000, 0x0000000089a00000|  0%| F|  |TAMS 0x0000000089900000, 0x0000000089900000| Untracked 
| 126|0x0000000089a00000, 0x0000000089b00000, 0x0000000089b00000|100%| E|  |TAMS 0x0000000089a00000, 0x0000000089a00000| Complete 
| 127|0x0000000089b00000, 0x0000000089c00000, 0x0000000089c00000|100%| E|CS|TAMS 0x0000000089b00000, 0x0000000089b00000| Complete 

Card table byte_map: [0x000001b42e900000,0x000001b42ed00000] _byte_map_base: 0x000001b42e4f2000

Marking Bits (Prev, Next): (CMBitMap*) 0x000001b417159940, (CMBitMap*) 0x000001b417159908
 Prev Bits: [0x000001b431090000, 0x000001b433020000)
 Next Bits: [0x000001b42f100000, 0x000001b431090000)

Polling page: 0x000001b415060000

Metaspace:

Usage:
  Non-class:     60.52 MB capacity,    59.78 MB ( 99%) used,   593.20 KB ( <1%) free+waste,   171.75 KB ( <1%) overhead. 
      Class:      9.26 MB capacity,     8.76 MB ( 95%) used,   436.48 KB (  5%) free+waste,    78.06 KB ( <1%) overhead. 
       Both:     69.79 MB capacity,    68.54 MB ( 98%) used,     1.01 MB (  1%) free+waste,   249.81 KB ( <1%) overhead. 

Virtual space:
  Non-class space:       62.00 MB reserved,      60.75 MB ( 98%) committed 
      Class space:        1.00 GB reserved,       9.38 MB ( <1%) committed 
             Both:        1.06 GB reserved,      70.13 MB (  6%) committed 

Chunk freelists:
   Non-Class:  4.88 KB
       Class:  2.13 KB
        Both:  7.00 KB

CodeHeap 'non-profiled nmethods': size=120064Kb used=3722Kb max_used=3722Kb free=116341Kb
 bounds [0x000001b426fc0000, 0x000001b427370000, 0x000001b42e500000]
CodeHeap 'profiled nmethods': size=120000Kb used=13680Kb max_used=13680Kb free=106319Kb
 bounds [0x000001b41fa90000, 0x000001b4207f0000, 0x000001b426fc0000]
CodeHeap 'non-nmethods': size=5696Kb used=1245Kb max_used=1254Kb free=4450Kb
 bounds [0x000001b41f500000, 0x000001b41f770000, 0x000001b41fa90000]
 total_blobs=7847 nmethods=5724 adapters=542
 compilation: enabled
              stopped_count=0, restarted_count=0
 full_count=0

Compilation events (10 events):
Event: 31.967 Thread 0x000001b435dbc000 5781   !   2       com.sun.proxy.$Proxy19::autowireCandidate (32 bytes)
Event: 31.967 Thread 0x000001b435dbc000 nmethod 5781 0x000001b4207e7010 code [0x000001b4207e71e0, 0x000001b4207e74c0]
Event: 31.967 Thread 0x000001b435dbc000 5782   !   2       com.sun.proxy.$Proxy19::destroyMethod (29 bytes)
Event: 31.968 Thread 0x000001b435dbc000 nmethod 5782 0x000001b4207e7690 code [0x000001b4207e7860, 0x000001b4207e7b40]
Event: 31.968 Thread 0x000001b435dbc000 5783   !   2       com.sun.proxy.$Proxy19::initMethod (29 bytes)
Event: 31.968 Thread 0x000001b435dbc000 nmethod 5783 0x000001b4207e7c90 code [0x000001b4207e7e60, 0x000001b4207e8120]
Event: 31.979 Thread 0x000001b435dbc000 5784       2       java.lang.invoke.LambdaFormEditor::bindArgumentType (101 bytes)
Event: 31.979 Thread 0x000001b435dbc000 nmethod 5784 0x000001b4207e8290 code [0x000001b4207e8440, 0x000001b4207e85d0]
Event: 31.979 Thread 0x000001b435dbc000 5785       2       java.lang.invoke.LambdaFormEditor::bindArgumentForm (269 bytes)
Event: 31.981 Thread 0x000001b435dbc000 nmethod 5785 0x000001b4207e8710 code [0x000001b4207e8a20, 0x000001b4207e9710]

GC Heap History (10 events):
Event: 18.078 GC heap before
{Heap before GC invocations=10 (full 0):
 garbage-first heap   total 131072K, used 89724K [0x0000000081c00000, 0x0000000100000000)
  region size 1024K, 76 young (77824K), 5 survivors (5120K)
 Metaspace       used 42955K, capacity 43946K, committed 44288K, reserved 1087488K
  class space    used 5124K, capacity 5520K, committed 5632K, reserved 1048576K
}
Event: 18.093 GC heap after
{Heap after GC invocations=11 (full 0):
 garbage-first heap   total 131072K, used 20355K [0x0000000081c00000, 0x0000000100000000)
  region size 1024K, 8 young (8192K), 8 survivors (8192K)
 Metaspace       used 42955K, capacity 43946K, committed 44288K, reserved 1087488K
  class space    used 5124K, capacity 5520K, committed 5632K, reserved 1048576K
}
Event: 18.618 GC heap before
{Heap before GC invocations=11 (full 0):
 garbage-first heap   total 131072K, used 88963K [0x0000000081c00000, 0x0000000100000000)
  region size 1024K, 76 young (77824K), 8 survivors (8192K)
 Metaspace       used 44540K, capacity 45499K, committed 45696K, reserved 1089536K
  class space    used 5275K, capacity 5653K, committed 5760K, reserved 1048576K
}
Event: 18.633 GC heap after
{Heap after GC invocations=12 (full 0):
 garbage-first heap   total 131072K, used 21265K [0x0000000081c00000, 0x0000000100000000)
  region size 1024K, 6 young (6144K), 6 survivors (6144K)
 Metaspace       used 44540K, capacity 45499K, committed 45696K, reserved 1089536K
  class space    used 5275K, capacity 5653K, committed 5760K, reserved 1048576K
}
Event: 23.095 GC heap before
{Heap before GC invocations=12 (full 0):
 garbage-first heap   total 131072K, used 92945K [0x0000000081c00000, 0x0000000100000000)
  region size 1024K, 76 young (77824K), 6 survivors (6144K)
 Metaspace       used 54085K, capacity 55257K, committed 55296K, reserved 1097728K
  class space    used 6458K, capacity 6901K, committed 6912K, reserved 1048576K
}
Event: 23.113 GC heap after
{Heap after GC invocations=13 (full 0):
 garbage-first heap   total 131072K, used 25167K [0x0000000081c00000, 0x0000000100000000)
  region size 1024K, 10 young (10240K), 10 survivors (10240K)
 Metaspace       used 54085K, capacity 55257K, committed 55296K, reserved 1097728K
  class space    used 6458K, capacity 6901K, committed 6912K, reserved 1048576K
}
Event: 25.486 GC heap before
{Heap before GC invocations=13 (full 0):
 garbage-first heap   total 131072K, used 53839K [0x0000000081c00000, 0x0000000100000000)
  region size 1024K, 39 young (39936K), 10 survivors (10240K)
 Metaspace       used 58879K, capacity 60085K, committed 60160K, reserved 1101824K
  class space    used 7244K, capacity 7744K, committed 7808K, reserved 1048576K
}
Event: 25.498 GC heap after
{Heap after GC invocations=14 (full 0):
 garbage-first heap   total 131072K, used 26018K [0x0000000081c00000, 0x0000000100000000)
  region size 1024K, 6 young (6144K), 6 survivors (6144K)
 Metaspace       used 58879K, capacity 60085K, committed 60160K, reserved 1101824K
  class space    used 7244K, capacity 7744K, committed 7808K, reserved 1048576K
}
Event: 31.917 GC heap before
{Heap before GC invocations=15 (full 0):
 garbage-first heap   total 131072K, used 97698K [0x0000000081c00000, 0x0000000100000000)
  region size 1024K, 76 young (77824K), 6 survivors (6144K)
 Metaspace       used 70102K, capacity 71382K, committed 71552K, reserved 1112064K
  class space    used 8962K, capacity 9481K, committed 9600K, reserved 1048576K
}
Event: 31.928 GC heap after
{Heap after GC invocations=16 (full 0):
 garbage-first heap   total 131072K, used 29138K [0x0000000081c00000, 0x0000000100000000)
  region size 1024K, 9 young (9216K), 9 survivors (9216K)
 Metaspace       used 70102K, capacity 71382K, committed 71552K, reserved 1112064K
  class space    used 8962K, capacity 9481K, committed 9600K, reserved 1048576K
}

Deoptimization events (10 events):
Event: 31.441 Thread 0x000001b43739d000 Uncommon trap: reason=unstable_if action=reinterpret pc=0x000001b4272ee8d4 method=java.net.URLStreamHandler.parseURL(Ljava/net/URL;Ljava/lang/String;II)V @ 84 c2
Event: 31.441 Thread 0x000001b43739d000 Uncommon trap: reason=unstable_if action=reinterpret pc=0x000001b427119154 method=java.net.URL.set(Ljava/lang/String;Ljava/lang/String;ILjava/lang/String;Ljava/lang/String;Ljava/lang/String;Ljava/lang/String;Ljava/lang/String;)V @ 23 c2
Event: 31.441 Thread 0x000001b43739d000 Uncommon trap: reason=unstable_if action=reinterpret pc=0x000001b42732fe74 method=java.net.URLStreamHandler.toExternalForm(Ljava/net/URL;)Ljava/lang/String; @ 86 c2
Event: 31.442 Thread 0x000001b43739d000 Uncommon trap: reason=unstable_if action=reinterpret pc=0x000001b427148fb4 method=java.lang.Integer.stringSize(I)I @ 3 c2
Event: 31.446 Thread 0x000001b438c78000 Uncommon trap: reason=predicate action=maybe_recompile pc=0x000001b4273540d0 method=java.util.TreeMap.put(Ljava/lang/Object;Ljava/lang/Object;)Ljava/lang/Object; @ 55 c2
Event: 31.683 Thread 0x000001b417119800 Uncommon trap: reason=unstable_if action=reinterpret pc=0x000001b4271c59c8 method=org.springframework.beans.factory.support.DefaultSingletonBeanRegistry.getSingleton(Ljava/lang/String;Z)Ljava/lang/Object; @ 39 c2
Event: 31.711 Thread 0x000001b417119800 Uncommon trap: reason=profile_predicate action=maybe_recompile pc=0x000001b4272de004 method=org.springframework.boot.context.properties.source.SpringIterableConfigurationPropertySource$Mappings.updateMappings([Ljava/lang/String;)V @ 97 c2
Event: 31.712 Thread 0x000001b417119800 Uncommon trap: reason=unstable_if action=reinterpret pc=0x000001b427131a70 method=org.springframework.boot.context.properties.source.ConfigurationPropertyName.hashCode()I @ 18 c2
Event: 31.747 Thread 0x000001b417119800 Uncommon trap: reason=profile_predicate action=maybe_recompile pc=0x000001b4272de004 method=org.springframework.boot.context.properties.source.SpringIterableConfigurationPropertySource$Mappings.updateMappings([Ljava/lang/String;)V @ 97 c2
Event: 31.830 Thread 0x000001b417119800 Uncommon trap: reason=class_check action=maybe_recompile pc=0x000001b42735ecd8 method=java.lang.reflect.Method.equals(Ljava/lang/Object;)Z @ 5 c2

Classes redefined (0 events):
No events

Internal exceptions (10 events):
Event: 31.898 Thread 0x000001b417119800 Exception <a 'java/lang/ClassNotFoundException'{0x000000008509af28}: org/springframework/web/servlet/config/annotation/WebMvcConfigurationSupportCustomizer> (0x000000008509af28) thrown at [./open/src/hotspot/share/classfile/systemDictionary.cpp, line 228]
Event: 31.908 Thread 0x000001b417119800 Exception <a 'java/lang/ClassNotFoundException'{0x00000000850bffd8}: org/springframework/web/servlet/config/annotation/DelegatingWebMvcConfigurationCustomizer> (0x00000000850bffd8) thrown at [./open/src/hotspot/share/classfile/systemDictionary.cpp, line 2
Event: 31.914 Thread 0x000001b417119800 Exception <a 'java/lang/ClassNotFoundException'{0x00000000850df4f8}: org/springframework/boot/autoconfigure/web/servlet/WebMvcAutoConfiguration$EnableWebMvcConfigurationCustomizer> (0x00000000850df4f8) thrown at [./open/src/hotspot/share/classfile/systemD
Event: 31.917 Thread 0x000001b417119800 Exception <a 'java/lang/ClassNotFoundException'{0x00000000850fde20}: org/springframework/context/ResourceLoaderAwareCustomizer> (0x00000000850fde20) thrown at [./open/src/hotspot/share/classfile/systemDictionary.cpp, line 228]
Event: 31.949 Thread 0x000001b417119800 Exception <a 'java/lang/ClassNotFoundException'{0x0000000089b68510}: org/springframework/beans/factory/AwareCustomizer> (0x0000000089b68510) thrown at [./open/src/hotspot/share/classfile/systemDictionary.cpp, line 228]
Event: 31.955 Thread 0x000001b417119800 Exception <a 'java/lang/ClassNotFoundException'{0x0000000089b7b190}: org/springframework/context/ApplicationContextAwareCustomizer> (0x0000000089b7b190) thrown at [./open/src/hotspot/share/classfile/systemDictionary.cpp, line 228]
Event: 31.957 Thread 0x000001b417119800 Exception <a 'java/lang/ClassNotFoundException'{0x0000000089b8cb60}: org/springframework/beans/factory/AwareCustomizer> (0x0000000089b8cb60) thrown at [./open/src/hotspot/share/classfile/systemDictionary.cpp, line 228]
Event: 31.958 Thread 0x000001b417119800 Exception <a 'java/lang/ClassNotFoundException'{0x0000000089b9f7b8}: org/springframework/web/context/ServletContextAwareCustomizer> (0x0000000089b9f7b8) thrown at [./open/src/hotspot/share/classfile/systemDictionary.cpp, line 228]
Event: 31.959 Thread 0x000001b417119800 Exception <a 'java/lang/ClassNotFoundException'{0x0000000089bb0c60}: org/springframework/beans/factory/AwareCustomizer> (0x0000000089bb0c60) thrown at [./open/src/hotspot/share/classfile/systemDictionary.cpp, line 228]
Event: 31.996 Thread 0x000001b417119800 Exception <a 'java/lang/NoSuchMethodError'{0x0000000089a3ad40}: java.lang.invoke.DirectMethodHandle$Holder.invokeVirtual(Ljava/lang/Object;Ljava/lang/Object;Ljava/lang/Object;Ljava/lang/Object;)V> (0x0000000089a3ad40) thrown at [./open/src/hotspot/share/i

Events (10 events):
Event: 31.996 loading class org/springframework/web/accept/ContentNegotiationManagerFactoryBean
Event: 31.996 loading class org/springframework/web/accept/ContentNegotiationManagerFactoryBean done
Event: 31.997 loading class org/springframework/web/accept/HeaderContentNegotiationStrategy
Event: 31.997 loading class org/springframework/web/accept/HeaderContentNegotiationStrategy done
Event: 31.998 loading class org/springframework/http/MediaType
Event: 31.998 loading class org/springframework/http/MediaType done
Event: 31.998 loading class org/springframework/web/accept/MappingMediaTypeFileExtensionResolver
Event: 31.998 loading class org/springframework/web/accept/MappingMediaTypeFileExtensionResolver done
Event: 31.999 loading class org/springframework/http/MediaType
Event: 31.999 loading class org/springframework/http/MediaType done


Dynamic libraries:
0x00007ff6a79e0000 - 0x00007ff6a7a27000 	C:\Program Files\Java\jdk-11.0.7\bin\java.exe
0x00007ff98ba90000 - 0x00007ff98bc86000 	C:\WINDOWS\SYSTEM32\ntdll.dll
0x00007ff98ad40000 - 0x00007ff98adfd000 	C:\WINDOWS\System32\KERNEL32.DLL
0x00007ff9895c0000 - 0x00007ff989888000 	C:\WINDOWS\System32\KERNELBASE.dll
0x00007ff98b8f0000 - 0x00007ff98b99a000 	C:\WINDOWS\System32\ADVAPI32.dll
0x00007ff98b0a0000 - 0x00007ff98b13e000 	C:\WINDOWS\System32\msvcrt.dll
0x00007ff989e70000 - 0x00007ff989f0b000 	C:\WINDOWS\System32\sechost.dll
0x00007ff989fc0000 - 0x00007ff98a0e4000 	C:\WINDOWS\System32\RPCRT4.dll
0x00007ff98a210000 - 0x00007ff98a3b0000 	C:\WINDOWS\System32\USER32.dll
0x00007ff9899a0000 - 0x00007ff9899c2000 	C:\WINDOWS\System32\win32u.dll
0x00007ff98a3d0000 - 0x00007ff98a3fa000 	C:\WINDOWS\System32\GDI32.dll
0x00007ff989890000 - 0x00007ff989999000 	C:\WINDOWS\System32\gdi32full.dll
0x00007ff989210000 - 0x00007ff9892ad000 	C:\WINDOWS\System32\msvcp_win.dll
0x00007ff989460000 - 0x00007ff989560000 	C:\WINDOWS\System32\ucrtbase.dll
0x00007ff95d6e0000 - 0x00007ff95d97b000 	C:\WINDOWS\WinSxS\amd64_microsoft.windows.common-controls_6595b64144ccf1df_6.0.19041.488_none_ca04af081b815d21\COMCTL32.dll
0x00007ff97ef30000 - 0x00007ff97ef3a000 	C:\WINDOWS\SYSTEM32\VERSION.dll
0x00007ff98a0f0000 - 0x00007ff98a120000 	C:\WINDOWS\System32\IMM32.DLL
0x00007ff981b30000 - 0x00007ff981b46000 	C:\Program Files\Java\jdk-11.0.7\bin\vcruntime140.dll
0x00007ff94b940000 - 0x00007ff94b9ea000 	C:\Program Files\Java\jdk-11.0.7\bin\msvcp140.dll
0x00007ff93c840000 - 0x00007ff93d3a1000 	C:\Program Files\Java\jdk-11.0.7\bin\server\jvm.dll
0x00007ff98a3c0000 - 0x00007ff98a3c8000 	C:\WINDOWS\System32\PSAPI.DLL
0x00007ff9879a0000 - 0x00007ff9879a9000 	C:\WINDOWS\SYSTEM32\WSOCK32.dll
0x00007ff98ae00000 - 0x00007ff98ae6b000 	C:\WINDOWS\System32\WS2_32.dll
0x00007ff977730000 - 0x00007ff977757000 	C:\WINDOWS\SYSTEM32\WINMM.dll
0x00007ff987e00000 - 0x00007ff987e12000 	C:\WINDOWS\SYSTEM32\kernel.appcore.dll
0x00007ff9818b0000 - 0x00007ff9818c1000 	C:\Program Files\Java\jdk-11.0.7\bin\verify.dll
0x00007ff987790000 - 0x00007ff987974000 	C:\WINDOWS\SYSTEM32\DBGHELP.DLL
0x00007ff973200000 - 0x00007ff97322c000 	C:\WINDOWS\SYSTEM32\dbgcore.DLL
0x00007ff989a80000 - 0x00007ff989aff000 	C:\WINDOWS\System32\bcryptPrimitives.dll
0x00007ff981590000 - 0x00007ff9815b9000 	C:\Program Files\Java\jdk-11.0.7\bin\java.dll
0x00007ff982670000 - 0x00007ff98267a000 	C:\Program Files\Java\jdk-11.0.7\bin\jimage.dll
0x00007ff95d390000 - 0x00007ff95d3c0000 	C:\Program Files\Java\jdk-11.0.7\bin\instrument.dll
0x00007ff9816b0000 - 0x00007ff9816c6000 	C:\Program Files\Java\jdk-11.0.7\bin\zip.dll
0x00007ff98a400000 - 0x00007ff98ab40000 	C:\WINDOWS\System32\SHELL32.dll
0x00007ff986f30000 - 0x00007ff9876c4000 	C:\WINDOWS\SYSTEM32\windows.storage.dll
0x00007ff989b10000 - 0x00007ff989e65000 	C:\WINDOWS\System32\combase.dll
0x00007ff988c50000 - 0x00007ff988c7c000 	C:\WINDOWS\SYSTEM32\Wldp.dll
0x00007ff989f10000 - 0x00007ff989fbe000 	C:\WINDOWS\System32\SHCORE.dll
0x00007ff98b5b0000 - 0x00007ff98b605000 	C:\WINDOWS\System32\shlwapi.dll
0x00007ff989110000 - 0x00007ff989136000 	C:\WINDOWS\SYSTEM32\profapi.dll
0x00007ff980cc0000 - 0x00007ff980cd9000 	C:\Program Files\Java\jdk-11.0.7\bin\net.dll
0x00007ff97a900000 - 0x00007ff97aa00000 	C:\WINDOWS\SYSTEM32\WINHTTP.dll
0x00007ff9889d0000 - 0x00007ff988a3a000 	C:\WINDOWS\system32\mswsock.dll
0x00007ff96db00000 - 0x00007ff96db13000 	C:\Program Files\Java\jdk-11.0.7\bin\nio.dll
0x00007ff96dac0000 - 0x00007ff96dada000 	C:\Program Files\JetBrains\IntelliJ IDEA Community Edition 2020.2.3\bin\breakgen64.dll
0x00007ff988670000 - 0x00007ff9886ab000 	C:\WINDOWS\SYSTEM32\IPHLPAPI.DLL
0x00007ff989b00000 - 0x00007ff989b09000 	C:\WINDOWS\System32\NSI.dll
0x00007ff97eaf0000 - 0x00007ff97eb07000 	C:\WINDOWS\SYSTEM32\dhcpcsvc6.DLL
0x00007ff97f180000 - 0x00007ff97f19d000 	C:\WINDOWS\SYSTEM32\dhcpcsvc.DLL
0x00007ff9886c0000 - 0x00007ff98878b000 	C:\WINDOWS\SYSTEM32\DNSAPI.dll
0x00007ff979740000 - 0x00007ff97974a000 	C:\Windows\System32\rasadhlp.dll
0x00007ff979980000 - 0x00007ff9799ff000 	C:\WINDOWS\System32\fwpuclnt.dll
0x00007ff9891e0000 - 0x00007ff989207000 	C:\WINDOWS\System32\bcrypt.dll
0x00007ff9819c0000 - 0x00007ff9819c9000 	C:\Program Files\Java\jdk-11.0.7\bin\management.dll
0x00007ff981580000 - 0x00007ff98158c000 	C:\Program Files\Java\jdk-11.0.7\bin\management_ext.dll
0x00007ff96e660000 - 0x00007ff96e677000 	C:\WINDOWS\system32\napinsp.dll
0x00007ff96e640000 - 0x00007ff96e65b000 	C:\WINDOWS\system32\pnrpnsp.dll
0x00007ff983d30000 - 0x00007ff983d45000 	C:\WINDOWS\system32\wshbth.dll
0x00007ff9843f0000 - 0x00007ff98440d000 	C:\WINDOWS\system32\NLAapi.dll
0x00007ff96e620000 - 0x00007ff96e632000 	C:\WINDOWS\System32\winrnr.dll
0x00007ff988ba0000 - 0x00007ff988bb8000 	C:\WINDOWS\SYSTEM32\CRYPTSP.dll
0x00007ff9882f0000 - 0x00007ff988324000 	C:\WINDOWS\system32\rsaenh.dll
0x00007ff9890d0000 - 0x00007ff9890fe000 	C:\WINDOWS\SYSTEM32\USERENV.dll
0x00007ff988bc0000 - 0x00007ff988bcc000 	C:\WINDOWS\SYSTEM32\CRYPTBASE.dll

dbghelp: loaded successfully - version: 4.0.5 - missing functions: none
symbol engine: initialized successfully - sym options: 0x614 - pdb path: .;C:\Program Files\Java\jdk-11.0.7\bin;C:\WINDOWS\SYSTEM32;C:\WINDOWS\WinSxS\amd64_microsoft.windows.common-controls_6595b64144ccf1df_6.0.19041.488_none_ca04af081b815d21;C:\Program Files\Java\jdk-11.0.7\bin\server;C:\Program Files\JetBrains\IntelliJ IDEA Community Edition 2020.2.3\bin

VM Arguments:
jvm_args: -javaagent:C:\Program Files\JetBrains\IntelliJ IDEA Community Edition 2020.2.3\lib\idea_rt.jar=52357:C:\Program Files\JetBrains\IntelliJ IDEA Community Edition 2020.2.3\bin -Dfile.encoding=UTF-8 
java_command: com.direa.zuul.ZuulApplication
java_class_path (initial): C:\Users\user\Desktop\인턴\demo\gateway-demo\zuul (1)\zuul\out\production\classes;C:\Users\user\Desktop\인턴\demo\gateway-demo\zuul (1)\zuul\out\production\resources;C:\Users\user\.gradle\caches\modules-2\files-2.1\org.springframework.cloud\spring-cloud-starter-netflix-eureka-client\2.2.5.RELEASE\35dcbeddd1b800b6044b1173b0894f5535f9898d\spring-cloud-starter-netflix-eureka-client-2.2.5.RELEASE.jar;C:\Users\user\.gradle\caches\modules-2\files-2.1\org.springframework.cloud\spring-cloud-config-client\2.2.5.RELEASE\70febe49a9bc84bf2d139cb67aec7d50c4171567\spring-cloud-config-client-2.2.5.RELEASE.jar;C:\Users\user\.gradle\caches\modules-2\files-2.1\org.springframework.cloud\spring-cloud-starter-netflix-zuul\2.2.5.RELEASE\65b583693228782f1f3ee0f41b76eeb96315021c\spring-cloud-starter-netflix-zuul-2.2.5.RELEASE.jar;C:\Users\user\.gradle\caches\modules-2\files-2.1\org.springframework.boot\spring-boot-starter-actuator\2.3.5.RELEASE\24a9facb9ee0c13f4499b35a9ed70bc8e6c10f5b\spring-boot-starter-actuator-2.3.5.RELEASE.jar;C:\Users\user\.gradle\caches\modules-2\files-2.1\org.springframework.cloud\spring-cloud-starter-netflix-ribbon\2.2.5.RELEASE\f3dadab26eef053f930cbd231eba94222e19cdba\spring-cloud-starter-netflix-ribbon-2.2.5.RELEASE.jar;C:\Users\user\.gradle\caches\modules-2\files-2.1\org.springframework.cloud\spring-cloud-starter-netflix-hystrix-dashboard\2.2.6.RELEASE\31714e8ceba76da2eafd172c396410d09e432b5b\spring-cloud-starter-netflix-hystrix-dashboard-2.2.6.RELEASE.jar;C:\Users\user\.gradle\caches\modules-2\files-2.1\org.springframework.boot\spring-boot-starter-web\2.1.3.RELEASE\e65a0538c3075a0910e7273a9dbedb189761b1ae\spring-boot-starter-web-2.1.3.RELEASE.jar;C:\Users\user\.gradle\caches\modules-2\files-2.1\com.marcosbarbero.cloud\spring-cloud-zuul-ratelimit\1.5.0.RELEASE\836875d46ae31246229d5f11b2026bce58696a44\spring-cloud-zuul-ratelimit-1.5.0.RELEASE.jar;C:\Users\user\.gradle\caches\modules-2\files-2.1\org.springframework.boot\spring-boot-sta
Launcher Type: SUN_STANDARD

[Global flags]
     intx CICompilerCount                          = 3                                         {product} {ergonomic}
     uint ConcGCThreads                            = 1                                         {product} {ergonomic}
     uint G1ConcRefinementThreads                  = 4                                         {product} {ergonomic}
   size_t G1HeapRegionSize                         = 1048576                                   {product} {ergonomic}
    uintx GCDrainStackTargetSize                   = 64                                        {product} {ergonomic}
   size_t InitialHeapSize                          = 134217728                                 {product} {ergonomic}
   size_t MarkStackSize                            = 4194304                                   {product} {ergonomic}
   size_t MaxHeapSize                              = 2118123520                                {product} {ergonomic}
   size_t MaxNewSize                               = 1270874112                                {product} {ergonomic}
   size_t MinHeapDeltaBytes                        = 1048576                                   {product} {ergonomic}
    uintx NonNMethodCodeHeapSize                   = 5830732                                {pd product} {ergonomic}
    uintx NonProfiledCodeHeapSize                  = 122913754                              {pd product} {ergonomic}
    uintx ProfiledCodeHeapSize                     = 122913754                              {pd product} {ergonomic}
    uintx ReservedCodeCacheSize                    = 251658240                              {pd product} {ergonomic}
     bool SegmentedCodeCache                       = true                                      {product} {ergonomic}
     bool UseCompressedClassPointers               = true                                 {lp64_product} {ergonomic}
     bool UseCompressedOops                        = true                                 {lp64_product} {ergonomic}
     bool UseG1GC                                  = true                                      {product} {ergonomic}
     bool UseLargePagesIndividualAllocation        = false                                  {pd product} {ergonomic}

Logging:
Log output configuration:
 #0: stdout all=warning uptime,level,tags
 #1: stderr all=off uptime,level,tags

Environment Variables:
JAVA_HOME=C:\Program Files\Java\jdk-11.0.7
PATH=C:\Program Files (x86)\Common Files\Oracle\Java\javapath;C:\Program Files\Java\jdk-11.0.7;C:\app\user\product\18.0.0\dbhomeXE\bin;C:\Program Files (x86)\NAT Service;C:\ProgramData\Oracle\Java\javapath;C:\Program Files\Microsoft MPI\Bin\;C:\Program Files (x86)\Intel\iCLS Client\;C:\Program Files\Intel\iCLS Client\;C:\WINDOWS\system32;C:\WINDOWS;C:\WINDOWS\System32\Wbem;C:\WINDOWS\System32\WindowsPowerShell\v1.0\;C:\Program Files (x86)\Intel\Intel(R) Management Engine Components\DAL;C:\Program Files\Intel\Intel(R) Management Engine Components\DAL;C:\Program Files (x86)\Intel\Intel(R) Management Engine Components\IPT;C:\Program Files\Intel\Intel(R) Management Engine Components\IPT;C:\Program Files\dotnet\;C:\Program Files (x86)\GtkSharp\2.12\bin;C:\WINDOWS\System32\OpenSSH\;C:\Program Files\Intel\WiFi\bin\;C:\Program Files\Common Files\Intel\WirelessCommon\;C:\apache-maven-3.6.3-bin\apache-maven-3.6.3\bin;C:\Program Files\Java\jdk-11.0.7\bin;C:\Program Files\Git\cmd;C:\Users\user\Miniconda3;C:\Users\user\Miniconda3\Library\mingw-w64\bin;C:\Users\user\Miniconda3\Library\usr\bin;C:\Users\user\Miniconda3\Library\bin;C:\Users\user\Miniconda3\Scripts;C:\Users\user\AppData\Local\Microsoft\WindowsApps;C:\Users\user\AppData\Local\atom\bin;C:\Users\user\Documents\python-3.6.1-embed-amd64;C:\Users\user\AppData\Local\Microsoft\WindowsApps;C:\Users\user\AppData\Local\GitHubDesktop\bin;C:\Users\user\AppData\Local\Programs\Microsoft VS Code\bin;;C:\Program Files\JetBrains\IntelliJ IDEA Community Edition 2020.2.3\bin;
USERNAME=user
OS=Windows_NT
PROCESSOR_IDENTIFIER=Intel64 Family 6 Model 78 Stepping 3, GenuineIntel



---------------  S Y S T E M  ---------------

OS: Windows 10 , 64 bit Build 19041 (10.0.19041.546)

CPU:total 4 (initial active 4) (2 cores per cpu, 2 threads per core) family 6 model 78 stepping 3, cmov, cx8, fxsr, mmx, sse, sse2, sse3, ssse3, sse4.1, sse4.2, popcnt, avx, avx2, aes, clmul, erms, 3dnowpref, lzcnt, ht, tsc, tscinvbit, bmi1, bmi2, adx, fma

Memory: 4k page, system-wide physical 8076M (370M free)
TotalPageFile size 32652M (AvailPageFile size 13M)
current process WorkingSet (physical memory assigned to process): 282M, peak: 285M
current process commit charge ("private bytes"): 339M, peak: 341M

vm_info: Java HotSpot(TM) 64-Bit Server VM (11.0.7+8-LTS) for windows-amd64 JRE (11.0.7+8-LTS), built on Mar 12 2020 02:04:32 by "mach5one" with MS VC++ 15.5 (VS2017)

END.
